  Using 'git status' to determine working set for adaptive non-unity build (E:\school\3rd year\Production\Proto1).
  Creating makefile for CombatArenaEditor (ini files are newer than makefile)
UnrealBuildTool : warning : Couldn't parse '<<<<<<< HEAD' in UnrealBuildTool.ConfigFileSection of E:\school\3rd year\Production\Proto1\CombatArena\Config\DefaultEngine.ini
UnrealBuildTool : warning : Couldn't parse '=======' in UnrealBuildTool.ConfigFileSection of E:\school\3rd year\Production\Proto1\CombatArena\Config\DefaultEngine.ini
UnrealBuildTool : warning : Couldn't parse '>>>>>>> develop' in UnrealBuildTool.ConfigFileSection of E:\school\3rd year\Production\Proto1\CombatArena\Config\DefaultEngine.ini
  Parsing headers for CombatArenaEditor
    Running UnrealHeaderTool "E:\school\3rd year\Production\Proto1\CombatArena\CombatArena.uproject" "E:\school\3rd year\Production\Proto1\CombatArena\Intermediate\Build\Win64\CombatArenaEditor\DebugGame\CombatArenaEditor.uhtmanifest" -LogCmds="loginit warning, logexit warning, logdatabase error" -Unattended -WarningsAsErrors -installed
  Reflection code generated for CombatArenaEditor in 4.987951 seconds
UnrealBuildTool : warning : Couldn't parse '<<<<<<< Updated upstream' in UnrealBuildTool.ConfigFileSection of E:\school\3rd year\Production\Proto1\CombatArena\Saved\Config\Windows\EditorPerProjectUserSettings.ini
UnrealBuildTool : warning : Couldn't parse '=======' in UnrealBuildTool.ConfigFileSection of E:\school\3rd year\Production\Proto1\CombatArena\Saved\Config\Windows\EditorPerProjectUserSettings.ini
UnrealBuildTool : warning : Couldn't parse '>>>>>>> Stashed changes' in UnrealBuildTool.ConfigFileSection of E:\school\3rd year\Production\Proto1\CombatArena\Saved\Config\Windows\EditorPerProjectUserSettings.ini
UnrealBuildTool : warning : Couldn't parse '<<<<<<< Updated upstream' in UnrealBuildTool.ConfigFileSection of E:\school\3rd year\Production\Proto1\CombatArena\Saved\Config\Windows\EditorPerProjectUserSettings.ini
UnrealBuildTool : warning : Couldn't parse '=======' in UnrealBuildTool.ConfigFileSection of E:\school\3rd year\Production\Proto1\CombatArena\Saved\Config\Windows\EditorPerProjectUserSettings.ini
UnrealBuildTool : warning : Couldn't parse '>>>>>>> Stashed changes' in UnrealBuildTool.ConfigFileSection of E:\school\3rd year\Production\Proto1\CombatArena\Saved\Config\Windows\EditorPerProjectUserSettings.ini
UnrealBuildTool : warning : Couldn't parse '<<<<<<< Updated upstream' in UnrealBuildTool.ConfigFileSection of E:\school\3rd year\Production\Proto1\CombatArena\Saved\Config\Windows\EditorPerProjectUserSettings.ini
UnrealBuildTool : warning : Couldn't parse '=======' in UnrealBuildTool.ConfigFileSection of E:\school\3rd year\Production\Proto1\CombatArena\Saved\Config\Windows\EditorPerProjectUserSettings.ini
UnrealBuildTool : warning : Couldn't parse '>>>>>>> Stashed changes' in UnrealBuildTool.ConfigFileSection of E:\school\3rd year\Production\Proto1\CombatArena\Saved\Config\Windows\EditorPerProjectUserSettings.ini
UnrealBuildTool : warning : Couldn't parse '<<<<<<< Updated upstream' in UnrealBuildTool.ConfigFileSection of E:\school\3rd year\Production\Proto1\CombatArena\Saved\Config\Windows\EditorPerProjectUserSettings.ini
UnrealBuildTool : warning : Couldn't parse '=======' in UnrealBuildTool.ConfigFileSection of E:\school\3rd year\Production\Proto1\CombatArena\Saved\Config\Windows\EditorPerProjectUserSettings.ini
UnrealBuildTool : warning : Couldn't parse '>>>>>>> Stashed changes' in UnrealBuildTool.ConfigFileSection of E:\school\3rd year\Production\Proto1\CombatArena\Saved\Config\Windows\EditorPerProjectUserSettings.ini
UnrealBuildTool : warning : Couldn't parse '<<<<<<< Updated upstream' in UnrealBuildTool.ConfigFileSection of E:\school\3rd year\Production\Proto1\CombatArena\Saved\Config\Windows\EditorPerProjectUserSettings.ini
UnrealBuildTool : warning : Couldn't parse '=======' in UnrealBuildTool.ConfigFileSection of E:\school\3rd year\Production\Proto1\CombatArena\Saved\Config\Windows\EditorPerProjectUserSettings.ini
UnrealBuildTool : warning : Couldn't parse '>>>>>>> Stashed changes' in UnrealBuildTool.ConfigFileSection of E:\school\3rd year\Production\Proto1\CombatArena\Saved\Config\Windows\EditorPerProjectUserSettings.ini
UnrealBuildTool : warning : Couldn't parse '<<<<<<< Updated upstream' in UnrealBuildTool.ConfigFileSection of E:\school\3rd year\Production\Proto1\CombatArena\Saved\Config\Windows\EditorPerProjectUserSettings.ini
UnrealBuildTool : warning : Couldn't parse '=======' in UnrealBuildTool.ConfigFileSection of E:\school\3rd year\Production\Proto1\CombatArena\Saved\Config\Windows\EditorPerProjectUserSettings.ini
UnrealBuildTool : warning : Couldn't parse '>>>>>>> Stashed changes' in UnrealBuildTool.ConfigFileSection of E:\school\3rd year\Production\Proto1\CombatArena\Saved\Config\Windows\EditorPerProjectUserSettings.ini
UnrealBuildTool : warning : Couldn't parse '<<<<<<< Updated upstream' in UnrealBuildTool.ConfigFileSection of E:\school\3rd year\Production\Proto1\CombatArena\Saved\Config\Windows\EditorPerProjectUserSettings.ini
UnrealBuildTool : warning : Couldn't parse '=======' in UnrealBuildTool.ConfigFileSection of E:\school\3rd year\Production\Proto1\CombatArena\Saved\Config\Windows\EditorPerProjectUserSettings.ini
UnrealBuildTool : warning : Couldn't parse '>>>>>>> Stashed changes' in UnrealBuildTool.ConfigFileSection of E:\school\3rd year\Production\Proto1\CombatArena\Saved\Config\Windows\EditorPerProjectUserSettings.ini
UnrealBuildTool : warning : Couldn't parse '<<<<<<< Updated upstream' in UnrealBuildTool.ConfigFileSection of E:\school\3rd year\Production\Proto1\CombatArena\Saved\Config\Windows\EditorPerProjectUserSettings.ini
UnrealBuildTool : warning : Couldn't parse '=======' in UnrealBuildTool.ConfigFileSection of E:\school\3rd year\Production\Proto1\CombatArena\Saved\Config\Windows\EditorPerProjectUserSettings.ini
UnrealBuildTool : warning : Couldn't parse '>>>>>>> Stashed changes' in UnrealBuildTool.ConfigFileSection of E:\school\3rd year\Production\Proto1\CombatArena\Saved\Config\Windows\EditorPerProjectUserSettings.ini
UnrealBuildTool : warning : Couldn't parse '<<<<<<< Updated upstream' in UnrealBuildTool.ConfigFileSection of E:\school\3rd year\Production\Proto1\CombatArena\Saved\Config\Windows\EditorPerProjectUserSettings.ini
UnrealBuildTool : warning : Couldn't parse '=======' in UnrealBuildTool.ConfigFileSection of E:\school\3rd year\Production\Proto1\CombatArena\Saved\Config\Windows\EditorPerProjectUserSettings.ini
UnrealBuildTool : warning : Couldn't parse '>>>>>>> Stashed changes' in UnrealBuildTool.ConfigFileSection of E:\school\3rd year\Production\Proto1\CombatArena\Saved\Config\Windows\EditorPerProjectUserSettings.ini
UnrealBuildTool : warning : Couldn't parse '<<<<<<< Updated upstream' in UnrealBuildTool.ConfigFileSection of E:\school\3rd year\Production\Proto1\CombatArena\Saved\Config\Windows\EditorPerProjectUserSettings.ini
UnrealBuildTool : warning : Couldn't parse '=======' in UnrealBuildTool.ConfigFileSection of E:\school\3rd year\Production\Proto1\CombatArena\Saved\Config\Windows\EditorPerProjectUserSettings.ini
UnrealBuildTool : warning : Couldn't parse '>>>>>>> Stashed changes' in UnrealBuildTool.ConfigFileSection of E:\school\3rd year\Production\Proto1\CombatArena\Saved\Config\Windows\EditorPerProjectUserSettings.ini
UnrealBuildTool : warning : Couldn't parse '<<<<<<< Updated upstream' in UnrealBuildTool.ConfigFileSection of E:\school\3rd year\Production\Proto1\CombatArena\Saved\Config\Windows\EditorPerProjectUserSettings.ini
UnrealBuildTool : warning : Couldn't parse '=======' in UnrealBuildTool.ConfigFileSection of E:\school\3rd year\Production\Proto1\CombatArena\Saved\Config\Windows\EditorPerProjectUserSettings.ini
UnrealBuildTool : warning : Couldn't parse '>>>>>>> Stashed changes' in UnrealBuildTool.ConfigFileSection of E:\school\3rd year\Production\Proto1\CombatArena\Saved\Config\Windows\EditorPerProjectUserSettings.ini
UnrealBuildTool : warning : Couldn't parse '<<<<<<< Updated upstream' in UnrealBuildTool.ConfigFileSection of E:\school\3rd year\Production\Proto1\CombatArena\Saved\Config\Windows\EditorPerProjectUserSettings.ini
UnrealBuildTool : warning : Couldn't parse '=======' in UnrealBuildTool.ConfigFileSection of E:\school\3rd year\Production\Proto1\CombatArena\Saved\Config\Windows\EditorPerProjectUserSettings.ini
UnrealBuildTool : warning : Couldn't parse '>>>>>>> Stashed changes' in UnrealBuildTool.ConfigFileSection of E:\school\3rd year\Production\Proto1\CombatArena\Saved\Config\Windows\EditorPerProjectUserSettings.ini
UnrealBuildTool : warning : Couldn't parse '<<<<<<< Updated upstream' in UnrealBuildTool.ConfigFileSection of E:\school\3rd year\Production\Proto1\CombatArena\Saved\Config\Windows\EditorPerProjectUserSettings.ini
UnrealBuildTool : warning : Couldn't parse '=======' in UnrealBuildTool.ConfigFileSection of E:\school\3rd year\Production\Proto1\CombatArena\Saved\Config\Windows\EditorPerProjectUserSettings.ini
UnrealBuildTool : warning : Couldn't parse '>>>>>>> Stashed changes' in UnrealBuildTool.ConfigFileSection of E:\school\3rd year\Production\Proto1\CombatArena\Saved\Config\Windows\EditorPerProjectUserSettings.ini
  Using Visual Studio 2019 14.24.28314 toolchain (C:\Program Files (x86)\Microsoft Visual Studio\2019\Professional\VC\Tools\MSVC\14.24.28314) and Windows 10.0.18362.0 SDK (C:\Program Files (x86)\Windows Kits\10).
  Building 12 actions with 12 processes...
    [1/12] SharedPCH.Engine.NonOptimized.cpp
    [2/12] CombatArena.cpp
    [3/12] CombatArena.init.gen.cpp
    [4/12] SwordBase.cpp
    [5/12] CombatArenaGameMode.cpp
    [6/12] CombatArenaGameMode.gen.cpp
    [7/12] CombatArenaCharacter.gen.cpp
    [8/12] SwordBase.gen.cpp
    [9/12] CombatArenaCharacter.cpp
    [10/12] UE4Editor-CombatArena-Win64-DebugGame.lib
       Creating library E:\school\3rd year\Production\Proto1\CombatArena\Intermediate\Build\Win64\UE4Editor\DebugGame\CombatArena\UE4Editor-CombatArena-Win64-DebugGame.lib and object E:\school\3rd year\Production\Proto1\CombatArena\Intermediate\Build\Win64\UE4Editor\DebugGame\CombatArena\UE4Editor-CombatArena-Win64-DebugGame.exp
    [11/12] UE4Editor-CombatArena-Win64-DebugGame.dll
       Creating library E:\school\3rd year\Production\Proto1\CombatArena\Intermediate\Build\Win64\UE4Editor\DebugGame\CombatArena\UE4Editor-CombatArena-Win64-DebugGame.suppressed.lib and object E:\school\3rd year\Production\Proto1\CombatArena\Intermediate\Build\Win64\UE4Editor\DebugGame\CombatArena\UE4Editor-CombatArena-Win64-DebugGame.suppressed.exp
    [12/12] CombatArenaEditor-Win64-DebugGame.target
  Total time in Parallel executor: 44.08 seconds
  Total execution time: 51.80 seconds
