Log file open, 02/17/20 11:08:00
LogWindows: Failed to load 'aqProf.dll' (GetLastError=126)
LogWindows: File 'aqProf.dll' does not exist
LogWindows: Failed to load 'VtuneApi.dll' (GetLastError=126)
LogWindows: File 'VtuneApi.dll' does not exist
LogWindows: Failed to load 'VtuneApi32e.dll' (GetLastError=126)
LogWindows: File 'VtuneApi32e.dll' does not exist
LogConsoleResponse: Display: Failed to find resolution value strings in scalability ini. Falling back to default.
LogInit: Display: Running engine for game: CombatArena
LogPakFile: Registered encryption key '00000000000000000000000000000000': 0 pak files mounted, 0 remain pending
LogPlatformFile: Not using cached read wrapper
LogTaskGraph: Started task graph with 5 named threads and 35 total threads with 3 sets of task threads.
LogStats: Stats thread started at 0.386269
LogD3D11RHI: Loaded GFSDK_Aftermath_Lib.x64.dll
LogICUInternationalization: ICU TimeZone Detection - Raw Offset: +12:00, Platform Override: ''
LogPluginManager: Mounting plugin Paper2D
LogPluginManager: Mounting plugin AISupport
LogPluginManager: Mounting plugin LightPropagationVolume
LogPluginManager: Mounting plugin ActorLayerUtilities
LogPluginManager: Mounting plugin AnimationSharing
LogPluginManager: Mounting plugin CLionSourceCodeAccess
LogPluginManager: Mounting plugin CodeLiteSourceCodeAccess
LogPluginManager: Mounting plugin GitSourceControl
LogPluginManager: Mounting plugin KDevelopSourceCodeAccess
LogPluginManager: Mounting plugin NullSourceCodeAccess
LogPluginManager: Mounting plugin PerforceSourceControl
LogPluginManager: Mounting plugin SubversionSourceControl
LogPluginManager: Mounting plugin UObjectPlugin
LogPluginManager: Mounting plugin VisualStudioCodeSourceCodeAccess
LogPluginManager: Mounting plugin VisualStudioSourceCodeAccess
LogPluginManager: Mounting plugin XCodeSourceCodeAccess
LogPluginManager: Mounting plugin AssetManagerEditor
LogPluginManager: Mounting plugin CryptoKeys
LogPluginManager: Mounting plugin DataValidation
LogPluginManager: Mounting plugin FacialAnimation
LogPluginManager: Mounting plugin GameplayTagsEditor
LogPluginManager: Mounting plugin MacGraphicsSwitching
LogPluginManager: Mounting plugin MaterialAnalyzer
LogPluginManager: Mounting plugin MobileLauncherProfileWizard
LogPluginManager: Mounting plugin PluginBrowser
LogPluginManager: Mounting plugin SpeedTreeImporter
LogPluginManager: Mounting plugin DatasmithContent
LogPluginManager: Mounting plugin VariantManagerContent
LogPluginManager: Mounting plugin AlembicImporter
LogPluginManager: Mounting plugin AppleImageUtils
LogPluginManager: Mounting plugin AppleVision
LogPluginManager: Mounting plugin BackChannel
LogPluginManager: Mounting plugin CharacterAI
LogPluginManager: Mounting plugin GeometryCache
LogPluginManager: Mounting plugin HTML5Networking
LogPluginManager: Mounting plugin ProxyLODPlugin
LogPluginManager: Mounting plugin SkeletalReduction
LogPluginManager: Mounting plugin MagicLeap
LogPluginManager: Mounting plugin MagicLeapMedia
LogPluginManager: Mounting plugin AndroidMedia
LogPluginManager: Mounting plugin AvfMedia
LogPluginManager: Mounting plugin ImgMedia
LogPluginManager: Mounting plugin LinearTimecode
LogPluginManager: Mounting plugin MediaCompositing
LogPluginManager: Mounting plugin MediaPlayerEditor
LogPluginManager: Mounting plugin WebMMedia
LogPluginManager: Mounting plugin WmfMedia
LogPluginManager: Mounting plugin TcpMessaging
LogPluginManager: Mounting plugin UdpMessaging
LogPluginManager: Mounting plugin ActorSequence
LogPluginManager: Mounting plugin LevelSequenceEditor
LogPluginManager: Mounting plugin MatineeToLevelSequence
LogPluginManager: Mounting plugin NetcodeUnitTest
LogPluginManager: Mounting plugin NUTUnrealEngine4
LogPluginManager: Mounting plugin OnlineSubsystemGooglePlay
LogPluginManager: Mounting plugin OnlineSubsystemIOS
LogPluginManager: Mounting plugin OnlineSubsystem
LogPluginManager: Mounting plugin OnlineSubsystemNull
LogPluginManager: Mounting plugin OnlineSubsystemUtils
LogPluginManager: Mounting plugin LauncherChunkInstaller
LogPluginManager: Mounting plugin AndroidDeviceProfileSelector
LogPluginManager: Mounting plugin AndroidMoviePlayer
LogPluginManager: Mounting plugin AndroidPermission
LogPluginManager: Mounting plugin AppleMoviePlayer
LogPluginManager: Mounting plugin ArchVisCharacter
LogPluginManager: Mounting plugin AudioCapture
LogPluginManager: Mounting plugin CableComponent
LogPluginManager: Mounting plugin CustomMeshComponent
LogPluginManager: Mounting plugin EditableMesh
LogPluginManager: Mounting plugin ExampleDeviceProfileSelector
LogPluginManager: Mounting plugin Firebase
LogPluginManager: Mounting plugin GoogleCloudMessaging
LogPluginManager: Mounting plugin IOSDeviceProfileSelector
LogPluginManager: Mounting plugin LinuxDeviceProfileSelector
LogPluginManager: Mounting plugin LocationServicesBPLibrary
LogPluginManager: Mounting plugin MobilePatchingUtils
LogPluginManager: Mounting plugin OculusVR
LogPluginManager: Mounting plugin PhysXVehicles
LogPluginManager: Mounting plugin ProceduralMeshComponent
LogPluginManager: Mounting plugin RuntimePhysXCooking
LogPluginManager: Mounting plugin SignificanceManager
LogPluginManager: Mounting plugin SteamVR
LogPluginManager: Mounting plugin WebMMoviePlayer
LogPluginManager: Mounting plugin WindowsMoviePlayer
LogInit: Using libcurl 7.55.1-DEV
LogInit:  - built for x86_64-pc-win32
LogInit:  - supports SSL with OpenSSL/1.1.1
LogInit:  - supports HTTP deflate (compression) using libz 1.2.8
LogInit:  - other features:
LogInit:      CURL_VERSION_SSL
LogInit:      CURL_VERSION_LIBZ
LogInit:      CURL_VERSION_IPV6
LogInit:      CURL_VERSION_ASYNCHDNS
LogInit:      CURL_VERSION_LARGEFILE
LogInit:      CURL_VERSION_IDN
LogInit:  CurlRequestOptions (configurable via config and command line):
LogInit:  - bVerifyPeer = true  - Libcurl will verify peer certificate
LogInit:  - bUseHttpProxy = false  - Libcurl will NOT use HTTP proxy
LogInit:  - bDontReuseConnections = false  - Libcurl will reuse connections
LogInit:  - MaxHostConnections = 16  - Libcurl will limit the number of connections to a host
LogInit:  - LocalHostAddr = Default
LogInit:  - BufferSize = 65536
LogInit: WinSock: version 1.1 (2.2), MaxSocks=32767, MaxUdp=65467
LogInit: Build: ++UE4+Release-4.22-CL-7053642
LogInit: Engine Version: 4.22.3-7053642+++UE4+Release-4.22
LogInit: Compatible Engine Version: 4.22.0-5660361+++UE4+Release-4.22
LogInit: Net CL: 5660361
LogInit: OS: Windows 10 (Release 1909) (), CPU: Intel(R) Core(TM) i7-8700 CPU @ 3.20GHz, GPU: NVIDIA GeForce RTX 2080
LogInit: Compiled (64-bit): Jun 18 2019 03:09:11
LogInit: Compiled with Visual C++: 19.16.27025.01
LogInit: Build Configuration: Development
LogInit: Branch Name: ++UE4+Release-4.22
LogInit: Command Line: 
LogInit: Base Directory: D:/Unreal/UE_4.22/Engine/Binaries/Win64/
LogInit: Installed Engine Build: 1
LogDevObjectVersion: Number of dev versions registered: 23
LogDevObjectVersion:   Dev-Blueprints (B0D832E4-1F89-4F0D-ACCF-7EB736FD4AA2): 10
LogDevObjectVersion:   Dev-Build (E1C64328-A22C-4D53-A36C-8E866417BD8C): 0
LogDevObjectVersion:   Dev-Core (375EC13C-06E4-48FB-B500-84F0262A717E): 3
LogDevObjectVersion:   Dev-Editor (E4B068ED-F494-42E9-A231-DA0B2E46BB41): 30
LogDevObjectVersion:   Dev-Framework (CFFC743F-43B0-4480-9391-14DF171D2073): 35
LogDevObjectVersion:   Dev-Mobile (B02B49B5-BB20-44E9-A304-32B752E40360): 2
LogDevObjectVersion:   Dev-Networking (A4E4105C-59A1-49B5-A7C5-40C4547EDFEE): 0
LogDevObjectVersion:   Dev-Online (39C831C9-5AE6-47DC-9A44-9C173E1C8E7C): 0
LogDevObjectVersion:   Dev-Physics (78F01B33-EBEA-4F98-B9B4-84EACCB95AA2): 0
LogDevObjectVersion:   Dev-Platform (6631380F-2D4D-43E0-8009-CF276956A95A): 0
LogDevObjectVersion:   Dev-Rendering (12F88B9F-8875-4AFC-A67C-D90C383ABD29): 28
LogDevObjectVersion:   Dev-Sequencer (7B5AE74C-D270-4C10-A958-57980B212A5A): 11
LogDevObjectVersion:   Dev-VR (D7296918-1DD6-4BDD-9DE2-64A83CC13884): 2
LogDevObjectVersion:   Dev-LoadTimes (C2A15278-BFE7-4AFE-6C17-90FF531DF755): 1
LogDevObjectVersion:   Private-Geometry (6EACA3D4-40EC-4CC1-B786-8BED09428FC5): 3
LogDevObjectVersion:   Dev-AnimPhys (29E575DD-E0A3-4627-9D10-D276232CDCEA): 17
LogDevObjectVersion:   Dev-Anim (AF43A65D-7FD3-4947-9873-3E8ED9C1BB05): 2
LogDevObjectVersion:   Dev-ReflectionCapture (6B266CEC-1EC7-4B8F-A30B-E4D90942FC07): 1
LogDevObjectVersion:   Dev-Automation (0DF73D61-A23F-47EA-B727-89E90C41499A): 1
LogDevObjectVersion:   FortniteMain (601D1886-AC64-4F84-AA16-D3DE0DEAC7D6): 25
LogDevObjectVersion:   Dev-Enterprise (9DFFBCD6-494F-0158-E221-12823C92A888): 6
LogDevObjectVersion:   Dev-Niagara (F2AED0AC-9AFE-416F-8664-AA7FFA26D6FC): 1
LogDevObjectVersion:   Dev-Destruction (174F1F0B-B4C6-45A5-B13F-2EE8D0FB917D): 2
LogInit: Presizing for max 16777216 objects, including 0 objects not considered by GC, pre-allocating 0 bytes for permanent pool.
LogInit: Object subsystem initialized
LogConfig: Setting CVar [[con.DebugEarlyDefault:1]]
LogConfig: Setting CVar [[r.setres:1280x720]]
[2020.02.16-22.08.01:281][  0]LogConfig: Setting CVar [[r.VSync:0]]
[2020.02.16-22.08.01:281][  0]LogConfig: Setting CVar [[r.RHICmdBypass:0]]
[2020.02.16-22.08.01:281][  0]LogConfig: Applying CVar settings from Section [/Script/Engine.RendererSettings] File [E:/school/3rd year/Production/Proto1/CombatArena/Saved/Config/Windows/Engine.ini]
[2020.02.16-22.08.01:281][  0]LogConfig: Setting CVar [[r.GPUCrashDebugging:0]]
[2020.02.16-22.08.01:281][  0]LogConfig: Applying CVar settings from Section [/Script/Engine.RendererOverrideSettings] File [E:/school/3rd year/Production/Proto1/CombatArena/Saved/Config/Windows/Engine.ini]
[2020.02.16-22.08.01:281][  0]LogConfig: Applying CVar settings from Section [/Script/Engine.StreamingSettings] File [E:/school/3rd year/Production/Proto1/CombatArena/Saved/Config/Windows/Engine.ini]
[2020.02.16-22.08.01:281][  0]LogConfig: Setting CVar [[s.MinBulkDataSizeForAsyncLoading:131072]]
[2020.02.16-22.08.01:281][  0]LogConfig: Setting CVar [[s.AsyncLoadingThreadEnabled:0]]
[2020.02.16-22.08.01:281][  0]LogConfig: Setting CVar [[s.EventDrivenLoaderEnabled:1]]
[2020.02.16-22.08.01:281][  0]LogConfig: Setting CVar [[s.WarnIfTimeLimitExceeded:0]]
[2020.02.16-22.08.01:281][  0]LogConfig: Setting CVar [[s.TimeLimitExceededMultiplier:1.5]]
[2020.02.16-22.08.01:281][  0]LogConfig: Setting CVar [[s.TimeLimitExceededMinTime:0.005]]
[2020.02.16-22.08.01:281][  0]LogConfig: Setting CVar [[s.UseBackgroundLevelStreaming:1]]
[2020.02.16-22.08.01:281][  0]LogConfig: Setting CVar [[s.PriorityAsyncLoadingExtraTime:15.0]]
[2020.02.16-22.08.01:281][  0]LogConfig: Setting CVar [[s.LevelStreamingActorsUpdateTimeLimit:5.0]]
[2020.02.16-22.08.01:281][  0]LogConfig: Setting CVar [[s.PriorityLevelStreamingActorsUpdateExtraTime:5.0]]
[2020.02.16-22.08.01:281][  0]LogConfig: Setting CVar [[s.LevelStreamingComponentsRegistrationGranularity:10]]
[2020.02.16-22.08.01:281][  0]LogConfig: Setting CVar [[s.UnregisterComponentsTimeLimit:1.0]]
[2020.02.16-22.08.01:281][  0]LogConfig: Setting CVar [[s.LevelStreamingComponentsUnregistrationGranularity:5]]
[2020.02.16-22.08.01:281][  0]LogConfig: Applying CVar settings from Section [/Script/Engine.GarbageCollectionSettings] File [E:/school/3rd year/Production/Proto1/CombatArena/Saved/Config/Windows/Engine.ini]
[2020.02.16-22.08.01:281][  0]LogConfig: Setting CVar [[gc.MaxObjectsNotConsideredByGC:1]]
[2020.02.16-22.08.01:281][  0]LogConfig: Setting CVar [[gc.SizeOfPermanentObjectPool:0]]
[2020.02.16-22.08.01:281][  0]LogConfig: Setting CVar [[gc.FlushStreamingOnGC:0]]
[2020.02.16-22.08.01:281][  0]LogConfig: Setting CVar [[gc.NumRetriesBeforeForcingGC:10]]
[2020.02.16-22.08.01:281][  0]LogConfig: Setting CVar [[gc.AllowParallelGC:1]]
[2020.02.16-22.08.01:281][  0]LogConfig: Setting CVar [[gc.TimeBetweenPurgingPendingKillObjects:61.1]]
[2020.02.16-22.08.01:281][  0]LogConfig: Setting CVar [[gc.MaxObjectsInEditor:16777216]]
[2020.02.16-22.08.01:281][  0]LogConfig: Setting CVar [[gc.IncrementalBeginDestroyEnabled:1]]
[2020.02.16-22.08.01:281][  0]LogConfig: Setting CVar [[gc.CreateGCClusters:1]]
[2020.02.16-22.08.01:281][  0]LogConfig: Setting CVar [[gc.MinGCClusterSize:5]]
[2020.02.16-22.08.01:281][  0]LogConfig: Setting CVar [[gc.ActorClusteringEnabled:0]]
[2020.02.16-22.08.01:281][  0]LogConfig: Setting CVar [[gc.BlueprintClusteringEnabled:0]]
[2020.02.16-22.08.01:281][  0]LogConfig: Setting CVar [[gc.UseDisregardForGCOnDedicatedServers:0]]
[2020.02.16-22.08.01:281][  0]LogConfig: Applying CVar settings from Section [/Script/Engine.NetworkSettings] File [E:/school/3rd year/Production/Proto1/CombatArena/Saved/Config/Windows/Engine.ini]
[2020.02.16-22.08.01:281][  0]LogConfig: Applying CVar settings from Section [/Script/UnrealEd.CookerSettings] File [E:/school/3rd year/Production/Proto1/CombatArena/Saved/Config/Windows/Engine.ini]
[2020.02.16-22.08.01:284][  0]LogConfig: Applying CVar settings from Section [ViewDistanceQuality@3] File [E:/school/3rd year/Production/Proto1/CombatArena/Saved/Config/Windows/Scalability.ini]
[2020.02.16-22.08.01:284][  0]LogConfig: Setting CVar [[r.SkeletalMeshLODBias:0]]
[2020.02.16-22.08.01:284][  0]LogConfig: Setting CVar [[r.ViewDistanceScale:1.0]]
[2020.02.16-22.08.01:284][  0]LogConfig: Applying CVar settings from Section [AntiAliasingQuality@3] File [E:/school/3rd year/Production/Proto1/CombatArena/Saved/Config/Windows/Scalability.ini]
[2020.02.16-22.08.01:284][  0]LogConfig: Setting CVar [[r.PostProcessAAQuality:4]]
[2020.02.16-22.08.01:284][  0]LogConfig: Applying CVar settings from Section [ShadowQuality@3] File [E:/school/3rd year/Production/Proto1/CombatArena/Saved/Config/Windows/Scalability.ini]
[2020.02.16-22.08.01:284][  0]LogConfig: Setting CVar [[r.LightFunctionQuality:1]]
[2020.02.16-22.08.01:284][  0]LogConfig: Setting CVar [[r.ShadowQuality:5]]
[2020.02.16-22.08.01:285][  0]LogConfig: Setting CVar [[r.Shadow.CSM.MaxCascades:10]]
[2020.02.16-22.08.01:285][  0]LogConfig: Setting CVar [[r.Shadow.MaxResolution:2048]]
[2020.02.16-22.08.01:285][  0]LogConfig: Setting CVar [[r.Shadow.MaxCSMResolution:2048]]
[2020.02.16-22.08.01:285][  0]LogConfig: Setting CVar [[r.Shadow.RadiusThreshold:0.01]]
[2020.02.16-22.08.01:285][  0]LogConfig: Setting CVar [[r.Shadow.DistanceScale:1.0]]
[2020.02.16-22.08.01:285][  0]LogConfig: Setting CVar [[r.Shadow.CSM.TransitionScale:1.0]]
[2020.02.16-22.08.01:285][  0]LogConfig: Setting CVar [[r.Shadow.PreShadowResolutionFactor:1.0]]
[2020.02.16-22.08.01:285][  0]LogConfig: Setting CVar [[r.DistanceFieldShadowing:1]]
[2020.02.16-22.08.01:285][  0]LogConfig: Setting CVar [[r.DistanceFieldAO:1]]
[2020.02.16-22.08.01:285][  0]LogConfig: Setting CVar [[r.AOQuality:2]]
[2020.02.16-22.08.01:285][  0]LogConfig: Setting CVar [[r.VolumetricFog:1]]
[2020.02.16-22.08.01:285][  0]LogConfig: Setting CVar [[r.VolumetricFog.GridPixelSize:8]]
[2020.02.16-22.08.01:285][  0]LogConfig: Setting CVar [[r.VolumetricFog.GridSizeZ:128]]
[2020.02.16-22.08.01:285][  0]LogConfig: Setting CVar [[r.VolumetricFog.HistoryMissSupersampleCount:4]]
[2020.02.16-22.08.01:285][  0]LogConfig: Setting CVar [[r.LightMaxDrawDistanceScale:1]]
[2020.02.16-22.08.01:285][  0]LogConfig: Setting CVar [[r.CapsuleShadows:1]]
[2020.02.16-22.08.01:285][  0]LogConfig: Applying CVar settings from Section [PostProcessQuality@3] File [E:/school/3rd year/Production/Proto1/CombatArena/Saved/Config/Windows/Scalability.ini]
[2020.02.16-22.08.01:285][  0]LogConfig: Setting CVar [[r.MotionBlurQuality:4]]
[2020.02.16-22.08.01:285][  0]LogConfig: Setting CVar [[r.AmbientOcclusionMipLevelFactor:0.4]]
[2020.02.16-22.08.01:285][  0]LogConfig: Setting CVar [[r.AmbientOcclusionMaxQuality:100]]
[2020.02.16-22.08.01:285][  0]LogConfig: Setting CVar [[r.AmbientOcclusionLevels:-1]]
[2020.02.16-22.08.01:285][  0]LogConfig: Setting CVar [[r.AmbientOcclusionRadiusScale:1.0]]
[2020.02.16-22.08.01:285][  0]LogConfig: Setting CVar [[r.DepthOfFieldQuality:2]]
[2020.02.16-22.08.01:285][  0]LogConfig: Setting CVar [[r.RenderTargetPoolMin:400]]
[2020.02.16-22.08.01:285][  0]LogConfig: Setting CVar [[r.LensFlareQuality:2]]
[2020.02.16-22.08.01:285][  0]LogConfig: Setting CVar [[r.SceneColorFringeQuality:1]]
[2020.02.16-22.08.01:285][  0]LogConfig: Setting CVar [[r.EyeAdaptationQuality:2]]
[2020.02.16-22.08.01:285][  0]LogConfig: Setting CVar [[r.BloomQuality:5]]
[2020.02.16-22.08.01:285][  0]LogConfig: Setting CVar [[r.FastBlurThreshold:100]]
[2020.02.16-22.08.01:285][  0]LogConfig: Setting CVar [[r.Upscale.Quality:3]]
[2020.02.16-22.08.01:285][  0]LogConfig: Setting CVar [[r.Tonemapper.GrainQuantization:1]]
[2020.02.16-22.08.01:285][  0]LogConfig: Setting CVar [[r.LightShaftQuality:1]]
[2020.02.16-22.08.01:285][  0]LogConfig: Setting CVar [[r.Filter.SizeScale:1]]
[2020.02.16-22.08.01:285][  0]LogConfig: Setting CVar [[r.Tonemapper.Quality:5]]
[2020.02.16-22.08.01:285][  0]LogConfig: Setting CVar [[r.DOF.Gather.AccumulatorQuality:1        ; higher gathering accumulator quality]]
[2020.02.16-22.08.01:285][  0]LogConfig: Setting CVar [[r.DOF.Gather.PostfilterMethod:1          ; Median3x3 postfilering method]]
[2020.02.16-22.08.01:285][  0]LogConfig: Setting CVar [[r.DOF.Gather.EnableBokehSettings:0       ; no bokeh simulation when gathering]]
[2020.02.16-22.08.01:285][  0]LogConfig: Setting CVar [[r.DOF.Gather.RingCount:4                 ; medium number of samples when gathering]]
[2020.02.16-22.08.01:285][  0]LogConfig: Setting CVar [[r.DOF.Scatter.ForegroundCompositing:1    ; additive foreground scattering]]
[2020.02.16-22.08.01:285][  0]LogConfig: Setting CVar [[r.DOF.Scatter.BackgroundCompositing:2    ; additive background scattering]]
[2020.02.16-22.08.01:285][  0]LogConfig: Setting CVar [[r.DOF.Scatter.EnableBokehSettings:1      ; bokeh simulation when scattering]]
[2020.02.16-22.08.01:285][  0]LogConfig: Setting CVar [[r.DOF.Scatter.MaxSpriteRatio:0.1         ; only a maximum of 10% of scattered bokeh]]
[2020.02.16-22.08.01:285][  0]LogConfig: Setting CVar [[r.DOF.Recombine.Quality:1                ; cheap slight out of focus]]
[2020.02.16-22.08.01:285][  0]LogConfig: Setting CVar [[r.DOF.Recombine.EnableBokehSettings:0    ; no bokeh simulation on slight out of focus]]
[2020.02.16-22.08.01:285][  0]LogConfig: Setting CVar [[r.DOF.TemporalAAQuality:1                ; more stable temporal accumulation]]
[2020.02.16-22.08.01:285][  0]LogConfig: Setting CVar [[r.DOF.Kernel.MaxForegroundRadius:0.025]]
[2020.02.16-22.08.01:285][  0]LogConfig: Setting CVar [[r.DOF.Kernel.MaxBackgroundRadius:0.025]]
[2020.02.16-22.08.01:285][  0]LogConfig: Applying CVar settings from Section [TextureQuality@3] File [E:/school/3rd year/Production/Proto1/CombatArena/Saved/Config/Windows/Scalability.ini]
[2020.02.16-22.08.01:285][  0]LogConfig: Setting CVar [[r.Streaming.MipBias:0]]
[2020.02.16-22.08.01:285][  0]LogConfig: Setting CVar [[r.Streaming.AmortizeCPUToGPUCopy:0]]
[2020.02.16-22.08.01:285][  0]LogConfig: Setting CVar [[r.Streaming.MaxNumTexturesToStreamPerFrame:0]]
[2020.02.16-22.08.01:285][  0]LogConfig: Setting CVar [[r.Streaming.Boost:1]]
[2020.02.16-22.08.01:285][  0]LogConfig: Setting CVar [[r.MaxAnisotropy:8]]
[2020.02.16-22.08.01:285][  0]LogConfig: Setting CVar [[r.Streaming.LimitPoolSizeToVRAM:0]]
[2020.02.16-22.08.01:285][  0]LogConfig: Setting CVar [[r.Streaming.PoolSize:1000]]
[2020.02.16-22.08.01:285][  0]LogConfig: Setting CVar [[r.Streaming.MaxEffectiveScreenSize:0]]
[2020.02.16-22.08.01:285][  0]LogConfig: Applying CVar settings from Section [EffectsQuality@3] File [E:/school/3rd year/Production/Proto1/CombatArena/Saved/Config/Windows/Scalability.ini]
[2020.02.16-22.08.01:285][  0]LogConfig: Setting CVar [[r.TranslucencyLightingVolumeDim:64]]
[2020.02.16-22.08.01:285][  0]LogConfig: Setting CVar [[r.RefractionQuality:2]]
[2020.02.16-22.08.01:285][  0]LogConfig: Setting CVar [[r.SSR.Quality:3]]
[2020.02.16-22.08.01:285][  0]LogConfig: Setting CVar [[r.SceneColorFormat:4]]
[2020.02.16-22.08.01:285][  0]LogConfig: Setting CVar [[r.DetailMode:2]]
[2020.02.16-22.08.01:285][  0]LogConfig: Setting CVar [[r.TranslucencyVolumeBlur:1]]
[2020.02.16-22.08.01:285][  0]LogConfig: Setting CVar [[r.MaterialQualityLevel:1 ; High quality]]
[2020.02.16-22.08.01:285][  0]LogConfig: Setting CVar [[r.SSS.Scale:1]]
[2020.02.16-22.08.01:285][  0]LogConfig: Setting CVar [[r.SSS.SampleSet:2]]
[2020.02.16-22.08.01:285][  0]LogConfig: Setting CVar [[r.SSS.Quality:1]]
[2020.02.16-22.08.01:285][  0]LogConfig: Setting CVar [[r.SSS.HalfRes:1]]
[2020.02.16-22.08.01:285][  0]LogConfig: Setting CVar [[r.EmitterSpawnRateScale:1.0]]
[2020.02.16-22.08.01:285][  0]LogConfig: Setting CVar [[r.ParticleLightQuality:2]]
[2020.02.16-22.08.01:285][  0]LogConfig: Applying CVar settings from Section [FoliageQuality@3] File [E:/school/3rd year/Production/Proto1/CombatArena/Saved/Config/Windows/Scalability.ini]
[2020.02.16-22.08.01:285][  0]LogConfig: Setting CVar [[foliage.DensityScale:1.0]]
[2020.02.16-22.08.01:285][  0]LogConfig: Setting CVar [[grass.DensityScale:1.0]]
[2020.02.16-22.08.01:285][  0]LogInit: Selected Device Profile: [Windows]
[2020.02.16-22.08.01:285][  0]LogInit: Applying CVar settings loaded from the selected device profile: [Windows]
[2020.02.16-22.08.01:320][  0]LogHAL: Display: Platform has ~ 32 GB [34122706944 / 34359738368 / 32], which maps to Largest [LargestMinGB=32, LargerMinGB=12, DefaultMinGB=8, SmallerMinGB=6, SmallestMinGB=0)
[2020.02.16-22.08.01:320][  0]LogConfig: Setting CVar [[r.Vulkan.UseRealUBs:0		; Required until we fix HLR fall-out]]
[2020.02.16-22.08.01:320][  0]LogInit: Going up to parent DeviceProfile []
[2020.02.16-22.08.01:320][  0]LogConfig: Applying CVar settings from Section [ViewDistanceQuality@3] File [E:/school/3rd year/Production/Proto1/CombatArena/Saved/Config/Windows/Scalability.ini]
[2020.02.16-22.08.01:320][  0]LogConfig: Setting CVar [[r.SkeletalMeshLODBias:0]]
[2020.02.16-22.08.01:320][  0]LogConfig: Setting CVar [[r.ViewDistanceScale:1.0]]
[2020.02.16-22.08.01:320][  0]LogConfig: Applying CVar settings from Section [AntiAliasingQuality@3] File [E:/school/3rd year/Production/Proto1/CombatArena/Saved/Config/Windows/Scalability.ini]
[2020.02.16-22.08.01:320][  0]LogConfig: Setting CVar [[r.PostProcessAAQuality:4]]
[2020.02.16-22.08.01:320][  0]LogConfig: Applying CVar settings from Section [ShadowQuality@3] File [E:/school/3rd year/Production/Proto1/CombatArena/Saved/Config/Windows/Scalability.ini]
[2020.02.16-22.08.01:320][  0]LogConfig: Setting CVar [[r.LightFunctionQuality:1]]
[2020.02.16-22.08.01:320][  0]LogConfig: Setting CVar [[r.ShadowQuality:5]]
[2020.02.16-22.08.01:320][  0]LogConfig: Setting CVar [[r.Shadow.CSM.MaxCascades:10]]
[2020.02.16-22.08.01:320][  0]LogConfig: Setting CVar [[r.Shadow.MaxResolution:2048]]
[2020.02.16-22.08.01:320][  0]LogConfig: Setting CVar [[r.Shadow.MaxCSMResolution:2048]]
[2020.02.16-22.08.01:320][  0]LogConfig: Setting CVar [[r.Shadow.RadiusThreshold:0.01]]
[2020.02.16-22.08.01:320][  0]LogConfig: Setting CVar [[r.Shadow.DistanceScale:1.0]]
[2020.02.16-22.08.01:320][  0]LogConfig: Setting CVar [[r.Shadow.CSM.TransitionScale:1.0]]
[2020.02.16-22.08.01:320][  0]LogConfig: Setting CVar [[r.Shadow.PreShadowResolutionFactor:1.0]]
[2020.02.16-22.08.01:320][  0]LogConfig: Setting CVar [[r.DistanceFieldShadowing:1]]
[2020.02.16-22.08.01:320][  0]LogConfig: Setting CVar [[r.DistanceFieldAO:1]]
[2020.02.16-22.08.01:320][  0]LogConfig: Setting CVar [[r.AOQuality:2]]
[2020.02.16-22.08.01:320][  0]LogConfig: Setting CVar [[r.VolumetricFog:1]]
[2020.02.16-22.08.01:320][  0]LogConfig: Setting CVar [[r.VolumetricFog.GridPixelSize:8]]
[2020.02.16-22.08.01:320][  0]LogConfig: Setting CVar [[r.VolumetricFog.GridSizeZ:128]]
[2020.02.16-22.08.01:320][  0]LogConfig: Setting CVar [[r.VolumetricFog.HistoryMissSupersampleCount:4]]
[2020.02.16-22.08.01:320][  0]LogConfig: Setting CVar [[r.LightMaxDrawDistanceScale:1]]
[2020.02.16-22.08.01:320][  0]LogConfig: Setting CVar [[r.CapsuleShadows:1]]
[2020.02.16-22.08.01:320][  0]LogConfig: Applying CVar settings from Section [PostProcessQuality@3] File [E:/school/3rd year/Production/Proto1/CombatArena/Saved/Config/Windows/Scalability.ini]
[2020.02.16-22.08.01:320][  0]LogConfig: Setting CVar [[r.MotionBlurQuality:4]]
[2020.02.16-22.08.01:320][  0]LogConfig: Setting CVar [[r.AmbientOcclusionMipLevelFactor:0.4]]
[2020.02.16-22.08.01:320][  0]LogConfig: Setting CVar [[r.AmbientOcclusionMaxQuality:100]]
[2020.02.16-22.08.01:320][  0]LogConfig: Setting CVar [[r.AmbientOcclusionLevels:-1]]
[2020.02.16-22.08.01:320][  0]LogConfig: Setting CVar [[r.AmbientOcclusionRadiusScale:1.0]]
[2020.02.16-22.08.01:320][  0]LogConfig: Setting CVar [[r.DepthOfFieldQuality:2]]
[2020.02.16-22.08.01:320][  0]LogConfig: Setting CVar [[r.RenderTargetPoolMin:400]]
[2020.02.16-22.08.01:320][  0]LogConfig: Setting CVar [[r.LensFlareQuality:2]]
[2020.02.16-22.08.01:320][  0]LogConfig: Setting CVar [[r.SceneColorFringeQuality:1]]
[2020.02.16-22.08.01:320][  0]LogConfig: Setting CVar [[r.EyeAdaptationQuality:2]]
[2020.02.16-22.08.01:320][  0]LogConfig: Setting CVar [[r.BloomQuality:5]]
[2020.02.16-22.08.01:320][  0]LogConfig: Setting CVar [[r.FastBlurThreshold:100]]
[2020.02.16-22.08.01:320][  0]LogConfig: Setting CVar [[r.Upscale.Quality:3]]
[2020.02.16-22.08.01:320][  0]LogConfig: Setting CVar [[r.Tonemapper.GrainQuantization:1]]
[2020.02.16-22.08.01:320][  0]LogConfig: Setting CVar [[r.LightShaftQuality:1]]
[2020.02.16-22.08.01:320][  0]LogConfig: Setting CVar [[r.Filter.SizeScale:1]]
[2020.02.16-22.08.01:320][  0]LogConfig: Setting CVar [[r.Tonemapper.Quality:5]]
[2020.02.16-22.08.01:320][  0]LogConfig: Setting CVar [[r.DOF.Gather.AccumulatorQuality:1        ; higher gathering accumulator quality]]
[2020.02.16-22.08.01:320][  0]LogConfig: Setting CVar [[r.DOF.Gather.PostfilterMethod:1          ; Median3x3 postfilering method]]
[2020.02.16-22.08.01:320][  0]LogConfig: Setting CVar [[r.DOF.Gather.EnableBokehSettings:0       ; no bokeh simulation when gathering]]
[2020.02.16-22.08.01:320][  0]LogConfig: Setting CVar [[r.DOF.Gather.RingCount:4                 ; medium number of samples when gathering]]
[2020.02.16-22.08.01:320][  0]LogConfig: Setting CVar [[r.DOF.Scatter.ForegroundCompositing:1    ; additive foreground scattering]]
[2020.02.16-22.08.01:320][  0]LogConfig: Setting CVar [[r.DOF.Scatter.BackgroundCompositing:2    ; additive background scattering]]
[2020.02.16-22.08.01:320][  0]LogConfig: Setting CVar [[r.DOF.Scatter.EnableBokehSettings:1      ; bokeh simulation when scattering]]
[2020.02.16-22.08.01:320][  0]LogConfig: Setting CVar [[r.DOF.Scatter.MaxSpriteRatio:0.1         ; only a maximum of 10% of scattered bokeh]]
[2020.02.16-22.08.01:320][  0]LogConfig: Setting CVar [[r.DOF.Recombine.Quality:1                ; cheap slight out of focus]]
[2020.02.16-22.08.01:320][  0]LogConfig: Setting CVar [[r.DOF.Recombine.EnableBokehSettings:0    ; no bokeh simulation on slight out of focus]]
[2020.02.16-22.08.01:320][  0]LogConfig: Setting CVar [[r.DOF.TemporalAAQuality:1                ; more stable temporal accumulation]]
[2020.02.16-22.08.01:320][  0]LogConfig: Setting CVar [[r.DOF.Kernel.MaxForegroundRadius:0.025]]
[2020.02.16-22.08.01:320][  0]LogConfig: Setting CVar [[r.DOF.Kernel.MaxBackgroundRadius:0.025]]
[2020.02.16-22.08.01:320][  0]LogConfig: Applying CVar settings from Section [TextureQuality@3] File [E:/school/3rd year/Production/Proto1/CombatArena/Saved/Config/Windows/Scalability.ini]
[2020.02.16-22.08.01:320][  0]LogConfig: Setting CVar [[r.Streaming.MipBias:0]]
[2020.02.16-22.08.01:320][  0]LogConfig: Setting CVar [[r.Streaming.AmortizeCPUToGPUCopy:0]]
[2020.02.16-22.08.01:320][  0]LogConfig: Setting CVar [[r.Streaming.MaxNumTexturesToStreamPerFrame:0]]
[2020.02.16-22.08.01:320][  0]LogConfig: Setting CVar [[r.Streaming.Boost:1]]
[2020.02.16-22.08.01:321][  0]LogConfig: Setting CVar [[r.MaxAnisotropy:8]]
[2020.02.16-22.08.01:321][  0]LogConfig: Setting CVar [[r.Streaming.LimitPoolSizeToVRAM:0]]
[2020.02.16-22.08.01:321][  0]LogConfig: Setting CVar [[r.Streaming.PoolSize:1000]]
[2020.02.16-22.08.01:321][  0]LogConfig: Setting CVar [[r.Streaming.MaxEffectiveScreenSize:0]]
[2020.02.16-22.08.01:321][  0]LogConfig: Applying CVar settings from Section [EffectsQuality@3] File [E:/school/3rd year/Production/Proto1/CombatArena/Saved/Config/Windows/Scalability.ini]
[2020.02.16-22.08.01:321][  0]LogConfig: Setting CVar [[r.TranslucencyLightingVolumeDim:64]]
[2020.02.16-22.08.01:321][  0]LogConfig: Setting CVar [[r.RefractionQuality:2]]
[2020.02.16-22.08.01:321][  0]LogConfig: Setting CVar [[r.SSR.Quality:3]]
[2020.02.16-22.08.01:321][  0]LogConfig: Setting CVar [[r.SceneColorFormat:4]]
[2020.02.16-22.08.01:321][  0]LogConfig: Setting CVar [[r.DetailMode:2]]
[2020.02.16-22.08.01:321][  0]LogConfig: Setting CVar [[r.TranslucencyVolumeBlur:1]]
[2020.02.16-22.08.01:321][  0]LogConfig: Setting CVar [[r.MaterialQualityLevel:1 ; High quality]]
[2020.02.16-22.08.01:321][  0]LogConfig: Setting CVar [[r.SSS.Scale:1]]
[2020.02.16-22.08.01:321][  0]LogConfig: Setting CVar [[r.SSS.SampleSet:2]]
[2020.02.16-22.08.01:321][  0]LogConfig: Setting CVar [[r.SSS.Quality:1]]
[2020.02.16-22.08.01:321][  0]LogConfig: Setting CVar [[r.SSS.HalfRes:1]]
[2020.02.16-22.08.01:321][  0]LogConfig: Setting CVar [[r.EmitterSpawnRateScale:1.0]]
[2020.02.16-22.08.01:321][  0]LogConfig: Setting CVar [[r.ParticleLightQuality:2]]
[2020.02.16-22.08.01:321][  0]LogConfig: Applying CVar settings from Section [FoliageQuality@3] File [E:/school/3rd year/Production/Proto1/CombatArena/Saved/Config/Windows/Scalability.ini]
[2020.02.16-22.08.01:321][  0]LogConfig: Setting CVar [[foliage.DensityScale:1.0]]
[2020.02.16-22.08.01:321][  0]LogConfig: Setting CVar [[grass.DensityScale:1.0]]
[2020.02.16-22.08.01:321][  0]LogConfig: Applying CVar settings from Section [Startup] File [../../../Engine/Config/ConsoleVariables.ini]
[2020.02.16-22.08.01:321][  0]LogConfig: Setting CVar [[net.UseAdaptiveNetUpdateFrequency:0]]
[2020.02.16-22.08.01:321][  0]LogConfig: Setting CVar [[p.chaos.AllowCreatePhysxBodies:1]]
[2020.02.16-22.08.01:321][  0]LogConfig: Applying CVar settings from Section [ConsoleVariables] File [E:/school/3rd year/Production/Proto1/CombatArena/Saved/Config/Windows/Engine.ini]
[2020.02.16-22.08.01:321][  0]LogInit: Computer: 1406C008
[2020.02.16-22.08.01:321][  0]LogInit: User: rhyanmcl7998
[2020.02.16-22.08.01:321][  0]LogInit: CPU Page size=4096, Cores=6
[2020.02.16-22.08.01:321][  0]LogInit: High frequency timer resolution =10.000000 MHz
[2020.02.16-22.08.01:321][  0]LogMemory: Memory total: Physical=31.8GB (32GB approx)
[2020.02.16-22.08.01:321][  0]LogMemory: Platform Memory Stats for Windows
[2020.02.16-22.08.01:321][  0]LogMemory: Process Physical Memory: 97.62 MB used, 97.63 MB peak
[2020.02.16-22.08.01:321][  0]LogMemory: Process Virtual Memory: 90.04 MB used, 90.04 MB peak
[2020.02.16-22.08.01:321][  0]LogMemory: Physical Memory: 6225.36 MB used,  26316.59 MB free, 32541.95 MB total
[2020.02.16-22.08.01:321][  0]LogMemory: Virtual Memory: 4660.46 MB used,  134213064.00 MB free, 134217728.00 MB total
[2020.02.16-22.08.01:333][  0]LogInit: Using OS detected language (en-US).
[2020.02.16-22.08.01:333][  0]LogInit: Using OS detected locale (en-NZ).
[2020.02.16-22.08.01:334][  0]LogTextLocalizationManager: No specific localization for 'en-US' exists, so the 'en' localization will be used.
[2020.02.16-22.08.01:452][  0]LogInit: Setting process to per monitor DPI aware
[2020.02.16-22.08.01:475][  0]LogSlate: New Slate User Created.  User Index 0, Is Virtual User: 0
[2020.02.16-22.08.01:475][  0]LogSlate: Slate User Registered.  User Index 0, Is Virtual User: 0
[2020.02.16-22.08.01:593][  0]LogHMD: Failed to initialize OpenVR with code 110
[2020.02.16-22.08.01:593][  0]LogD3D11RHI: D3D11 adapters:
[2020.02.16-22.08.01:654][  0]LogD3D11RHI:    0. 'NVIDIA GeForce RTX 2080' (Feature Level 11_0)
[2020.02.16-22.08.01:654][  0]LogD3D11RHI:       8010/0/16270 MB DedicatedVideo/DedicatedSystem/SharedSystem, Outputs:2, VendorId:0x10de
[2020.02.16-22.08.01:682][  0]LogD3D11RHI:    1. 'Intel(R) UHD Graphics 630' (Feature Level 11_0)
[2020.02.16-22.08.01:682][  0]LogD3D11RHI:       128/0/16270 MB DedicatedVideo/DedicatedSystem/SharedSystem, Outputs:0, VendorId:0x8086
[2020.02.16-22.08.01:684][  0]LogD3D11RHI:    2. 'Microsoft Basic Render Driver' (Feature Level 11_0)
[2020.02.16-22.08.01:684][  0]LogD3D11RHI:       0/0/16270 MB DedicatedVideo/DedicatedSystem/SharedSystem, Outputs:0, VendorId:0x1414
[2020.02.16-22.08.01:684][  0]LogD3D11RHI: Chosen D3D11 Adapter: 0
[2020.02.16-22.08.01:689][  0]LogD3D11RHI: Creating new Direct3DDevice
[2020.02.16-22.08.01:689][  0]LogD3D11RHI:     GPU DeviceId: 0x1e82 (for the marketing name, search the web for "GPU Device Id")
[2020.02.16-22.08.01:689][  0]LogWindows: EnumDisplayDevices:
[2020.02.16-22.08.01:689][  0]LogWindows:    0. 'NVIDIA GeForce RTX 2080' (P:1 D:1)
[2020.02.16-22.08.01:689][  0]LogWindows:    1. 'NVIDIA GeForce RTX 2080' (P:0 D:1)
[2020.02.16-22.08.01:689][  0]LogWindows:    2. 'NVIDIA GeForce RTX 2080' (P:0 D:0)
[2020.02.16-22.08.01:690][  0]LogWindows:    3. 'NVIDIA GeForce RTX 2080' (P:0 D:0)
[2020.02.16-22.08.01:690][  0]LogWindows:    4. 'Intel(R) UHD Graphics 630' (P:0 D:0)
[2020.02.16-22.08.01:690][  0]LogWindows:    5. 'Intel(R) UHD Graphics 630' (P:0 D:0)
[2020.02.16-22.08.01:690][  0]LogWindows:    6. 'Intel(R) UHD Graphics 630' (P:0 D:0)
[2020.02.16-22.08.01:690][  0]LogWindows:    7. 'Mirage Driver' (P:0 D:0)
[2020.02.16-22.08.01:691][  0]LogWindows: DebugString: PrimaryIsNotTheChoosenAdapter PrimaryIsNotTheChoosenAdapter PrimaryIsNotTheChoosenAdapter GetVideoDriverDetailsInvalid PrimaryIsNotTheChoosenAdapter FoundDriverCount:4 
[2020.02.16-22.08.01:691][  0]LogD3D11RHI:     Adapter Name: NVIDIA GeForce RTX 2080
[2020.02.16-22.08.01:691][  0]LogD3D11RHI:   Driver Version: 431.23 (internal:26.21.14.3123, unified:431.23)
[2020.02.16-22.08.01:691][  0]LogD3D11RHI:      Driver Date: 6-24-2019
[2020.02.16-22.08.01:691][  0]LogRHI: Texture pool is 5607 MB (70% of 8010 MB)
[2020.02.16-22.08.01:727][  0]LogD3D11RHI: Async texture creation enabled
[2020.02.16-22.08.01:730][  0]LogRendererCore: FGlobalReadBuffer::InitRHI
[2020.02.16-22.08.01:730][  0]LogRendererCore: FGlobalReadBuffer::InitRHI
[2020.02.16-22.08.01:730][  0]LogRendererCore: FGlobalReadBuffer::InitRHI
[2020.02.16-22.08.01:738][  0]LogD3D11RHI: GPU Timing Frequency: 1000.000000 (Debug: 2 1)
[2020.02.16-22.08.02:034][  0]LogTemp: Display: Module 'AllDesktopTargetPlatform' loaded TargetPlatform 'AllDesktop'
[2020.02.16-22.08.02:044][  0]LogTemp: Display: Module 'MacClientTargetPlatform' loaded TargetPlatform 'MacClient'
[2020.02.16-22.08.02:055][  0]LogTemp: Display: Module 'MacNoEditorTargetPlatform' loaded TargetPlatform 'MacNoEditor'
[2020.02.16-22.08.02:065][  0]LogTemp: Display: Module 'MacServerTargetPlatform' loaded TargetPlatform 'MacServer'
[2020.02.16-22.08.02:075][  0]LogTemp: Display: Module 'MacTargetPlatform' loaded TargetPlatform 'Mac'
[2020.02.16-22.08.02:086][  0]LogTemp: Display: Module 'WindowsClientTargetPlatform' loaded TargetPlatform 'WindowsClient'
[2020.02.16-22.08.02:096][  0]LogTemp: Display: Module 'WindowsNoEditorTargetPlatform' loaded TargetPlatform 'WindowsNoEditor'
[2020.02.16-22.08.02:106][  0]LogTemp: Display: Module 'WindowsServerTargetPlatform' loaded TargetPlatform 'WindowsServer'
[2020.02.16-22.08.02:110][  0]LogTemp: Display: Module 'WindowsTargetPlatform' loaded TargetPlatform 'Windows'
[2020.02.16-22.08.02:170][  0]LogTemp: Display: Module 'AndroidTargetPlatform' loaded TargetPlatform 'Android'
[2020.02.16-22.08.02:170][  0]LogTemp: Display: Module 'AndroidTargetPlatform' loaded TargetPlatform 'Android_ASTC'
[2020.02.16-22.08.02:170][  0]LogTemp: Display: Module 'AndroidTargetPlatform' loaded TargetPlatform 'Android_ATC'
[2020.02.16-22.08.02:170][  0]LogTemp: Display: Module 'AndroidTargetPlatform' loaded TargetPlatform 'Android_DXT'
[2020.02.16-22.08.02:170][  0]LogTemp: Display: Module 'AndroidTargetPlatform' loaded TargetPlatform 'Android_ETC1'
[2020.02.16-22.08.02:170][  0]LogTemp: Display: Module 'AndroidTargetPlatform' loaded TargetPlatform 'Android_ETC1a'
[2020.02.16-22.08.02:170][  0]LogTemp: Display: Module 'AndroidTargetPlatform' loaded TargetPlatform 'Android_ETC2'
[2020.02.16-22.08.02:170][  0]LogTemp: Display: Module 'AndroidTargetPlatform' loaded TargetPlatform 'Android_PVRTC'
[2020.02.16-22.08.02:170][  0]LogTemp: Display: Module 'AndroidTargetPlatform' loaded TargetPlatform 'AndroidClient'
[2020.02.16-22.08.02:170][  0]LogTemp: Display: Module 'AndroidTargetPlatform' loaded TargetPlatform 'Android_ASTCClient'
[2020.02.16-22.08.02:170][  0]LogTemp: Display: Module 'AndroidTargetPlatform' loaded TargetPlatform 'Android_ATCClient'
[2020.02.16-22.08.02:170][  0]LogTemp: Display: Module 'AndroidTargetPlatform' loaded TargetPlatform 'Android_DXTClient'
[2020.02.16-22.08.02:170][  0]LogTemp: Display: Module 'AndroidTargetPlatform' loaded TargetPlatform 'Android_ETC1Client'
[2020.02.16-22.08.02:170][  0]LogTemp: Display: Module 'AndroidTargetPlatform' loaded TargetPlatform 'Android_ETC1aClient'
[2020.02.16-22.08.02:170][  0]LogTemp: Display: Module 'AndroidTargetPlatform' loaded TargetPlatform 'Android_ETC2Client'
[2020.02.16-22.08.02:170][  0]LogTemp: Display: Module 'AndroidTargetPlatform' loaded TargetPlatform 'Android_PVRTCClient'
[2020.02.16-22.08.02:170][  0]LogTemp: Display: Module 'AndroidTargetPlatform' loaded TargetPlatform 'Android_Multi'
[2020.02.16-22.08.02:170][  0]LogTemp: Display: Module 'AndroidTargetPlatform' loaded TargetPlatform 'Android_MultiClient'
[2020.02.16-22.08.02:171][  0]LogTemp: Display: Module 'HTML5TargetPlatform' loaded TargetPlatform 'HTML5'
[2020.02.16-22.08.02:214][  0]LogTemp: Display: Module 'IOSTargetPlatform' loaded TargetPlatform 'IOSClient'
[2020.02.16-22.08.02:214][  0]LogTemp: Display: Module 'IOSTargetPlatform' loaded TargetPlatform 'IOS'
[2020.02.16-22.08.02:232][  0]LogTemp: Display: Module 'TVOSTargetPlatform' loaded TargetPlatform 'TVOSClient'
[2020.02.16-22.08.02:232][  0]LogTemp: Display: Module 'TVOSTargetPlatform' loaded TargetPlatform 'TVOS'
[2020.02.16-22.08.02:242][  0]LogTemp: Display: Module 'LinuxClientTargetPlatform' loaded TargetPlatform 'LinuxClient'
[2020.02.16-22.08.02:251][  0]LogTemp: Display: Module 'LinuxNoEditorTargetPlatform' loaded TargetPlatform 'LinuxNoEditor'
[2020.02.16-22.08.02:261][  0]LogTemp: Display: Module 'LinuxServerTargetPlatform' loaded TargetPlatform 'LinuxServer'
[2020.02.16-22.08.02:271][  0]LogTemp: Display: Module 'LinuxTargetPlatform' loaded TargetPlatform 'Linux'
[2020.02.16-22.08.02:304][  0]LogTemp: Display: Module 'LuminTargetPlatform' loaded TargetPlatform 'Lumin'
[2020.02.16-22.08.02:304][  0]LogTemp: Display: Module 'LuminTargetPlatform' loaded TargetPlatform 'LuminClient'
[2020.02.16-22.08.02:304][  0]LogTargetPlatformManager: Display: Building Assets For Windows
[2020.02.16-22.08.02:309][  0]LogAudioDebug: Display: Lib vorbis DLL was dynamically loaded.
[2020.02.16-22.08.02:336][  0]LogShaderCompilers: Guid format shader working directory is 7 characters bigger than the processId version (E:/school/3rd year/Production/Proto1/CombatArena/Intermediate/Shaders/WorkingDirectory/680/).
[2020.02.16-22.08.02:336][  0]LogShaderCompilers: Cleaned the shader compiler working directory 'D:/Users/rhyan.mcl7998/AppData/Local/Temp/UnrealShaderWorkingDir/822351AB4DC2C1B8F69CCD9A46C2A5D2/'.
[2020.02.16-22.08.02:337][  0]LogXGEController: Cleaning working directory: D:/Users/rhyan.mcl7998/AppData/Local/Temp/UnrealXGEWorkingDir/
[2020.02.16-22.08.02:337][  0]LogXGEController: Cannot use XGE Controller as Incredibuild is not installed on this machine.
[2020.02.16-22.08.02:337][  0]LogShaderCompilers: Cannot use XGE Shader Compiler as Incredibuild is not installed on this machine.
[2020.02.16-22.08.02:337][  0]LogShaderCompilers: Display: Using Local Shader Compiler.
[2020.02.16-22.08.02:795][  0]LogDerivedDataCache: Display: Max Cache Size: 512 MB
[2020.02.16-22.08.02:835][  0]LogDerivedDataCache: Loaded boot cache 0.04s 78MB D:/Users/rhyan.mcl7998/AppData/Local/UnrealEngine/4.22/DerivedDataCache/Boot.ddc.
[2020.02.16-22.08.02:835][  0]LogDerivedDataCache: Display: Loaded Boot cache: D:/Users/rhyan.mcl7998/AppData/Local/UnrealEngine/4.22/DerivedDataCache/Boot.ddc
[2020.02.16-22.08.02:835][  0]LogDerivedDataCache: FDerivedDataBackendGraph:  Pak pak cache file E:/school/3rd year/Production/Proto1/CombatArena/DerivedDataCache/DDC.ddp not found, will not use a pak cache.
[2020.02.16-22.08.02:835][  0]LogDerivedDataCache: Unable to find inner node Pak for hierarchical cache Hierarchy.
[2020.02.16-22.08.02:835][  0]LogDerivedDataCache: FDerivedDataBackendGraph:  CompressedPak pak cache file E:/school/3rd year/Production/Proto1/CombatArena/DerivedDataCache/Compressed.ddp not found, will not use a pak cache.
[2020.02.16-22.08.02:835][  0]LogDerivedDataCache: Unable to find inner node CompressedPak for hierarchical cache Hierarchy.
[2020.02.16-22.08.02:845][  0]LogDerivedDataCache: Display: Pak cache opened for reading ../../../Engine/DerivedDataCache/Compressed.ddp.
[2020.02.16-22.08.02:845][  0]LogDerivedDataCache: FDerivedDataBackendGraph:  EnterprisePak pak cache file ../../../Enterprise/DerivedDataCache/Compressed.ddp not found, will not use a pak cache.
[2020.02.16-22.08.02:845][  0]LogDerivedDataCache: Unable to find inner node EnterprisePak for hierarchical cache Hierarchy.
[2020.02.16-22.08.02:857][  0]LogDerivedDataCache: Using Local data cache path D:/Users/rhyan.mcl7998/AppData/Local/UnrealEngine/Common/DerivedDataCache: Writable
[2020.02.16-22.08.02:857][  0]LogDerivedDataCache: Shared data cache path not found in *engine.ini, will not use an Shared cache.
[2020.02.16-22.08.02:857][  0]LogDerivedDataCache: Unable to find inner node Shared for hierarchical cache Hierarchy.
[2020.02.16-22.08.02:874][  0]LogMaterial: Verifying Global Shaders for PCD3D_SM5
[2020.02.16-22.08.02:875][  0]LogSlate: Using FreeType 2.6.0
[2020.02.16-22.08.02:876][  0]LogSlate: SlateFontServices - WITH_FREETYPE: 1, WITH_HARFBUZZ: 1
[2020.02.16-22.08.02:944][  0]LogAssetRegistry: FAssetRegistry took 0.0312 seconds to start up
[2020.02.16-22.08.03:179][  0]LogInit: Selected Device Profile: [Windows]
[2020.02.16-22.08.03:288][  0]LogMeshReduction: Using QuadricMeshReduction for automatic static mesh reduction
[2020.02.16-22.08.03:288][  0]LogMeshReduction: Using SimplygonMeshReduction for automatic skeletal mesh reduction
[2020.02.16-22.08.03:288][  0]LogMeshReduction: Using ProxyLODMeshReduction for automatic mesh merging
[2020.02.16-22.08.03:288][  0]LogMeshReduction: No distributed automatic mesh merging module available
[2020.02.16-22.08.03:288][  0]LogMeshMerging: No distributed automatic mesh merging module available
[2020.02.16-22.08.03:296][  0]LogNetVersion: CombatArena 1.0.0, NetCL: 5660361, EngineNetVer: 10, GameNetVer: 0 (Checksum: 3729471570)
[2020.02.16-22.08.05:052][  0]LogPackageLocalizationCache: Processed 10 localized package path(s) for 1 prioritized culture(s) in 0.829079 seconds
[2020.02.16-22.08.05:057][  0]LogUObjectArray: 42205 objects as part of root set at end of initial load.
[2020.02.16-22.08.05:057][  0]LogUObjectAllocator: 7325032 out of 0 bytes used by permanent object pool.
[2020.02.16-22.08.05:057][  0]LogUObjectArray: CloseDisregardForGC: 0/0 objects in disregard for GC pool
[2020.02.16-22.08.05:643][  0]LogTcpMessaging: Initializing TcpMessaging bridge
[2020.02.16-22.08.05:655][  0]LogUdpMessaging: Initializing bridge on interface 0.0.0.0:0 to multicast group 230.0.0.1:6666.
[2020.02.16-22.08.05:955][  0]SourceControl: Source control is disabled
[2020.02.16-22.08.05:955][  0]SourceControl: Source control is disabled
[2020.02.16-22.08.05:955][  0]SourceControl: Source control is disabled
[2020.02.16-22.08.05:956][  0]SourceControl: Source control is disabled
[2020.02.16-22.08.06:017][  0]LogAndroidPermission: UAndroidPermissionCallbackProxy::GetInstance
[2020.02.16-22.08.06:080][  0]LogOcInput: OculusInput pre-init called
[2020.02.16-22.08.06:596][  0]LogEngine: Initializing Engine...
[2020.02.16-22.08.06:596][  0]LogHMD: Failed to initialize OpenVR with code 110
[2020.02.16-22.08.06:597][  0]LogStats: UGameplayTagsManager::InitializeManager -  0.000 s
[2020.02.16-22.08.06:752][  0]LogInit: Initializing FReadOnlyCVARCache
[2020.02.16-22.08.06:759][  0]LogAIModule: Creating AISystem for world Untitled
[2020.02.16-22.08.06:774][  0]LogInit: XAudio2 using 'Speaker (Synaptics HD Audio)' : 2 channels at 48 kHz using 32 bits per sample (channel mask 0x3)
[2020.02.16-22.08.06:985][  0]LogInit: FAudioDevice initialized.
[2020.02.16-22.08.06:985][  0]LogNetVersion: Set ProjectVersion to 1.0.0.0. Version Checksum will be recalculated on next use.
[2020.02.16-22.08.07:114][  0]LogDerivedDataCache: Saved boot cache 0.13s 78MB D:/Users/rhyan.mcl7998/AppData/Local/UnrealEngine/4.22/DerivedDataCache/Boot.ddc.
[2020.02.16-22.08.07:120][  0]LogInit: Texture streaming: Enabled
[2020.02.16-22.08.07:129][  0]LogEngineSessionManager: EngineSessionManager initialized
[2020.02.16-22.08.07:129][  0]LogEngineSessionManager: EngineSessionManager sent abnormal shutdown report. Type=Crashed, SessionId={05CFEB91-44B5-7BC3-6571-3CA3E6A8C49F}
[2020.02.16-22.08.07:141][  0]LogInit: Transaction tracking system initialized
[2020.02.16-22.08.07:154][  0]BlueprintLog: New page: Editor Load
[2020.02.16-22.08.07:529][  0]LocalizationService: Localization service is disabled
[2020.02.16-22.08.07:738][  0]LogFileCache: Scanning file cache for directory 'E:/school/3rd year/Production/Proto1/CombatArena/Content/' took 0.01s
[2020.02.16-22.08.07:738][  0]LogCook: Display: Max memory allowance for cook 16384mb min free memory 0mb
[2020.02.16-22.08.07:738][  0]LogCook: Display: Mobile HDR setting 1
[2020.02.16-22.08.07:846][  0]SourceControl: Source control is disabled
[2020.02.16-22.08.07:846][  0]Cmd: MAP LOAD FILE="E:/school/3rd year/Production/Proto1/CombatArena/Content/ThirdPersonCPP/Maps/AITestMap.umap" TEMPLATE=0 SHOWPROGRESS=1 FEATURELEVEL=3
[2020.02.16-22.08.07:847][  0]LightingResults: New page: Lighting Build
[2020.02.16-22.08.07:848][  0]MapCheck: New page: Map Check
[2020.02.16-22.08.07:848][  0]LightingResults: New page: Lighting Build
[2020.02.16-22.08.07:874][  0]LogUObjectHash: Compacting FUObjectHashTables data took   2.68ms
[2020.02.16-22.08.07:986][  0]LogAIModule: Creating AISystem for world AITestMap
[2020.02.16-22.08.07:991][  0]LogEditorServer: Finished looking for orphan Actors (0.000 secs)
[2020.02.16-22.08.08:018][  0]LogUObjectHash: Compacting FUObjectHashTables data took   2.83ms
[2020.02.16-22.08.08:018][  0]Cmd: MAP CHECKDEP NOCLEARLOG
[2020.02.16-22.08.08:018][  0]MapCheck: Map check complete: 0 Error(s), 0 Warning(s), took 0.078ms to complete.
[2020.02.16-22.08.08:018][  0]LogFileHelpers: Loading map 'AITestMap' took 0.172
[2020.02.16-22.08.08:113][  0]LogSlate: Updating window title bar state: overlay mode, drag disabled, window buttons hidden, title bar hidden
[2020.02.16-22.08.08:119][  0]LogSlate: Updating window title bar state: overlay mode, drag disabled, window buttons hidden, title bar hidden
[2020.02.16-22.08.08:124][  0]LogSlate: Updating window title bar state: overlay mode, drag disabled, window buttons hidden, title bar hidden
[2020.02.16-22.08.08:130][  0]LogSlate: Updating window title bar state: overlay mode, drag disabled, window buttons hidden, title bar hidden
[2020.02.16-22.08.08:133][  0]LogCollectionManager: Loaded 0 collections in 0.000668 seconds
[2020.02.16-22.08.08:146][  0]LogFileCache: Scanning file cache for directory 'E:/school/3rd year/Production/Proto1/CombatArena/Saved/Collections/' took 0.01s
[2020.02.16-22.08.08:146][  0]LogFileCache: Scanning file cache for directory 'E:/school/3rd year/Production/Proto1/CombatArena/Content/Developers/rhyanmcl7998/Collections/' took 0.00s
[2020.02.16-22.08.08:146][  0]LogFileCache: Scanning file cache for directory 'E:/school/3rd year/Production/Proto1/CombatArena/Content/Collections/' took 0.00s
[2020.02.16-22.08.08:146][  0]LogCollectionManager: Rebuilt the GUID cache for 0 collections in 0.000000 seconds
[2020.02.16-22.08.08:153][  0]LogContentBrowser: Native class hierarchy populated in 0.0067 seconds. Added 2735 classes and 661 folders.
[2020.02.16-22.08.08:157][  0]LogContentBrowser: Native class hierarchy updated for 'WidgetCarousel' in 0.0002 seconds. Added 0 classes and 0 folders.
[2020.02.16-22.08.08:158][  0]LogPakFile: Registered encryption key '00000000000000000000000000000000': 0 pak files mounted, 0 remain pending
[2020.02.16-22.08.08:159][  0]LogPakFile: Registered encryption key '00000000000000000000000000000000': 0 pak files mounted, 0 remain pending
[2020.02.16-22.08.08:159][  0]LogPakFile: Registered encryption key '00000000000000000000000000000000': 0 pak files mounted, 0 remain pending
[2020.02.16-22.08.08:159][  0]LogPakFile: Registered encryption key '00000000000000000000000000000000': 0 pak files mounted, 0 remain pending
[2020.02.16-22.08.08:160][  0]LogPakFile: Registered encryption key '00000000000000000000000000000000': 0 pak files mounted, 0 remain pending
[2020.02.16-22.08.08:160][  0]LogPakFile: Registered encryption key '00000000000000000000000000000000': 0 pak files mounted, 0 remain pending
[2020.02.16-22.08.08:160][  0]LogPakFile: Registered encryption key '00000000000000000000000000000000': 0 pak files mounted, 0 remain pending
[2020.02.16-22.08.08:160][  0]LogPakFile: Registered encryption key '00000000000000000000000000000000': 0 pak files mounted, 0 remain pending
[2020.02.16-22.08.08:161][  0]LogPakFile: Registered encryption key '00000000000000000000000000000000': 0 pak files mounted, 0 remain pending
[2020.02.16-22.08.08:161][  0]LogPakFile: Registered encryption key '00000000000000000000000000000000': 0 pak files mounted, 0 remain pending
[2020.02.16-22.08.08:161][  0]LogPakFile: Registered encryption key '00000000000000000000000000000000': 0 pak files mounted, 0 remain pending
[2020.02.16-22.08.08:162][  0]LogPakFile: Registered encryption key '00000000000000000000000000000000': 0 pak files mounted, 0 remain pending
[2020.02.16-22.08.08:162][  0]LogPakFile: Registered encryption key '00000000000000000000000000000000': 0 pak files mounted, 0 remain pending
[2020.02.16-22.08.08:162][  0]LogPakFile: Registered encryption key '00000000000000000000000000000000': 0 pak files mounted, 0 remain pending
[2020.02.16-22.08.08:162][  0]LogPakFile: Registered encryption key '00000000000000000000000000000000': 0 pak files mounted, 0 remain pending
[2020.02.16-22.08.08:163][  0]LogPakFile: Registered encryption key '00000000000000000000000000000000': 0 pak files mounted, 0 remain pending
[2020.02.16-22.08.08:163][  0]LogPakFile: Registered encryption key '00000000000000000000000000000000': 0 pak files mounted, 0 remain pending
[2020.02.16-22.08.08:163][  0]LogPakFile: Registered encryption key '00000000000000000000000000000000': 0 pak files mounted, 0 remain pending
[2020.02.16-22.08.08:164][  0]LogPakFile: Registered encryption key '00000000000000000000000000000000': 0 pak files mounted, 0 remain pending
[2020.02.16-22.08.08:164][  0]LogPakFile: Registered encryption key '00000000000000000000000000000000': 0 pak files mounted, 0 remain pending
[2020.02.16-22.08.08:164][  0]LogPakFile: Registered encryption key '00000000000000000000000000000000': 0 pak files mounted, 0 remain pending
[2020.02.16-22.08.08:165][  0]LogPakFile: Registered encryption key '00000000000000000000000000000000': 0 pak files mounted, 0 remain pending
[2020.02.16-22.08.08:165][  0]LogPakFile: Registered encryption key '00000000000000000000000000000000': 0 pak files mounted, 0 remain pending
[2020.02.16-22.08.08:165][  0]LogPakFile: Registered encryption key '00000000000000000000000000000000': 0 pak files mounted, 0 remain pending
[2020.02.16-22.08.08:166][  0]LogPakFile: Registered encryption key '00000000000000000000000000000000': 0 pak files mounted, 0 remain pending
[2020.02.16-22.08.08:166][  0]LogPakFile: Registered encryption key '00000000000000000000000000000000': 0 pak files mounted, 0 remain pending
[2020.02.16-22.08.08:186][  0]LogContentBrowser: Native class hierarchy updated for 'AddContentDialog' in 0.0002 seconds. Added 0 classes and 0 folders.
[2020.02.16-22.08.08:191][  0]LogContentBrowser: Native class hierarchy updated for 'SceneOutliner' in 0.0002 seconds. Added 1 classes and 2 folders.
[2020.02.16-22.08.08:203][  0]LogSlate: Took 0.000120 seconds to synchronously load lazily loaded font '../../../Engine/Content/Slate/Fonts/Roboto-Regular.ttf' (155K)
[2020.02.16-22.08.08:205][  0]LogSlate: Took 0.000092 seconds to synchronously load lazily loaded font '../../../Engine/Content/Slate/Fonts/Roboto-Bold.ttf' (160K)
[2020.02.16-22.08.08:209][  0]LogSlate: Took 0.000093 seconds to synchronously load lazily loaded font '../../../Engine/Content/Editor/Slate/Fonts/FontAwesome.ttf' (139K)
[2020.02.16-22.08.08:257][  0]LogRenderer: Reallocating scene render targets to support 1208x580 Format 10 NumSamples 1 (Frame:1).
[2020.02.16-22.08.08:341][  0]LogContentBrowser: Native class hierarchy updated for 'HierarchicalLODOutliner' in 0.0003 seconds. Added 0 classes and 0 folders.
[2020.02.16-22.08.08:341][  0]LogLoad: (Engine Initialization) Total time: 9.50 seconds
[2020.02.16-22.08.08:341][  0]LogLoad: (Engine Initialization) Total Blueprint compile time: 0.00 seconds
[2020.02.16-22.08.08:367][  0]LogAssetRegistry: Asset discovery search completed in 5.4454 seconds
[2020.02.16-22.08.08:369][  0]LogCollectionManager: Rebuilt the object cache for 0 collections in 0.000000 seconds (found 0 objects)
[2020.02.16-22.08.08:369][  0]LogCollectionManager: Fixed up redirectors for 0 collections in 0.000044 seconds (updated 0 objects)
[2020.02.16-22.08.08:370][  0]LogContentStreaming: Texture pool size now 1000 MB
[2020.02.16-22.08.08:384][  0]LogSlate: Took 0.000090 seconds to synchronously load lazily loaded font '../../../Engine/Content/Slate/Fonts/Roboto-Light.ttf' (167K)
[2020.02.16-22.08.10:942][294]LogSlate: FSceneViewport::OnFocusLost() reason 0
[2020.02.16-22.08.11:432][353]LogTemp: Repeating last play command: Selected Viewport
[2020.02.16-22.08.11:602][353]LogBlueprintUserMessages: Early PlayInEditor Detection: Level '/Game/ThirdPersonCPP/Maps/AITestMap.AITestMap:PersistentLevel' has LevelScriptBlueprint '/Game/ThirdPersonCPP/Maps/AITestMap.AITestMap:PersistentLevel.AITestMap' with GeneratedClass '/Game/ThirdPersonCPP/Maps/AITestMap.AITestMap_C' with ClassGeneratedBy '/Game/ThirdPersonCPP/Maps/AITestMap.AITestMap:PersistentLevel.AITestMap'
[2020.02.16-22.08.11:602][353]LogPlayLevel: PlayLevel: No blueprints needed recompiling
[2020.02.16-22.08.11:603][353]PIE: New page: PIE session: AITestMap (18/02/2020 12:08:11 am)
[2020.02.16-22.08.11:615][353]LogPlayLevel: Creating play world package: /Game/ThirdPersonCPP/Maps/UEDPIE_0_AITestMap
[2020.02.16-22.08.11:627][353]LogPlayLevel: PIE: StaticDuplicateObject took: (0.011305s)
[2020.02.16-22.08.11:627][353]LogAIModule: Creating AISystem for world AITestMap
[2020.02.16-22.08.11:627][353]LogPlayLevel: PIE: World Init took: (0.000553s)
[2020.02.16-22.08.11:627][353]LogPlayLevel: PIE: Created PIE world by copying editor world from /Game/ThirdPersonCPP/Maps/AITestMap.AITestMap to /Game/ThirdPersonCPP/Maps/UEDPIE_0_AITestMap.AITestMap (0.012126s)
[2020.02.16-22.08.11:650][353]LogUObjectHash: Compacting FUObjectHashTables data took   1.30ms
[2020.02.16-22.08.11:660][353]LogInit: XAudio2 using 'Speaker (Synaptics HD Audio)' : 2 channels at 48 kHz using 32 bits per sample (channel mask 0x3)
[2020.02.16-22.08.11:666][353]LogInit: FAudioDevice initialized.
[2020.02.16-22.08.11:708][353]LogLoad: Game class is 'CombatGamemodeBP_C'
[2020.02.16-22.08.11:711][353]LogWorld: Bringing World /Game/ThirdPersonCPP/Maps/UEDPIE_0_AITestMap.AITestMap up for play (max tick rate 0) at 2020.02.17-11.08.11
[2020.02.16-22.08.11:711][353]LogWorld: Bringing up level for play took: 0.001278
[2020.02.16-22.08.11:726][353]LogContentBrowser: Native class hierarchy updated for 'MovieSceneCapture' in 0.0003 seconds. Added 20 classes and 0 folders.
[2020.02.16-22.08.11:728][353]LogSpawn: Warning: SpawnActor failed because of collision at the spawn location [X=-428.083 Y=920.439 Z=140.404] for [BP_Drowned_C]
[2020.02.16-22.08.11:730][353]PIE: Play in editor start time for /Game/ThirdPersonCPP/Maps/UEDPIE_0_AITestMap -0.129
[2020.02.16-22.08.11:730][353]LogBlueprintUserMessages: Late PlayInEditor Detection: Level '/Game/ThirdPersonCPP/Maps/AITestMap.AITestMap:PersistentLevel' has LevelScriptBlueprint '/Game/ThirdPersonCPP/Maps/AITestMap.AITestMap:PersistentLevel.AITestMap' with GeneratedClass '/Game/ThirdPersonCPP/Maps/AITestMap.AITestMap_C' with ClassGeneratedBy '/Game/ThirdPersonCPP/Maps/AITestMap.AITestMap:PersistentLevel.AITestMap'
[2020.02.16-22.08.13:293][538]LogBlueprintUserMessages: [BP_Drowned_C_1] 80.0
[2020.02.16-22.08.14:427][674]LogSpawn: Warning: SpawnActor failed because of collision at the spawn location [X=-412.063 Y=-363.737 Z=140.404] for [BP_Drowned_C]
[2020.02.16-22.08.17:909][ 92]LogBlueprintUserMessages: [BP_Drowned_C_3] 70.0
[2020.02.16-22.08.21:110][476]LogBlueprintUserMessages: [BP_Drowned_C_5] 60.0
[2020.02.16-22.08.21:568][531]LogBlueprintUserMessages: [BP_Drowned_C_5] 10.0
[2020.02.16-22.08.21:868][567]LogBlueprintUserMessages: [BP_Drowned_C_1] 40.0
[2020.02.16-22.08.21:959][578]LogBlueprintUserMessages: [BP_Drowned_C_1] 10.0
[2020.02.16-22.08.22:826][682]LogBlueprintUserMessages: [BP_Drowned_C_5] 20.0
[2020.02.16-22.08.26:428][114]LogSpawn: Warning: SpawnActor failed because of collision at the spawn location [X=-1535.540 Y=44.562 Z=140.404] for [BP_Drowned_C]
[2020.02.16-22.08.26:685][145]LogBlueprintUserMessages: [BP_Drowned_C_8] 0.0
[2020.02.16-22.08.26:861][166]LogBlueprintUserMessages: [BP_Drowned_C_3] -20.0
[2020.02.16-22.08.29:018][425]LogBlueprintUserMessages: [BP_Drowned_C_5] -40.0
[2020.02.16-22.08.29:569][491]LogBlueprintUserMessages: [BP_Drowned_C_3] -60.0
[2020.02.16-22.08.30:069][551]LogBlueprintUserMessages: [BP_Drowned_C_1] -80.0
[2020.02.16-22.08.30:736][631]LogBlueprintUserMessages: [BP_Drowned_C_4] -100.0
[2020.02.16-22.08.30:736][631]LogBlueprintUserMessages: [BP_Drowned_C_5] -120.0
[2020.02.16-22.08.30:802][639]LogBlueprintUserMessages: [BP_Drowned_C_8] -140.0
[2020.02.16-22.08.30:819][641]LogBlueprintUserMessages: [BP_Drowned_C_3] 25.0
[2020.02.16-22.08.30:819][641]LogBlueprintUserMessages: [BP_Drowned_C_1] 25.0
[2020.02.16-22.08.30:819][641]LogBlueprintUserMessages: [BP_Drowned_C_5] 25.0
[2020.02.16-22.08.31:285][697]LogBlueprintUserMessages: [BP_Drowned_C_3] -160.0
[2020.02.16-22.08.31:527][726]LogBlueprintUserMessages: [BP_Drowned_C_4] 25.0
[2020.02.16-22.08.31:786][757]LogBlueprintUserMessages: [BP_Drowned_C_1] -180.0
[2020.02.16-22.08.31:827][762]LogBlueprintUserMessages: [BP_Drowned_C_3] 25.0
[2020.02.16-22.08.31:827][762]LogBlueprintUserMessages: [BP_Drowned_C_1] 25.0
[2020.02.16-22.08.31:827][762]LogBlueprintUserMessages: [BP_Drowned_C_5] 25.0
[2020.02.16-22.08.32:436][835]LogBlueprintUserMessages: [BP_Drowned_C_6] -200.0
[2020.02.16-22.08.32:453][837]LogBlueprintUserMessages: [BP_Drowned_C_4] -220.0
[2020.02.16-22.08.32:453][837]LogBlueprintUserMessages: [BP_Drowned_C_5] -240.0
[2020.02.16-22.08.32:519][845]LogBlueprintUserMessages: [BP_Drowned_C_8] -260.0
[2020.02.16-22.08.32:535][847]LogBlueprintUserMessages: [BP_Drowned_C_4] 25.0
[2020.02.16-22.08.32:553][849]LogBlueprintUserMessages: [BP_Drowned_C_9] -280.0
[2020.02.16-22.08.32:835][883]LogBlueprintUserMessages: [BP_Drowned_C_3] 25.0
[2020.02.16-22.08.32:836][883]LogBlueprintUserMessages: [BP_Drowned_C_1] 25.0
[2020.02.16-22.08.32:836][883]LogBlueprintUserMessages: [BP_Drowned_C_5] 25.0
[2020.02.16-22.08.33:002][903]LogBlueprintUserMessages: [BP_Drowned_C_3] -300.0
[2020.02.16-22.08.33:502][963]LogBlueprintUserMessages: [BP_Drowned_C_1] -320.0
[2020.02.16-22.08.34:153][ 41]LogBlueprintUserMessages: [BP_Drowned_C_6] -340.0
[2020.02.16-22.08.34:169][ 43]LogBlueprintUserMessages: [BP_Drowned_C_4] -360.0
[2020.02.16-22.08.34:169][ 43]LogBlueprintUserMessages: [BP_Drowned_C_5] -380.0
[2020.02.16-22.08.34:236][ 51]LogBlueprintUserMessages: [BP_Drowned_C_8] -400.0
[2020.02.16-22.08.34:269][ 55]LogBlueprintUserMessages: [BP_Drowned_C_9] -420.0
[2020.02.16-22.08.34:719][109]LogBlueprintUserMessages: [BP_Drowned_C_3] -440.0
[2020.02.16-22.08.35:219][169]LogBlueprintUserMessages: [BP_Drowned_C_1] -460.0
[2020.02.16-22.08.35:428][194]LogSpawn: Warning: SpawnActor failed because of collision at the spawn location [X=274.134 Y=-160.997 Z=140.404] for [BP_Drowned_C]
[2020.02.16-22.08.35:802][239]LogBlueprintUserMessages: [BP_Drowned_C_10] -470.0
[2020.02.16-22.08.35:870][247]LogBlueprintUserMessages: [BP_Drowned_C_6] -480.0
[2020.02.16-22.08.35:886][249]LogBlueprintUserMessages: [BP_Drowned_C_4] -490.0
[2020.02.16-22.08.35:886][249]LogBlueprintUserMessages: [BP_Drowned_C_5] -500.0
[2020.02.16-22.08.35:953][257]LogBlueprintUserMessages: [BP_Drowned_C_8] -510.0
[2020.02.16-22.08.35:986][261]LogBlueprintUserMessages: [BP_Drowned_C_9] -520.0
[2020.02.16-22.08.36:436][315]LogBlueprintUserMessages: [BP_Drowned_C_3] -540.0
[2020.02.16-22.08.36:761][354]LogBlueprintUserMessages: [BP_Drowned_C_5] 25.0
[2020.02.16-22.08.36:762][354]LogBlueprintUserMessages: Warning: SetTimer passed a bad function (endInv) or object (None)
[2020.02.16-22.08.36:953][377]LogBlueprintUserMessages: [BP_Drowned_C_8] 25.0
[2020.02.16-22.08.38:020][505]LogBlueprintUserMessages: [BP_Drowned_C_1] -560.0
[2020.02.16-22.08.38:177][524]LogBlueprintUserMessages: [BP_Drowned_C_1] 25.0
[2020.02.16-22.08.38:178][524]LogBlueprintUserMessages: Warning: SetTimer passed a bad function (endInv) or object (None)
[2020.02.16-22.08.38:236][531]LogBlueprintUserMessages: [BP_Drowned_C_6] -580.0
[2020.02.16-22.08.38:377][548]LogBlueprintUserMessages: [BP_Drowned_C_6] 25.0
[2020.02.16-22.08.38:386][549]LogBlueprintUserMessages: [BP_Drowned_C_10] -600.0
[2020.02.16-22.08.38:519][565]LogBlueprintUserMessages: [BP_Drowned_C_10] 25.0
[2020.02.16-22.08.38:687][585]LogBlueprintUserMessages: [BP_Drowned_C_4] -620.0
[2020.02.16-22.08.38:970][619]LogBlueprintUserMessages: [BP_Drowned_C_8] -640.0
[2020.02.16-22.08.39:478][680]LogBlueprintUserMessages: [BP_Drowned_C_6] 50.0
[2020.02.16-22.08.39:528][686]LogBlueprintUserMessages: [BP_Drowned_C_10] 50.0
[2020.02.16-22.08.39:952][737]LogBlueprintUserMessages: [BP_Drowned_C_6] -660.0
[2020.02.16-22.08.40:102][755]LogBlueprintUserMessages: [BP_Drowned_C_10] -680.0
[2020.02.16-22.08.40:153][761]LogBlueprintUserMessages: [BP_Drowned_C_12] -700.0
[2020.02.16-22.08.40:403][791]LogBlueprintUserMessages: [BP_Drowned_C_4] -720.0
[2020.02.16-22.08.40:485][801]LogBlueprintUserMessages: [BP_Drowned_C_6] 25.0
[2020.02.16-22.08.40:486][801]LogBlueprintUserMessages: Warning: SetTimer passed a bad function (endInv) or object (None)
[2020.02.16-22.08.40:536][807]LogBlueprintUserMessages: [BP_Drowned_C_10] 25.0
[2020.02.16-22.08.40:536][807]LogBlueprintUserMessages: Warning: SetTimer passed a bad function (endInv) or object (None)
[2020.02.16-22.08.40:553][809]LogBlueprintUserMessages: [BP_Drowned_C_3] -740.0
[2020.02.16-22.08.40:661][822]LogBlueprintUserMessages: [BP_Drowned_C_12] 25.0
[2020.02.16-22.08.40:686][825]LogBlueprintUserMessages: [BP_Drowned_C_4] 25.0
[2020.02.16-22.08.40:687][825]LogBlueprintUserMessages: [BP_Drowned_C_8] -760.0
[2020.02.16-22.08.41:870][967]LogBlueprintUserMessages: [BP_Drowned_C_12] -780.0
[2020.02.16-22.08.42:120][997]LogBlueprintUserMessages: [BP_Drowned_C_4] -800.0
[2020.02.16-22.08.42:403][ 31]LogBlueprintUserMessages: [BP_Drowned_C_8] -820.0
[2020.02.16-22.08.43:578][172]LogBlueprintUserMessages: [BP_Drowned_C_13] -840.0
[2020.02.16-22.08.44:978][340]LogBlueprintUserMessages: [BP_Drowned_C_14] -860.0
[2020.02.16-22.08.45:044][348]LogBlueprintUserMessages: [BP_Drowned_C_9] -880.0
[2020.02.16-22.08.45:144][360]LogBlueprintUserMessages: [BP_Drowned_C_14] 25.0
[2020.02.16-22.08.45:161][362]LogBlueprintUserMessages: [BP_Drowned_C_9] 25.0
[2020.02.16-22.08.45:753][433]LogBlueprintUserMessages: [BP_Drowned_C_3] -900.0
[2020.02.16-22.08.45:945][456]LogBlueprintUserMessages: [BP_Drowned_C_13] -920.0
[2020.02.16-22.08.46:579][532]LogBlueprintUserMessages: [BP_Drowned_C_13] -940.0
[2020.02.16-22.08.47:430][634]LogSpawn: Warning: SpawnActor failed because of collision at the spawn location [X=-1805.000 Y=-1406.000 Z=140.404] for [BP_Drowned_C]
[2020.02.16-22.08.49:087][833]LogBlueprintUserMessages: [BP_Drowned_C_15] -960.0
[2020.02.16-22.08.54:929][534]LogBlueprintUserMessages: [BP_Drowned_C_8] -980.0
[2020.02.16-22.08.55:129][558]LogBlueprintUserMessages: [BP_Drowned_C_14] -1000.0
[2020.02.16-22.08.55:229][570]LogBlueprintUserMessages: [BP_Drowned_C_13] -1020.0
[2020.02.16-22.08.56:337][703]LogBlueprintUserMessages: [BP_Drowned_C_9] -1040.0
[2020.02.16-22.08.56:421][713]LogBlueprintUserMessages: [BP_Drowned_C_4] -1060.0
[2020.02.16-22.08.56:555][729]LogBlueprintUserMessages: [BP_Drowned_C_19] -1080.0
[2020.02.16-22.08.56:596][734]LogBlueprintUserMessages: [BP_Drowned_C_8] -1100.0
[2020.02.16-22.08.58:363][946]LogBlueprintUserMessages: [BP_Drowned_C_14] -1120.0
[2020.02.16-22.09.00:746][232]LogBlueprintUserMessages: [BP_Drowned_C_17] -1140.0
[2020.02.16-22.09.02:147][400]LogBlueprintUserMessages: [BP_Drowned_C_13] -1160.0
[2020.02.16-22.09.02:271][415]LogBlueprintUserMessages: [BP_Drowned_C_12] -1180.0
[2020.02.16-22.09.02:279][416]LogBlueprintUserMessages: [BP_Drowned_C_14] -1200.0
[2020.02.16-22.09.02:430][434]LogBlueprintUserMessages: [BP_Drowned_C_15] -1220.0
[2020.02.16-22.09.02:846][484]LogBlueprintUserMessages: [BP_Drowned_C_3] -1240.0
[2020.02.16-22.09.02:896][490]LogBlueprintUserMessages: [BP_Drowned_C_17] -1260.0
[2020.02.16-22.09.03:346][544]LogCharacterMovement: BP_Drowned_C_14 is stuck and failed to move! Velocity: X=7.41 Y=15.37 Z=0.00 Location: X=-1809.71 Y=-1331.32 Z=228.56 Normal: X=-0.03 Y=1.00 Z=0.00 PenetrationDepth:9.073 Actor:ThirdPersonCharacter_2 Component:CollisionCylinder BoneName:None (0 other events since notify)
[2020.02.16-22.09.03:396][550]LogCharacterMovement: BP_Drowned_C_3 is stuck and failed to move! Velocity: X=-14.04 Y=9.71 Z=0.00 Location: X=-1751.21 Y=-1385.95 Z=228.39 Normal: X=0.95 Y=0.31 Z=0.00 PenetrationDepth:22.593 Actor:ThirdPersonCharacter_2 Component:CollisionCylinder BoneName:None (0 other events since notify)
[2020.02.16-22.09.03:672][583]LogBlueprintUserMessages: [BP_Drowned_C_19] -1280.0
[2020.02.16-22.09.04:563][690]LogBlueprintUserMessages: [BP_Drowned_C_3] -1300.0
[2020.02.16-22.09.04:613][696]LogBlueprintUserMessages: [BP_Drowned_C_17] -1320.0
[2020.02.16-22.09.05:388][789]LogBlueprintUserMessages: [BP_Drowned_C_19] -1340.0
[2020.02.16-22.09.05:646][820]LogCharacterMovement: ThirdPersonCharacter_2 is stuck and failed to move! Velocity: X=11.46 Y=12.65 Z=0.00 Location: X=-1807.74 Y=-1407.87 Z=228.39 Normal: X=0.02 Y=-1.00 Z=0.00 PenetrationDepth:2.069 Actor:BP_Drowned_C_14 Component:CollisionCylinder BoneName:None (0 other events since notify)
[2020.02.16-22.09.06:280][896]LogBlueprintUserMessages: [BP_Drowned_C_3] -1360.0
[2020.02.16-22.09.06:330][902]LogBlueprintUserMessages: [BP_Drowned_C_17] -1380.0
[2020.02.16-22.09.07:105][995]LogBlueprintUserMessages: [BP_Drowned_C_19] -1400.0
[2020.02.16-22.09.07:129][998]LogCharacterMovement: ThirdPersonCharacter_2 is stuck and failed to move! Velocity: X=7.78 Y=15.19 Z=0.00 Location: X=-1807.74 Y=-1407.87 Z=228.39 Normal: X=-0.94 Y=-0.33 Z=0.00 PenetrationDepth:33.125 Actor:BP_Drowned_C_3 Component:CollisionCylinder BoneName:None (34 other events since notify)
[2020.02.16-22.09.07:504][ 43]LogCharacterMovement: BP_Drowned_C_14 is stuck and failed to move! Velocity: X=1.03 Y=-17.04 Z=0.00 Location: X=-1809.73 Y=-1327.96 Z=228.56 Normal: X=-0.02 Y=1.00 Z=-0.00 PenetrationDepth:2.069 Actor:ThirdPersonCharacter_2 Component:CollisionCylinder BoneName:None (8 other events since notify)
[2020.02.16-22.09.07:505][ 43]LogBlueprintUserMessages: [BP_Drowned_C_14] -1420.0
[2020.02.16-22.09.07:888][ 89]LogBlueprintUserMessages: [BP_Drowned_C_12] -1440.0
[2020.02.16-22.09.07:905][ 91]LogBlueprintUserMessages: [BP_Drowned_C_20] -1460.0
[2020.02.16-22.09.07:939][ 95]LogBlueprintUserMessages: [BP_Drowned_C_18] -1480.0
[2020.02.16-22.09.07:956][ 97]LogBlueprintUserMessages: [BP_Drowned_C_8] -1500.0
[2020.02.16-22.09.08:047][108]LogBlueprintUserMessages: [BP_Drowned_C_15] -1520.0
[2020.02.16-22.09.08:047][108]LogBlueprintUserMessages: [BP_Drowned_C_17] -1540.0
[2020.02.16-22.09.08:172][123]LogBlueprintUserMessages: [BP_Drowned_C_22] -1560.0
[2020.02.16-22.09.10:306][379]LogBlueprintUserMessages: [BP_Drowned_C_23] -1580.0
[2020.02.16-22.09.10:639][419]LogBlueprintUserMessages: [BP_Drowned_C_21] -1600.0
[2020.02.16-22.09.10:688][425]LogBlueprintUserMessages: [BP_Drowned_C_8] -1620.0
[2020.02.16-22.09.10:956][457]LogBlueprintUserMessages: [BP_Drowned_C_18] -1640.0
[2020.02.16-22.09.10:972][459]LogBlueprintUserMessages: [BP_Drowned_C_22] -1660.0
[2020.02.16-22.09.11:063][470]LogBlueprintUserMessages: [BP_Drowned_C_17] -1680.0
[2020.02.16-22.09.11:247][492]LogBlueprintUserMessages: [BP_Drowned_C_3] -1700.0
[2020.02.16-22.09.11:264][494]LogBlueprintUserMessages: [BP_Drowned_C_13] -1720.0
[2020.02.16-22.09.11:281][496]LogBlueprintUserMessages: [BP_Drowned_C_15] -1740.0
[2020.02.16-22.09.11:339][503]LogBlueprintUserMessages: [BP_Drowned_C_12] -1760.0
[2020.02.16-22.09.11:373][507]LogBlueprintUserMessages: [BP_Drowned_C_14] -1780.0
[2020.02.16-22.09.11:432][514]LogSpawn: Warning: SpawnActor failed because of collision at the spawn location [X=-399.000 Y=304.000 Z=150.404] for [BP_Drowned_C]
[2020.02.16-22.09.11:572][531]LogBlueprintUserMessages: [BP_Drowned_C_20] -1800.0
[2020.02.16-22.09.12:330][622]LogBlueprintUserMessages: [BP_Drowned_C_4] -1820.0
[2020.02.16-22.09.13:578][646]LogWindows: Error: === Critical error: ===
[2020.02.16-22.09.13:579][646]LogWindows: Error: 
[2020.02.16-22.09.13:579][646]LogWindows: Error: Fatal error!
[2020.02.16-22.09.13:579][646]LogWindows: Error: 
[2020.02.16-22.09.13:579][646]LogWindows: Error: Unhandled Exception: EXCEPTION_ACCESS_VIOLATION reading address 0x000005f0
[2020.02.16-22.09.13:579][646]LogWindows: Error: 
[2020.02.16-22.09.13:579][646]LogWindows: Error: [Callstack] 0x00007ffe364d578a UE4Editor-CombatArena.dll!ACombatArenaCharacter::Tick() [E:\school\3rd year\Production\Proto1\CombatArena\Source\CombatArena\CombatArenaCharacter.cpp:259]
[2020.02.16-22.09.13:579][646]LogWindows: Error: [Callstack] 0x00007ffe44c5fea2 UE4Editor-Engine.dll!UnknownFunction []
[2020.02.16-22.09.13:579][646]LogWindows: Error: [Callstack] 0x00007ffe44c2aeed UE4Editor-Engine.dll!UnknownFunction []
[2020.02.16-22.09.13:579][646]LogWindows: Error: [Callstack] 0x00007ffe45be72bc UE4Editor-Engine.dll!UnknownFunction []
[2020.02.16-22.09.13:579][646]LogWindows: Error: [Callstack] 0x00007ffe474722d8 UE4Editor-Core.dll!UnknownFunction []
[2020.02.16-22.09.13:579][646]LogWindows: Error: [Callstack] 0x00007ffe47472563 UE4Editor-Core.dll!UnknownFunction []
[2020.02.16-22.09.13:579][646]LogWindows: Error: [Callstack] 0x00007ffe47482309 UE4Editor-Core.dll!UnknownFunction []
[2020.02.16-22.09.13:579][646]LogWindows: Error: [Callstack] 0x00007ffe45c2f9e3 UE4Editor-Engine.dll!UnknownFunction []
[2020.02.16-22.09.13:579][646]LogWindows: Error: [Callstack] 0x00007ffe45c3bd12 UE4Editor-Engine.dll!UnknownFunction []
[2020.02.16-22.09.13:579][646]LogWindows: Error: [Callstack] 0x00007ffe4545dc4f UE4Editor-Engine.dll!UnknownFunction []
[2020.02.16-22.09.13:579][646]LogWindows: Error: [Callstack] 0x00007ffe45467e28 UE4Editor-Engine.dll!UnknownFunction []
[2020.02.16-22.09.13:579][646]LogWindows: Error: [Callstack] 0x00007ffe437b02f7 UE4Editor-UnrealEd.dll!UnknownFunction []
[2020.02.16-22.09.13:579][646]LogWindows: Error: [Callstack] 0x00007ffe43fcd396 UE4Editor-UnrealEd.dll!UnknownFunction []
[2020.02.16-22.09.13:579][646]LogWindows: Error: [Callstack] 0x00007ff758b76bb1 UE4Editor.exe!UnknownFunction []
[2020.02.16-22.09.13:579][646]LogWindows: Error: [Callstack] 0x00007ff758b8554c UE4Editor.exe!UnknownFunction []
[2020.02.16-22.09.13:579][646]LogWindows: Error: [Callstack] 0x00007ff758b855ca UE4Editor.exe!UnknownFunction []
[2020.02.16-22.09.13:579][646]LogWindows: Error: [Callstack] 0x00007ff758b9316c UE4Editor.exe!UnknownFunction []
[2020.02.16-22.09.13:579][646]LogWindows: Error: [Callstack] 0x00007ff758b95b8e UE4Editor.exe!UnknownFunction []
[2020.02.16-22.09.13:579][646]LogWindows: Error: [Callstack] 0x00007ffeb5917bd4 KERNEL32.DLL!UnknownFunction []
[2020.02.16-22.09.13:579][646]LogWindows: Error: [Callstack] 0x00007ffeb5aaced1 ntdll.dll!UnknownFunction []
[2020.02.16-22.09.13:579][646]LogWindows: Error: 
[2020.02.16-22.09.13:626][646]LogExit: Executing StaticShutdownAfterError
[2020.02.16-22.09.13:628][646]LogWindows: FPlatformMisc::RequestExit(1)
[2020.02.16-22.09.13:680][646]Log file closed, 02/17/20 11:09:13
