Log file open, 02/11/20 09:36:04
LogWindows: Failed to load 'aqProf.dll' (GetLastError=126)
LogWindows: File 'aqProf.dll' does not exist
LogWindows: Failed to load 'VtuneApi.dll' (GetLastError=126)
LogWindows: File 'VtuneApi.dll' does not exist
LogWindows: Failed to load 'VtuneApi32e.dll' (GetLastError=126)
LogWindows: File 'VtuneApi32e.dll' does not exist
LogConsoleResponse: Display: Failed to find resolution value strings in scalability ini. Falling back to default.
LogInit: Display: Running engine for game: CombatArena
LogPakFile: Registered encryption key '00000000000000000000000000000000': 0 pak files mounted, 0 remain pending
LogPlatformFile: Not using cached read wrapper
LogTaskGraph: Started task graph with 5 named threads and 35 total threads with 3 sets of task threads.
LogStats: Stats thread started at 0.383505
LogD3D11RHI: Loaded GFSDK_Aftermath_Lib.x64.dll
LogICUInternationalization: ICU TimeZone Detection - Raw Offset: +12:00, Platform Override: ''
LogPluginManager: Mounting plugin Paper2D
LogPluginManager: Mounting plugin AISupport
LogPluginManager: Mounting plugin LightPropagationVolume
LogPluginManager: Mounting plugin ActorLayerUtilities
LogPluginManager: Mounting plugin AnimationSharing
LogPluginManager: Mounting plugin CLionSourceCodeAccess
LogPluginManager: Mounting plugin CodeLiteSourceCodeAccess
LogPluginManager: Mounting plugin GitSourceControl
LogPluginManager: Mounting plugin KDevelopSourceCodeAccess
LogPluginManager: Mounting plugin NullSourceCodeAccess
LogPluginManager: Mounting plugin PerforceSourceControl
LogPluginManager: Mounting plugin SubversionSourceControl
LogPluginManager: Mounting plugin UObjectPlugin
LogPluginManager: Mounting plugin VisualStudioCodeSourceCodeAccess
LogPluginManager: Mounting plugin VisualStudioSourceCodeAccess
LogPluginManager: Mounting plugin XCodeSourceCodeAccess
LogPluginManager: Mounting plugin AssetManagerEditor
LogPluginManager: Mounting plugin CryptoKeys
LogPluginManager: Mounting plugin DataValidation
LogPluginManager: Mounting plugin FacialAnimation
LogPluginManager: Mounting plugin GameplayTagsEditor
LogPluginManager: Mounting plugin MacGraphicsSwitching
LogPluginManager: Mounting plugin MaterialAnalyzer
LogPluginManager: Mounting plugin MobileLauncherProfileWizard
LogPluginManager: Mounting plugin PluginBrowser
LogPluginManager: Mounting plugin SpeedTreeImporter
LogPluginManager: Mounting plugin DatasmithContent
LogPluginManager: Mounting plugin VariantManagerContent
LogPluginManager: Mounting plugin AlembicImporter
LogPluginManager: Mounting plugin AppleImageUtils
LogPluginManager: Mounting plugin AppleVision
LogPluginManager: Mounting plugin BackChannel
LogPluginManager: Mounting plugin CharacterAI
LogPluginManager: Mounting plugin GeometryCache
LogPluginManager: Mounting plugin HTML5Networking
LogPluginManager: Mounting plugin ProxyLODPlugin
LogPluginManager: Mounting plugin SkeletalReduction
LogPluginManager: Mounting plugin MagicLeap
LogPluginManager: Mounting plugin MagicLeapMedia
LogPluginManager: Mounting plugin AndroidMedia
LogPluginManager: Mounting plugin AvfMedia
LogPluginManager: Mounting plugin ImgMedia
LogPluginManager: Mounting plugin LinearTimecode
LogPluginManager: Mounting plugin MediaCompositing
LogPluginManager: Mounting plugin MediaPlayerEditor
LogPluginManager: Mounting plugin WebMMedia
LogPluginManager: Mounting plugin WmfMedia
LogPluginManager: Mounting plugin TcpMessaging
LogPluginManager: Mounting plugin UdpMessaging
LogPluginManager: Mounting plugin ActorSequence
LogPluginManager: Mounting plugin LevelSequenceEditor
LogPluginManager: Mounting plugin MatineeToLevelSequence
LogPluginManager: Mounting plugin NetcodeUnitTest
LogPluginManager: Mounting plugin NUTUnrealEngine4
LogPluginManager: Mounting plugin OnlineSubsystemGooglePlay
LogPluginManager: Mounting plugin OnlineSubsystemIOS
LogPluginManager: Mounting plugin OnlineSubsystem
LogPluginManager: Mounting plugin OnlineSubsystemNull
LogPluginManager: Mounting plugin OnlineSubsystemUtils
LogPluginManager: Mounting plugin LauncherChunkInstaller
LogPluginManager: Mounting plugin AndroidDeviceProfileSelector
LogPluginManager: Mounting plugin AndroidMoviePlayer
LogPluginManager: Mounting plugin AndroidPermission
LogPluginManager: Mounting plugin AppleMoviePlayer
LogPluginManager: Mounting plugin ArchVisCharacter
LogPluginManager: Mounting plugin AudioCapture
LogPluginManager: Mounting plugin CableComponent
LogPluginManager: Mounting plugin CustomMeshComponent
LogPluginManager: Mounting plugin EditableMesh
LogPluginManager: Mounting plugin ExampleDeviceProfileSelector
LogPluginManager: Mounting plugin Firebase
LogPluginManager: Mounting plugin GoogleCloudMessaging
LogPluginManager: Mounting plugin IOSDeviceProfileSelector
LogPluginManager: Mounting plugin LinuxDeviceProfileSelector
LogPluginManager: Mounting plugin LocationServicesBPLibrary
LogPluginManager: Mounting plugin MobilePatchingUtils
LogPluginManager: Mounting plugin OculusVR
LogPluginManager: Mounting plugin PhysXVehicles
LogPluginManager: Mounting plugin ProceduralMeshComponent
LogPluginManager: Mounting plugin RuntimePhysXCooking
LogPluginManager: Mounting plugin SignificanceManager
LogPluginManager: Mounting plugin SteamVR
LogPluginManager: Mounting plugin WebMMoviePlayer
LogPluginManager: Mounting plugin WindowsMoviePlayer
LogInit: Using libcurl 7.55.1-DEV
LogInit:  - built for x86_64-pc-win32
LogInit:  - supports SSL with OpenSSL/1.1.1
LogInit:  - supports HTTP deflate (compression) using libz 1.2.8
LogInit:  - other features:
LogInit:      CURL_VERSION_SSL
LogInit:      CURL_VERSION_LIBZ
LogInit:      CURL_VERSION_IPV6
LogInit:      CURL_VERSION_ASYNCHDNS
LogInit:      CURL_VERSION_LARGEFILE
LogInit:      CURL_VERSION_IDN
LogInit:  CurlRequestOptions (configurable via config and command line):
LogInit:  - bVerifyPeer = true  - Libcurl will verify peer certificate
LogInit:  - bUseHttpProxy = false  - Libcurl will NOT use HTTP proxy
LogInit:  - bDontReuseConnections = false  - Libcurl will reuse connections
LogInit:  - MaxHostConnections = 16  - Libcurl will limit the number of connections to a host
LogInit:  - LocalHostAddr = Default
LogInit:  - BufferSize = 65536
LogInit: WinSock: version 1.1 (2.2), MaxSocks=32767, MaxUdp=65467
LogInit: Build: ++UE4+Release-4.22-CL-7053642
LogInit: Engine Version: 4.22.3-7053642+++UE4+Release-4.22
LogInit: Compatible Engine Version: 4.22.0-5660361+++UE4+Release-4.22
LogInit: Net CL: 5660361
LogInit: OS: Windows 10 (Release 1909) (), CPU: Intel(R) Core(TM) i7-8700 CPU @ 3.20GHz, GPU: NVIDIA GeForce RTX 2080
LogInit: Compiled (64-bit): Jun 18 2019 03:09:11
LogInit: Compiled with Visual C++: 19.16.27025.01
LogInit: Build Configuration: Development
LogInit: Branch Name: ++UE4+Release-4.22
LogInit: Command Line: 
LogInit: Base Directory: D:/Unreal/UE_4.22/Engine/Binaries/Win64/
LogInit: Installed Engine Build: 1
LogDevObjectVersion: Number of dev versions registered: 23
LogDevObjectVersion:   Dev-Blueprints (B0D832E4-1F89-4F0D-ACCF-7EB736FD4AA2): 10
LogDevObjectVersion:   Dev-Build (E1C64328-A22C-4D53-A36C-8E866417BD8C): 0
LogDevObjectVersion:   Dev-Core (375EC13C-06E4-48FB-B500-84F0262A717E): 3
LogDevObjectVersion:   Dev-Editor (E4B068ED-F494-42E9-A231-DA0B2E46BB41): 30
LogDevObjectVersion:   Dev-Framework (CFFC743F-43B0-4480-9391-14DF171D2073): 35
LogDevObjectVersion:   Dev-Mobile (B02B49B5-BB20-44E9-A304-32B752E40360): 2
LogDevObjectVersion:   Dev-Networking (A4E4105C-59A1-49B5-A7C5-40C4547EDFEE): 0
LogDevObjectVersion:   Dev-Online (39C831C9-5AE6-47DC-9A44-9C173E1C8E7C): 0
LogDevObjectVersion:   Dev-Physics (78F01B33-EBEA-4F98-B9B4-84EACCB95AA2): 0
LogDevObjectVersion:   Dev-Platform (6631380F-2D4D-43E0-8009-CF276956A95A): 0
LogDevObjectVersion:   Dev-Rendering (12F88B9F-8875-4AFC-A67C-D90C383ABD29): 28
LogDevObjectVersion:   Dev-Sequencer (7B5AE74C-D270-4C10-A958-57980B212A5A): 11
LogDevObjectVersion:   Dev-VR (D7296918-1DD6-4BDD-9DE2-64A83CC13884): 2
LogDevObjectVersion:   Dev-LoadTimes (C2A15278-BFE7-4AFE-6C17-90FF531DF755): 1
LogDevObjectVersion:   Private-Geometry (6EACA3D4-40EC-4CC1-B786-8BED09428FC5): 3
LogDevObjectVersion:   Dev-AnimPhys (29E575DD-E0A3-4627-9D10-D276232CDCEA): 17
LogDevObjectVersion:   Dev-Anim (AF43A65D-7FD3-4947-9873-3E8ED9C1BB05): 2
LogDevObjectVersion:   Dev-ReflectionCapture (6B266CEC-1EC7-4B8F-A30B-E4D90942FC07): 1
LogDevObjectVersion:   Dev-Automation (0DF73D61-A23F-47EA-B727-89E90C41499A): 1
LogDevObjectVersion:   FortniteMain (601D1886-AC64-4F84-AA16-D3DE0DEAC7D6): 25
LogDevObjectVersion:   Dev-Enterprise (9DFFBCD6-494F-0158-E221-12823C92A888): 6
LogDevObjectVersion:   Dev-Niagara (F2AED0AC-9AFE-416F-8664-AA7FFA26D6FC): 1
LogDevObjectVersion:   Dev-Destruction (174F1F0B-B4C6-45A5-B13F-2EE8D0FB917D): 2
LogInit: Presizing for max 16777216 objects, including 0 objects not considered by GC, pre-allocating 0 bytes for permanent pool.
LogInit: Object subsystem initialized
LogConfig: Setting CVar [[con.DebugEarlyDefault:1]]
LogConfig: Setting CVar [[r.setres:1280x720]]
[2020.02.10-20.36.04:833][  0]LogConfig: Setting CVar [[r.VSync:0]]
[2020.02.10-20.36.04:833][  0]LogConfig: Setting CVar [[r.RHICmdBypass:0]]
[2020.02.10-20.36.04:833][  0]LogConfig: Applying CVar settings from Section [/Script/Engine.RendererSettings] File [D:/Users/guo.lu8015/Desktop/Proto1/Proto1/CombatArena/Saved/Config/Windows/Engine.ini]
[2020.02.10-20.36.04:833][  0]LogConfig: Setting CVar [[r.GPUCrashDebugging:0]]
[2020.02.10-20.36.04:833][  0]LogConfig: Applying CVar settings from Section [/Script/Engine.RendererOverrideSettings] File [D:/Users/guo.lu8015/Desktop/Proto1/Proto1/CombatArena/Saved/Config/Windows/Engine.ini]
[2020.02.10-20.36.04:833][  0]LogConfig: Applying CVar settings from Section [/Script/Engine.StreamingSettings] File [D:/Users/guo.lu8015/Desktop/Proto1/Proto1/CombatArena/Saved/Config/Windows/Engine.ini]
[2020.02.10-20.36.04:833][  0]LogConfig: Setting CVar [[s.MinBulkDataSizeForAsyncLoading:131072]]
[2020.02.10-20.36.04:833][  0]LogConfig: Setting CVar [[s.AsyncLoadingThreadEnabled:0]]
[2020.02.10-20.36.04:833][  0]LogConfig: Setting CVar [[s.EventDrivenLoaderEnabled:1]]
[2020.02.10-20.36.04:833][  0]LogConfig: Setting CVar [[s.WarnIfTimeLimitExceeded:0]]
[2020.02.10-20.36.04:833][  0]LogConfig: Setting CVar [[s.TimeLimitExceededMultiplier:1.5]]
[2020.02.10-20.36.04:833][  0]LogConfig: Setting CVar [[s.TimeLimitExceededMinTime:0.005]]
[2020.02.10-20.36.04:833][  0]LogConfig: Setting CVar [[s.UseBackgroundLevelStreaming:1]]
[2020.02.10-20.36.04:833][  0]LogConfig: Setting CVar [[s.PriorityAsyncLoadingExtraTime:15.0]]
[2020.02.10-20.36.04:833][  0]LogConfig: Setting CVar [[s.LevelStreamingActorsUpdateTimeLimit:5.0]]
[2020.02.10-20.36.04:833][  0]LogConfig: Setting CVar [[s.PriorityLevelStreamingActorsUpdateExtraTime:5.0]]
[2020.02.10-20.36.04:833][  0]LogConfig: Setting CVar [[s.LevelStreamingComponentsRegistrationGranularity:10]]
[2020.02.10-20.36.04:833][  0]LogConfig: Setting CVar [[s.UnregisterComponentsTimeLimit:1.0]]
[2020.02.10-20.36.04:834][  0]LogConfig: Setting CVar [[s.LevelStreamingComponentsUnregistrationGranularity:5]]
[2020.02.10-20.36.04:834][  0]LogConfig: Applying CVar settings from Section [/Script/Engine.GarbageCollectionSettings] File [D:/Users/guo.lu8015/Desktop/Proto1/Proto1/CombatArena/Saved/Config/Windows/Engine.ini]
[2020.02.10-20.36.04:834][  0]LogConfig: Setting CVar [[gc.MaxObjectsNotConsideredByGC:1]]
[2020.02.10-20.36.04:834][  0]LogConfig: Setting CVar [[gc.SizeOfPermanentObjectPool:0]]
[2020.02.10-20.36.04:834][  0]LogConfig: Setting CVar [[gc.FlushStreamingOnGC:0]]
[2020.02.10-20.36.04:834][  0]LogConfig: Setting CVar [[gc.NumRetriesBeforeForcingGC:10]]
[2020.02.10-20.36.04:834][  0]LogConfig: Setting CVar [[gc.AllowParallelGC:1]]
[2020.02.10-20.36.04:834][  0]LogConfig: Setting CVar [[gc.TimeBetweenPurgingPendingKillObjects:61.1]]
[2020.02.10-20.36.04:834][  0]LogConfig: Setting CVar [[gc.MaxObjectsInEditor:16777216]]
[2020.02.10-20.36.04:834][  0]LogConfig: Setting CVar [[gc.IncrementalBeginDestroyEnabled:1]]
[2020.02.10-20.36.04:834][  0]LogConfig: Setting CVar [[gc.CreateGCClusters:1]]
[2020.02.10-20.36.04:834][  0]LogConfig: Setting CVar [[gc.MinGCClusterSize:5]]
[2020.02.10-20.36.04:834][  0]LogConfig: Setting CVar [[gc.ActorClusteringEnabled:0]]
[2020.02.10-20.36.04:834][  0]LogConfig: Setting CVar [[gc.BlueprintClusteringEnabled:0]]
[2020.02.10-20.36.04:834][  0]LogConfig: Setting CVar [[gc.UseDisregardForGCOnDedicatedServers:0]]
[2020.02.10-20.36.04:834][  0]LogConfig: Applying CVar settings from Section [/Script/Engine.NetworkSettings] File [D:/Users/guo.lu8015/Desktop/Proto1/Proto1/CombatArena/Saved/Config/Windows/Engine.ini]
[2020.02.10-20.36.04:834][  0]LogConfig: Applying CVar settings from Section [/Script/UnrealEd.CookerSettings] File [D:/Users/guo.lu8015/Desktop/Proto1/Proto1/CombatArena/Saved/Config/Windows/Engine.ini]
[2020.02.10-20.36.04:838][  0]LogConfig: Applying CVar settings from Section [ViewDistanceQuality@3] File [D:/Users/guo.lu8015/Desktop/Proto1/Proto1/CombatArena/Saved/Config/Windows/Scalability.ini]
[2020.02.10-20.36.04:838][  0]LogConfig: Setting CVar [[r.SkeletalMeshLODBias:0]]
[2020.02.10-20.36.04:838][  0]LogConfig: Setting CVar [[r.ViewDistanceScale:1.0]]
[2020.02.10-20.36.04:838][  0]LogConfig: Applying CVar settings from Section [AntiAliasingQuality@3] File [D:/Users/guo.lu8015/Desktop/Proto1/Proto1/CombatArena/Saved/Config/Windows/Scalability.ini]
[2020.02.10-20.36.04:838][  0]LogConfig: Setting CVar [[r.PostProcessAAQuality:4]]
[2020.02.10-20.36.04:838][  0]LogConfig: Applying CVar settings from Section [ShadowQuality@3] File [D:/Users/guo.lu8015/Desktop/Proto1/Proto1/CombatArena/Saved/Config/Windows/Scalability.ini]
[2020.02.10-20.36.04:838][  0]LogConfig: Setting CVar [[r.LightFunctionQuality:1]]
[2020.02.10-20.36.04:838][  0]LogConfig: Setting CVar [[r.ShadowQuality:5]]
[2020.02.10-20.36.04:838][  0]LogConfig: Setting CVar [[r.Shadow.CSM.MaxCascades:10]]
[2020.02.10-20.36.04:838][  0]LogConfig: Setting CVar [[r.Shadow.MaxResolution:2048]]
[2020.02.10-20.36.04:838][  0]LogConfig: Setting CVar [[r.Shadow.MaxCSMResolution:2048]]
[2020.02.10-20.36.04:838][  0]LogConfig: Setting CVar [[r.Shadow.RadiusThreshold:0.01]]
[2020.02.10-20.36.04:838][  0]LogConfig: Setting CVar [[r.Shadow.DistanceScale:1.0]]
[2020.02.10-20.36.04:838][  0]LogConfig: Setting CVar [[r.Shadow.CSM.TransitionScale:1.0]]
[2020.02.10-20.36.04:838][  0]LogConfig: Setting CVar [[r.Shadow.PreShadowResolutionFactor:1.0]]
[2020.02.10-20.36.04:838][  0]LogConfig: Setting CVar [[r.DistanceFieldShadowing:1]]
[2020.02.10-20.36.04:838][  0]LogConfig: Setting CVar [[r.DistanceFieldAO:1]]
[2020.02.10-20.36.04:838][  0]LogConfig: Setting CVar [[r.AOQuality:2]]
[2020.02.10-20.36.04:838][  0]LogConfig: Setting CVar [[r.VolumetricFog:1]]
[2020.02.10-20.36.04:838][  0]LogConfig: Setting CVar [[r.VolumetricFog.GridPixelSize:8]]
[2020.02.10-20.36.04:838][  0]LogConfig: Setting CVar [[r.VolumetricFog.GridSizeZ:128]]
[2020.02.10-20.36.04:838][  0]LogConfig: Setting CVar [[r.VolumetricFog.HistoryMissSupersampleCount:4]]
[2020.02.10-20.36.04:838][  0]LogConfig: Setting CVar [[r.LightMaxDrawDistanceScale:1]]
[2020.02.10-20.36.04:838][  0]LogConfig: Setting CVar [[r.CapsuleShadows:1]]
[2020.02.10-20.36.04:838][  0]LogConfig: Applying CVar settings from Section [PostProcessQuality@3] File [D:/Users/guo.lu8015/Desktop/Proto1/Proto1/CombatArena/Saved/Config/Windows/Scalability.ini]
[2020.02.10-20.36.04:838][  0]LogConfig: Setting CVar [[r.MotionBlurQuality:4]]
[2020.02.10-20.36.04:838][  0]LogConfig: Setting CVar [[r.AmbientOcclusionMipLevelFactor:0.4]]
[2020.02.10-20.36.04:838][  0]LogConfig: Setting CVar [[r.AmbientOcclusionMaxQuality:100]]
[2020.02.10-20.36.04:838][  0]LogConfig: Setting CVar [[r.AmbientOcclusionLevels:-1]]
[2020.02.10-20.36.04:838][  0]LogConfig: Setting CVar [[r.AmbientOcclusionRadiusScale:1.0]]
[2020.02.10-20.36.04:838][  0]LogConfig: Setting CVar [[r.DepthOfFieldQuality:2]]
[2020.02.10-20.36.04:838][  0]LogConfig: Setting CVar [[r.RenderTargetPoolMin:400]]
[2020.02.10-20.36.04:838][  0]LogConfig: Setting CVar [[r.LensFlareQuality:2]]
[2020.02.10-20.36.04:838][  0]LogConfig: Setting CVar [[r.SceneColorFringeQuality:1]]
[2020.02.10-20.36.04:838][  0]LogConfig: Setting CVar [[r.EyeAdaptationQuality:2]]
[2020.02.10-20.36.04:838][  0]LogConfig: Setting CVar [[r.BloomQuality:5]]
[2020.02.10-20.36.04:838][  0]LogConfig: Setting CVar [[r.FastBlurThreshold:100]]
[2020.02.10-20.36.04:838][  0]LogConfig: Setting CVar [[r.Upscale.Quality:3]]
[2020.02.10-20.36.04:838][  0]LogConfig: Setting CVar [[r.Tonemapper.GrainQuantization:1]]
[2020.02.10-20.36.04:838][  0]LogConfig: Setting CVar [[r.LightShaftQuality:1]]
[2020.02.10-20.36.04:838][  0]LogConfig: Setting CVar [[r.Filter.SizeScale:1]]
[2020.02.10-20.36.04:838][  0]LogConfig: Setting CVar [[r.Tonemapper.Quality:5]]
[2020.02.10-20.36.04:838][  0]LogConfig: Setting CVar [[r.DOF.Gather.AccumulatorQuality:1        ; higher gathering accumulator quality]]
[2020.02.10-20.36.04:838][  0]LogConfig: Setting CVar [[r.DOF.Gather.PostfilterMethod:1          ; Median3x3 postfilering method]]
[2020.02.10-20.36.04:838][  0]LogConfig: Setting CVar [[r.DOF.Gather.EnableBokehSettings:0       ; no bokeh simulation when gathering]]
[2020.02.10-20.36.04:838][  0]LogConfig: Setting CVar [[r.DOF.Gather.RingCount:4                 ; medium number of samples when gathering]]
[2020.02.10-20.36.04:838][  0]LogConfig: Setting CVar [[r.DOF.Scatter.ForegroundCompositing:1    ; additive foreground scattering]]
[2020.02.10-20.36.04:838][  0]LogConfig: Setting CVar [[r.DOF.Scatter.BackgroundCompositing:2    ; additive background scattering]]
[2020.02.10-20.36.04:838][  0]LogConfig: Setting CVar [[r.DOF.Scatter.EnableBokehSettings:1      ; bokeh simulation when scattering]]
[2020.02.10-20.36.04:838][  0]LogConfig: Setting CVar [[r.DOF.Scatter.MaxSpriteRatio:0.1         ; only a maximum of 10% of scattered bokeh]]
[2020.02.10-20.36.04:839][  0]LogConfig: Setting CVar [[r.DOF.Recombine.Quality:1                ; cheap slight out of focus]]
[2020.02.10-20.36.04:839][  0]LogConfig: Setting CVar [[r.DOF.Recombine.EnableBokehSettings:0    ; no bokeh simulation on slight out of focus]]
[2020.02.10-20.36.04:839][  0]LogConfig: Setting CVar [[r.DOF.TemporalAAQuality:1                ; more stable temporal accumulation]]
[2020.02.10-20.36.04:839][  0]LogConfig: Setting CVar [[r.DOF.Kernel.MaxForegroundRadius:0.025]]
[2020.02.10-20.36.04:839][  0]LogConfig: Setting CVar [[r.DOF.Kernel.MaxBackgroundRadius:0.025]]
[2020.02.10-20.36.04:839][  0]LogConfig: Applying CVar settings from Section [TextureQuality@3] File [D:/Users/guo.lu8015/Desktop/Proto1/Proto1/CombatArena/Saved/Config/Windows/Scalability.ini]
[2020.02.10-20.36.04:839][  0]LogConfig: Setting CVar [[r.Streaming.MipBias:0]]
[2020.02.10-20.36.04:839][  0]LogConfig: Setting CVar [[r.Streaming.AmortizeCPUToGPUCopy:0]]
[2020.02.10-20.36.04:839][  0]LogConfig: Setting CVar [[r.Streaming.MaxNumTexturesToStreamPerFrame:0]]
[2020.02.10-20.36.04:839][  0]LogConfig: Setting CVar [[r.Streaming.Boost:1]]
[2020.02.10-20.36.04:839][  0]LogConfig: Setting CVar [[r.MaxAnisotropy:8]]
[2020.02.10-20.36.04:839][  0]LogConfig: Setting CVar [[r.Streaming.LimitPoolSizeToVRAM:0]]
[2020.02.10-20.36.04:839][  0]LogConfig: Setting CVar [[r.Streaming.PoolSize:1000]]
[2020.02.10-20.36.04:839][  0]LogConfig: Setting CVar [[r.Streaming.MaxEffectiveScreenSize:0]]
[2020.02.10-20.36.04:839][  0]LogConfig: Applying CVar settings from Section [EffectsQuality@3] File [D:/Users/guo.lu8015/Desktop/Proto1/Proto1/CombatArena/Saved/Config/Windows/Scalability.ini]
[2020.02.10-20.36.04:839][  0]LogConfig: Setting CVar [[r.TranslucencyLightingVolumeDim:64]]
[2020.02.10-20.36.04:839][  0]LogConfig: Setting CVar [[r.RefractionQuality:2]]
[2020.02.10-20.36.04:839][  0]LogConfig: Setting CVar [[r.SSR.Quality:3]]
[2020.02.10-20.36.04:839][  0]LogConfig: Setting CVar [[r.SceneColorFormat:4]]
[2020.02.10-20.36.04:839][  0]LogConfig: Setting CVar [[r.DetailMode:2]]
[2020.02.10-20.36.04:839][  0]LogConfig: Setting CVar [[r.TranslucencyVolumeBlur:1]]
[2020.02.10-20.36.04:839][  0]LogConfig: Setting CVar [[r.MaterialQualityLevel:1 ; High quality]]
[2020.02.10-20.36.04:839][  0]LogConfig: Setting CVar [[r.SSS.Scale:1]]
[2020.02.10-20.36.04:839][  0]LogConfig: Setting CVar [[r.SSS.SampleSet:2]]
[2020.02.10-20.36.04:839][  0]LogConfig: Setting CVar [[r.SSS.Quality:1]]
[2020.02.10-20.36.04:839][  0]LogConfig: Setting CVar [[r.SSS.HalfRes:1]]
[2020.02.10-20.36.04:839][  0]LogConfig: Setting CVar [[r.EmitterSpawnRateScale:1.0]]
[2020.02.10-20.36.04:839][  0]LogConfig: Setting CVar [[r.ParticleLightQuality:2]]
[2020.02.10-20.36.04:839][  0]LogConfig: Applying CVar settings from Section [FoliageQuality@3] File [D:/Users/guo.lu8015/Desktop/Proto1/Proto1/CombatArena/Saved/Config/Windows/Scalability.ini]
[2020.02.10-20.36.04:839][  0]LogConfig: Setting CVar [[foliage.DensityScale:1.0]]
[2020.02.10-20.36.04:839][  0]LogConfig: Setting CVar [[grass.DensityScale:1.0]]
[2020.02.10-20.36.04:839][  0]LogInit: Selected Device Profile: [Windows]
[2020.02.10-20.36.04:839][  0]LogInit: Applying CVar settings loaded from the selected device profile: [Windows]
[2020.02.10-20.36.04:853][  0]LogHAL: Display: Platform has ~ 32 GB [34122706944 / 34359738368 / 32], which maps to Largest [LargestMinGB=32, LargerMinGB=12, DefaultMinGB=8, SmallerMinGB=6, SmallestMinGB=0)
[2020.02.10-20.36.04:853][  0]LogConfig: Setting CVar [[r.Vulkan.UseRealUBs:0		; Required until we fix HLR fall-out]]
[2020.02.10-20.36.04:853][  0]LogInit: Going up to parent DeviceProfile []
[2020.02.10-20.36.04:853][  0]LogConfig: Applying CVar settings from Section [ViewDistanceQuality@3] File [D:/Users/guo.lu8015/Desktop/Proto1/Proto1/CombatArena/Saved/Config/Windows/Scalability.ini]
[2020.02.10-20.36.04:853][  0]LogConfig: Setting CVar [[r.SkeletalMeshLODBias:0]]
[2020.02.10-20.36.04:853][  0]LogConfig: Setting CVar [[r.ViewDistanceScale:1.0]]
[2020.02.10-20.36.04:853][  0]LogConfig: Applying CVar settings from Section [AntiAliasingQuality@3] File [D:/Users/guo.lu8015/Desktop/Proto1/Proto1/CombatArena/Saved/Config/Windows/Scalability.ini]
[2020.02.10-20.36.04:853][  0]LogConfig: Setting CVar [[r.PostProcessAAQuality:4]]
[2020.02.10-20.36.04:853][  0]LogConfig: Applying CVar settings from Section [ShadowQuality@3] File [D:/Users/guo.lu8015/Desktop/Proto1/Proto1/CombatArena/Saved/Config/Windows/Scalability.ini]
[2020.02.10-20.36.04:853][  0]LogConfig: Setting CVar [[r.LightFunctionQuality:1]]
[2020.02.10-20.36.04:853][  0]LogConfig: Setting CVar [[r.ShadowQuality:5]]
[2020.02.10-20.36.04:853][  0]LogConfig: Setting CVar [[r.Shadow.CSM.MaxCascades:10]]
[2020.02.10-20.36.04:853][  0]LogConfig: Setting CVar [[r.Shadow.MaxResolution:2048]]
[2020.02.10-20.36.04:853][  0]LogConfig: Setting CVar [[r.Shadow.MaxCSMResolution:2048]]
[2020.02.10-20.36.04:853][  0]LogConfig: Setting CVar [[r.Shadow.RadiusThreshold:0.01]]
[2020.02.10-20.36.04:853][  0]LogConfig: Setting CVar [[r.Shadow.DistanceScale:1.0]]
[2020.02.10-20.36.04:853][  0]LogConfig: Setting CVar [[r.Shadow.CSM.TransitionScale:1.0]]
[2020.02.10-20.36.04:853][  0]LogConfig: Setting CVar [[r.Shadow.PreShadowResolutionFactor:1.0]]
[2020.02.10-20.36.04:853][  0]LogConfig: Setting CVar [[r.DistanceFieldShadowing:1]]
[2020.02.10-20.36.04:853][  0]LogConfig: Setting CVar [[r.DistanceFieldAO:1]]
[2020.02.10-20.36.04:854][  0]LogConfig: Setting CVar [[r.AOQuality:2]]
[2020.02.10-20.36.04:854][  0]LogConfig: Setting CVar [[r.VolumetricFog:1]]
[2020.02.10-20.36.04:854][  0]LogConfig: Setting CVar [[r.VolumetricFog.GridPixelSize:8]]
[2020.02.10-20.36.04:854][  0]LogConfig: Setting CVar [[r.VolumetricFog.GridSizeZ:128]]
[2020.02.10-20.36.04:854][  0]LogConfig: Setting CVar [[r.VolumetricFog.HistoryMissSupersampleCount:4]]
[2020.02.10-20.36.04:854][  0]LogConfig: Setting CVar [[r.LightMaxDrawDistanceScale:1]]
[2020.02.10-20.36.04:854][  0]LogConfig: Setting CVar [[r.CapsuleShadows:1]]
[2020.02.10-20.36.04:854][  0]LogConfig: Applying CVar settings from Section [PostProcessQuality@3] File [D:/Users/guo.lu8015/Desktop/Proto1/Proto1/CombatArena/Saved/Config/Windows/Scalability.ini]
[2020.02.10-20.36.04:854][  0]LogConfig: Setting CVar [[r.MotionBlurQuality:4]]
[2020.02.10-20.36.04:854][  0]LogConfig: Setting CVar [[r.AmbientOcclusionMipLevelFactor:0.4]]
[2020.02.10-20.36.04:854][  0]LogConfig: Setting CVar [[r.AmbientOcclusionMaxQuality:100]]
[2020.02.10-20.36.04:854][  0]LogConfig: Setting CVar [[r.AmbientOcclusionLevels:-1]]
[2020.02.10-20.36.04:854][  0]LogConfig: Setting CVar [[r.AmbientOcclusionRadiusScale:1.0]]
[2020.02.10-20.36.04:854][  0]LogConfig: Setting CVar [[r.DepthOfFieldQuality:2]]
[2020.02.10-20.36.04:854][  0]LogConfig: Setting CVar [[r.RenderTargetPoolMin:400]]
[2020.02.10-20.36.04:854][  0]LogConfig: Setting CVar [[r.LensFlareQuality:2]]
[2020.02.10-20.36.04:854][  0]LogConfig: Setting CVar [[r.SceneColorFringeQuality:1]]
[2020.02.10-20.36.04:854][  0]LogConfig: Setting CVar [[r.EyeAdaptationQuality:2]]
[2020.02.10-20.36.04:854][  0]LogConfig: Setting CVar [[r.BloomQuality:5]]
[2020.02.10-20.36.04:854][  0]LogConfig: Setting CVar [[r.FastBlurThreshold:100]]
[2020.02.10-20.36.04:854][  0]LogConfig: Setting CVar [[r.Upscale.Quality:3]]
[2020.02.10-20.36.04:854][  0]LogConfig: Setting CVar [[r.Tonemapper.GrainQuantization:1]]
[2020.02.10-20.36.04:854][  0]LogConfig: Setting CVar [[r.LightShaftQuality:1]]
[2020.02.10-20.36.04:854][  0]LogConfig: Setting CVar [[r.Filter.SizeScale:1]]
[2020.02.10-20.36.04:854][  0]LogConfig: Setting CVar [[r.Tonemapper.Quality:5]]
[2020.02.10-20.36.04:854][  0]LogConfig: Setting CVar [[r.DOF.Gather.AccumulatorQuality:1        ; higher gathering accumulator quality]]
[2020.02.10-20.36.04:854][  0]LogConfig: Setting CVar [[r.DOF.Gather.PostfilterMethod:1          ; Median3x3 postfilering method]]
[2020.02.10-20.36.04:854][  0]LogConfig: Setting CVar [[r.DOF.Gather.EnableBokehSettings:0       ; no bokeh simulation when gathering]]
[2020.02.10-20.36.04:854][  0]LogConfig: Setting CVar [[r.DOF.Gather.RingCount:4                 ; medium number of samples when gathering]]
[2020.02.10-20.36.04:854][  0]LogConfig: Setting CVar [[r.DOF.Scatter.ForegroundCompositing:1    ; additive foreground scattering]]
[2020.02.10-20.36.04:854][  0]LogConfig: Setting CVar [[r.DOF.Scatter.BackgroundCompositing:2    ; additive background scattering]]
[2020.02.10-20.36.04:854][  0]LogConfig: Setting CVar [[r.DOF.Scatter.EnableBokehSettings:1      ; bokeh simulation when scattering]]
[2020.02.10-20.36.04:854][  0]LogConfig: Setting CVar [[r.DOF.Scatter.MaxSpriteRatio:0.1         ; only a maximum of 10% of scattered bokeh]]
[2020.02.10-20.36.04:854][  0]LogConfig: Setting CVar [[r.DOF.Recombine.Quality:1                ; cheap slight out of focus]]
[2020.02.10-20.36.04:854][  0]LogConfig: Setting CVar [[r.DOF.Recombine.EnableBokehSettings:0    ; no bokeh simulation on slight out of focus]]
[2020.02.10-20.36.04:854][  0]LogConfig: Setting CVar [[r.DOF.TemporalAAQuality:1                ; more stable temporal accumulation]]
[2020.02.10-20.36.04:854][  0]LogConfig: Setting CVar [[r.DOF.Kernel.MaxForegroundRadius:0.025]]
[2020.02.10-20.36.04:854][  0]LogConfig: Setting CVar [[r.DOF.Kernel.MaxBackgroundRadius:0.025]]
[2020.02.10-20.36.04:854][  0]LogConfig: Applying CVar settings from Section [TextureQuality@3] File [D:/Users/guo.lu8015/Desktop/Proto1/Proto1/CombatArena/Saved/Config/Windows/Scalability.ini]
[2020.02.10-20.36.04:854][  0]LogConfig: Setting CVar [[r.Streaming.MipBias:0]]
[2020.02.10-20.36.04:854][  0]LogConfig: Setting CVar [[r.Streaming.AmortizeCPUToGPUCopy:0]]
[2020.02.10-20.36.04:854][  0]LogConfig: Setting CVar [[r.Streaming.MaxNumTexturesToStreamPerFrame:0]]
[2020.02.10-20.36.04:854][  0]LogConfig: Setting CVar [[r.Streaming.Boost:1]]
[2020.02.10-20.36.04:854][  0]LogConfig: Setting CVar [[r.MaxAnisotropy:8]]
[2020.02.10-20.36.04:854][  0]LogConfig: Setting CVar [[r.Streaming.LimitPoolSizeToVRAM:0]]
[2020.02.10-20.36.04:854][  0]LogConfig: Setting CVar [[r.Streaming.PoolSize:1000]]
[2020.02.10-20.36.04:854][  0]LogConfig: Setting CVar [[r.Streaming.MaxEffectiveScreenSize:0]]
[2020.02.10-20.36.04:854][  0]LogConfig: Applying CVar settings from Section [EffectsQuality@3] File [D:/Users/guo.lu8015/Desktop/Proto1/Proto1/CombatArena/Saved/Config/Windows/Scalability.ini]
[2020.02.10-20.36.04:854][  0]LogConfig: Setting CVar [[r.TranslucencyLightingVolumeDim:64]]
[2020.02.10-20.36.04:854][  0]LogConfig: Setting CVar [[r.RefractionQuality:2]]
[2020.02.10-20.36.04:854][  0]LogConfig: Setting CVar [[r.SSR.Quality:3]]
[2020.02.10-20.36.04:854][  0]LogConfig: Setting CVar [[r.SceneColorFormat:4]]
[2020.02.10-20.36.04:854][  0]LogConfig: Setting CVar [[r.DetailMode:2]]
[2020.02.10-20.36.04:854][  0]LogConfig: Setting CVar [[r.TranslucencyVolumeBlur:1]]
[2020.02.10-20.36.04:854][  0]LogConfig: Setting CVar [[r.MaterialQualityLevel:1 ; High quality]]
[2020.02.10-20.36.04:854][  0]LogConfig: Setting CVar [[r.SSS.Scale:1]]
[2020.02.10-20.36.04:854][  0]LogConfig: Setting CVar [[r.SSS.SampleSet:2]]
[2020.02.10-20.36.04:854][  0]LogConfig: Setting CVar [[r.SSS.Quality:1]]
[2020.02.10-20.36.04:854][  0]LogConfig: Setting CVar [[r.SSS.HalfRes:1]]
[2020.02.10-20.36.04:854][  0]LogConfig: Setting CVar [[r.EmitterSpawnRateScale:1.0]]
[2020.02.10-20.36.04:854][  0]LogConfig: Setting CVar [[r.ParticleLightQuality:2]]
[2020.02.10-20.36.04:855][  0]LogConfig: Applying CVar settings from Section [FoliageQuality@3] File [D:/Users/guo.lu8015/Desktop/Proto1/Proto1/CombatArena/Saved/Config/Windows/Scalability.ini]
[2020.02.10-20.36.04:855][  0]LogConfig: Setting CVar [[foliage.DensityScale:1.0]]
[2020.02.10-20.36.04:855][  0]LogConfig: Setting CVar [[grass.DensityScale:1.0]]
[2020.02.10-20.36.04:855][  0]LogConfig: Applying CVar settings from Section [Startup] File [../../../Engine/Config/ConsoleVariables.ini]
[2020.02.10-20.36.04:855][  0]LogConfig: Setting CVar [[net.UseAdaptiveNetUpdateFrequency:0]]
[2020.02.10-20.36.04:855][  0]LogConfig: Setting CVar [[p.chaos.AllowCreatePhysxBodies:1]]
[2020.02.10-20.36.04:855][  0]LogConfig: Applying CVar settings from Section [ConsoleVariables] File [D:/Users/guo.lu8015/Desktop/Proto1/Proto1/CombatArena/Saved/Config/Windows/Engine.ini]
[2020.02.10-20.36.04:855][  0]LogInit: Computer: 1406C007
[2020.02.10-20.36.04:855][  0]LogInit: User: guolu8015
[2020.02.10-20.36.04:855][  0]LogInit: CPU Page size=4096, Cores=6
[2020.02.10-20.36.04:855][  0]LogInit: High frequency timer resolution =10.000000 MHz
[2020.02.10-20.36.04:855][  0]LogMemory: Memory total: Physical=31.8GB (32GB approx)
[2020.02.10-20.36.04:855][  0]LogMemory: Platform Memory Stats for Windows
[2020.02.10-20.36.04:855][  0]LogMemory: Process Physical Memory: 100.45 MB used, 100.45 MB peak
[2020.02.10-20.36.04:855][  0]LogMemory: Process Virtual Memory: 89.78 MB used, 89.78 MB peak
[2020.02.10-20.36.04:855][  0]LogMemory: Physical Memory: 7802.33 MB used,  24739.62 MB free, 32541.95 MB total
[2020.02.10-20.36.04:855][  0]LogMemory: Virtual Memory: 4661.01 MB used,  134213064.00 MB free, 134217728.00 MB total
[2020.02.10-20.36.04:865][  0]LogInit: Using OS detected language (en-US).
[2020.02.10-20.36.04:865][  0]LogInit: Using OS detected locale (en-NZ).
[2020.02.10-20.36.04:865][  0]LogTextLocalizationManager: No specific localization for 'en-US' exists, so the 'en' localization will be used.
[2020.02.10-20.36.04:990][  0]LogInit: Setting process to per monitor DPI aware
[2020.02.10-20.36.05:011][  0]LogSlate: New Slate User Created.  User Index 0, Is Virtual User: 0
[2020.02.10-20.36.05:011][  0]LogSlate: Slate User Registered.  User Index 0, Is Virtual User: 0
[2020.02.10-20.36.05:131][  0]LogHMD: Failed to initialize OpenVR with code 110
[2020.02.10-20.36.05:131][  0]LogD3D11RHI: D3D11 adapters:
[2020.02.10-20.36.05:208][  0]LogD3D11RHI:    0. 'NVIDIA GeForce RTX 2080' (Feature Level 11_0)
[2020.02.10-20.36.05:208][  0]LogD3D11RHI:       8010/0/16270 MB DedicatedVideo/DedicatedSystem/SharedSystem, Outputs:2, VendorId:0x10de
[2020.02.10-20.36.05:237][  0]LogD3D11RHI:    1. 'Intel(R) UHD Graphics 630' (Feature Level 11_0)
[2020.02.10-20.36.05:237][  0]LogD3D11RHI:       128/0/16270 MB DedicatedVideo/DedicatedSystem/SharedSystem, Outputs:0, VendorId:0x8086
[2020.02.10-20.36.05:242][  0]LogD3D11RHI:    2. 'Microsoft Basic Render Driver' (Feature Level 11_0)
[2020.02.10-20.36.05:242][  0]LogD3D11RHI:       0/0/16270 MB DedicatedVideo/DedicatedSystem/SharedSystem, Outputs:0, VendorId:0x1414
[2020.02.10-20.36.05:242][  0]LogD3D11RHI: Chosen D3D11 Adapter: 0
[2020.02.10-20.36.05:248][  0]LogD3D11RHI: Creating new Direct3DDevice
[2020.02.10-20.36.05:248][  0]LogD3D11RHI:     GPU DeviceId: 0x1e82 (for the marketing name, search the web for "GPU Device Id")
[2020.02.10-20.36.05:248][  0]LogWindows: EnumDisplayDevices:
[2020.02.10-20.36.05:248][  0]LogWindows:    0. 'NVIDIA GeForce RTX 2080' (P:1 D:1)
[2020.02.10-20.36.05:249][  0]LogWindows:    1. 'NVIDIA GeForce RTX 2080' (P:0 D:1)
[2020.02.10-20.36.05:249][  0]LogWindows:    2. 'NVIDIA GeForce RTX 2080' (P:0 D:0)
[2020.02.10-20.36.05:249][  0]LogWindows:    3. 'NVIDIA GeForce RTX 2080' (P:0 D:0)
[2020.02.10-20.36.05:249][  0]LogWindows:    4. 'Intel(R) UHD Graphics 630' (P:0 D:0)
[2020.02.10-20.36.05:250][  0]LogWindows:    5. 'Intel(R) UHD Graphics 630' (P:0 D:0)
[2020.02.10-20.36.05:250][  0]LogWindows:    6. 'Intel(R) UHD Graphics 630' (P:0 D:0)
[2020.02.10-20.36.05:250][  0]LogWindows:    7. 'Mirage Driver' (P:0 D:0)
[2020.02.10-20.36.05:250][  0]LogWindows: DebugString: PrimaryIsNotTheChoosenAdapter PrimaryIsNotTheChoosenAdapter PrimaryIsNotTheChoosenAdapter GetVideoDriverDetailsInvalid PrimaryIsNotTheChoosenAdapter FoundDriverCount:4 
[2020.02.10-20.36.05:250][  0]LogD3D11RHI:     Adapter Name: NVIDIA GeForce RTX 2080
[2020.02.10-20.36.05:250][  0]LogD3D11RHI:   Driver Version: 431.23 (internal:26.21.14.3123, unified:431.23)
[2020.02.10-20.36.05:250][  0]LogD3D11RHI:      Driver Date: 6-24-2019
[2020.02.10-20.36.05:250][  0]LogRHI: Texture pool is 5607 MB (70% of 8010 MB)
[2020.02.10-20.36.05:291][  0]LogD3D11RHI: Async texture creation enabled
[2020.02.10-20.36.05:296][  0]LogRendererCore: FGlobalReadBuffer::InitRHI
[2020.02.10-20.36.05:296][  0]LogRendererCore: FGlobalReadBuffer::InitRHI
[2020.02.10-20.36.05:296][  0]LogRendererCore: FGlobalReadBuffer::InitRHI
[2020.02.10-20.36.05:309][  0]LogD3D11RHI: GPU Timing Frequency: 1000.000000 (Debug: 2 2)
[2020.02.10-20.36.05:616][  0]LogTemp: Display: Module 'AllDesktopTargetPlatform' loaded TargetPlatform 'AllDesktop'
[2020.02.10-20.36.05:626][  0]LogTemp: Display: Module 'MacClientTargetPlatform' loaded TargetPlatform 'MacClient'
[2020.02.10-20.36.05:636][  0]LogTemp: Display: Module 'MacNoEditorTargetPlatform' loaded TargetPlatform 'MacNoEditor'
[2020.02.10-20.36.05:646][  0]LogTemp: Display: Module 'MacServerTargetPlatform' loaded TargetPlatform 'MacServer'
[2020.02.10-20.36.05:655][  0]LogTemp: Display: Module 'MacTargetPlatform' loaded TargetPlatform 'Mac'
[2020.02.10-20.36.05:667][  0]LogTemp: Display: Module 'WindowsClientTargetPlatform' loaded TargetPlatform 'WindowsClient'
[2020.02.10-20.36.05:678][  0]LogTemp: Display: Module 'WindowsNoEditorTargetPlatform' loaded TargetPlatform 'WindowsNoEditor'
[2020.02.10-20.36.05:688][  0]LogTemp: Display: Module 'WindowsServerTargetPlatform' loaded TargetPlatform 'WindowsServer'
[2020.02.10-20.36.05:693][  0]LogTemp: Display: Module 'WindowsTargetPlatform' loaded TargetPlatform 'Windows'
[2020.02.10-20.36.05:753][  0]LogTemp: Display: Module 'AndroidTargetPlatform' loaded TargetPlatform 'Android'
[2020.02.10-20.36.05:753][  0]LogTemp: Display: Module 'AndroidTargetPlatform' loaded TargetPlatform 'Android_ASTC'
[2020.02.10-20.36.05:753][  0]LogTemp: Display: Module 'AndroidTargetPlatform' loaded TargetPlatform 'Android_ATC'
[2020.02.10-20.36.05:753][  0]LogTemp: Display: Module 'AndroidTargetPlatform' loaded TargetPlatform 'Android_DXT'
[2020.02.10-20.36.05:753][  0]LogTemp: Display: Module 'AndroidTargetPlatform' loaded TargetPlatform 'Android_ETC1'
[2020.02.10-20.36.05:753][  0]LogTemp: Display: Module 'AndroidTargetPlatform' loaded TargetPlatform 'Android_ETC1a'
[2020.02.10-20.36.05:753][  0]LogTemp: Display: Module 'AndroidTargetPlatform' loaded TargetPlatform 'Android_ETC2'
[2020.02.10-20.36.05:753][  0]LogTemp: Display: Module 'AndroidTargetPlatform' loaded TargetPlatform 'Android_PVRTC'
[2020.02.10-20.36.05:753][  0]LogTemp: Display: Module 'AndroidTargetPlatform' loaded TargetPlatform 'AndroidClient'
[2020.02.10-20.36.05:753][  0]LogTemp: Display: Module 'AndroidTargetPlatform' loaded TargetPlatform 'Android_ASTCClient'
[2020.02.10-20.36.05:753][  0]LogTemp: Display: Module 'AndroidTargetPlatform' loaded TargetPlatform 'Android_ATCClient'
[2020.02.10-20.36.05:753][  0]LogTemp: Display: Module 'AndroidTargetPlatform' loaded TargetPlatform 'Android_DXTClient'
[2020.02.10-20.36.05:753][  0]LogTemp: Display: Module 'AndroidTargetPlatform' loaded TargetPlatform 'Android_ETC1Client'
[2020.02.10-20.36.05:753][  0]LogTemp: Display: Module 'AndroidTargetPlatform' loaded TargetPlatform 'Android_ETC1aClient'
[2020.02.10-20.36.05:753][  0]LogTemp: Display: Module 'AndroidTargetPlatform' loaded TargetPlatform 'Android_ETC2Client'
[2020.02.10-20.36.05:753][  0]LogTemp: Display: Module 'AndroidTargetPlatform' loaded TargetPlatform 'Android_PVRTCClient'
[2020.02.10-20.36.05:753][  0]LogTemp: Display: Module 'AndroidTargetPlatform' loaded TargetPlatform 'Android_Multi'
[2020.02.10-20.36.05:753][  0]LogTemp: Display: Module 'AndroidTargetPlatform' loaded TargetPlatform 'Android_MultiClient'
[2020.02.10-20.36.05:754][  0]LogTemp: Display: Module 'HTML5TargetPlatform' loaded TargetPlatform 'HTML5'
[2020.02.10-20.36.05:796][  0]LogTemp: Display: Module 'IOSTargetPlatform' loaded TargetPlatform 'IOSClient'
[2020.02.10-20.36.05:796][  0]LogTemp: Display: Module 'IOSTargetPlatform' loaded TargetPlatform 'IOS'
[2020.02.10-20.36.05:814][  0]LogTemp: Display: Module 'TVOSTargetPlatform' loaded TargetPlatform 'TVOSClient'
[2020.02.10-20.36.05:814][  0]LogTemp: Display: Module 'TVOSTargetPlatform' loaded TargetPlatform 'TVOS'
[2020.02.10-20.36.05:824][  0]LogTemp: Display: Module 'LinuxClientTargetPlatform' loaded TargetPlatform 'LinuxClient'
[2020.02.10-20.36.05:834][  0]LogTemp: Display: Module 'LinuxNoEditorTargetPlatform' loaded TargetPlatform 'LinuxNoEditor'
[2020.02.10-20.36.05:843][  0]LogTemp: Display: Module 'LinuxServerTargetPlatform' loaded TargetPlatform 'LinuxServer'
[2020.02.10-20.36.05:854][  0]LogTemp: Display: Module 'LinuxTargetPlatform' loaded TargetPlatform 'Linux'
[2020.02.10-20.36.05:889][  0]LogTemp: Display: Module 'LuminTargetPlatform' loaded TargetPlatform 'Lumin'
[2020.02.10-20.36.05:889][  0]LogTemp: Display: Module 'LuminTargetPlatform' loaded TargetPlatform 'LuminClient'
[2020.02.10-20.36.05:889][  0]LogTargetPlatformManager: Display: Building Assets For Windows
[2020.02.10-20.36.05:894][  0]LogAudioDebug: Display: Lib vorbis DLL was dynamically loaded.
[2020.02.10-20.36.05:920][  0]LogShaderCompilers: Guid format shader working directory is -15 characters bigger than the processId version (../../../../../Users/guo.lu8015/Desktop/Proto1/Proto1/CombatArena/Intermediate/Shaders/WorkingDirectory/16792/).
[2020.02.10-20.36.05:920][  0]LogShaderCompilers: Cleaned the shader compiler working directory 'D:/Users/guo.lu8015/AppData/Local/Temp/UnrealShaderWorkingDir/11CFC41C47B6AF4C8C5C37810A6CDCBD/'.
[2020.02.10-20.36.05:921][  0]LogXGEController: Cannot use XGE Controller as Incredibuild is not installed on this machine.
[2020.02.10-20.36.05:921][  0]LogShaderCompilers: Cannot use XGE Shader Compiler as Incredibuild is not installed on this machine.
[2020.02.10-20.36.05:921][  0]LogShaderCompilers: Display: Using Local Shader Compiler.
[2020.02.10-20.36.06:385][  0]LogDerivedDataCache: Display: Max Cache Size: 512 MB
[2020.02.10-20.36.06:423][  0]LogDerivedDataCache: Loaded boot cache 0.04s 75MB D:/Users/guo.lu8015/AppData/Local/UnrealEngine/4.22/DerivedDataCache/Boot.ddc.
[2020.02.10-20.36.06:423][  0]LogDerivedDataCache: Display: Loaded Boot cache: D:/Users/guo.lu8015/AppData/Local/UnrealEngine/4.22/DerivedDataCache/Boot.ddc
[2020.02.10-20.36.06:423][  0]LogDerivedDataCache: FDerivedDataBackendGraph:  Pak pak cache file ../../../../../Users/guo.lu8015/Desktop/Proto1/Proto1/CombatArena/DerivedDataCache/DDC.ddp not found, will not use a pak cache.
[2020.02.10-20.36.06:423][  0]LogDerivedDataCache: Unable to find inner node Pak for hierarchical cache Hierarchy.
[2020.02.10-20.36.06:423][  0]LogDerivedDataCache: FDerivedDataBackendGraph:  CompressedPak pak cache file ../../../../../Users/guo.lu8015/Desktop/Proto1/Proto1/CombatArena/DerivedDataCache/Compressed.ddp not found, will not use a pak cache.
[2020.02.10-20.36.06:423][  0]LogDerivedDataCache: Unable to find inner node CompressedPak for hierarchical cache Hierarchy.
[2020.02.10-20.36.06:433][  0]LogDerivedDataCache: Display: Pak cache opened for reading ../../../Engine/DerivedDataCache/Compressed.ddp.
[2020.02.10-20.36.06:433][  0]LogDerivedDataCache: FDerivedDataBackendGraph:  EnterprisePak pak cache file ../../../Enterprise/DerivedDataCache/Compressed.ddp not found, will not use a pak cache.
[2020.02.10-20.36.06:433][  0]LogDerivedDataCache: Unable to find inner node EnterprisePak for hierarchical cache Hierarchy.
[2020.02.10-20.36.06:444][  0]LogDerivedDataCache: Using Local data cache path D:/Users/guo.lu8015/AppData/Local/UnrealEngine/Common/DerivedDataCache: Writable
[2020.02.10-20.36.06:444][  0]LogDerivedDataCache: Shared data cache path not found in *engine.ini, will not use an Shared cache.
[2020.02.10-20.36.06:444][  0]LogDerivedDataCache: Unable to find inner node Shared for hierarchical cache Hierarchy.
[2020.02.10-20.36.06:462][  0]LogMaterial: Verifying Global Shaders for PCD3D_SM5
[2020.02.10-20.36.06:463][  0]LogSlate: Using FreeType 2.6.0
[2020.02.10-20.36.06:463][  0]LogSlate: SlateFontServices - WITH_FREETYPE: 1, WITH_HARFBUZZ: 1
[2020.02.10-20.36.06:531][  0]LogAssetRegistry: FAssetRegistry took 0.0311 seconds to start up
[2020.02.10-20.36.06:773][  0]LogInit: Selected Device Profile: [Windows]
[2020.02.10-20.36.06:878][  0]LogMeshReduction: Using QuadricMeshReduction for automatic static mesh reduction
[2020.02.10-20.36.06:878][  0]LogMeshReduction: Using SimplygonMeshReduction for automatic skeletal mesh reduction
[2020.02.10-20.36.06:878][  0]LogMeshReduction: Using ProxyLODMeshReduction for automatic mesh merging
[2020.02.10-20.36.06:878][  0]LogMeshReduction: No distributed automatic mesh merging module available
[2020.02.10-20.36.06:878][  0]LogMeshMerging: No distributed automatic mesh merging module available
[2020.02.10-20.36.06:890][  0]LogNetVersion: CombatArena 1.0.0, NetCL: 5660361, EngineNetVer: 10, GameNetVer: 0 (Checksum: 3729471570)
[2020.02.10-20.36.07:196][  0]LogPackageLocalizationCache: Processed 10 localized package path(s) for 1 prioritized culture(s) in 0.028960 seconds
[2020.02.10-20.36.07:201][  0]LogUObjectArray: 42205 objects as part of root set at end of initial load.
[2020.02.10-20.36.07:201][  0]LogUObjectAllocator: 7325032 out of 0 bytes used by permanent object pool.
[2020.02.10-20.36.07:201][  0]LogUObjectArray: CloseDisregardForGC: 0/0 objects in disregard for GC pool
[2020.02.10-20.36.07:786][  0]LogTcpMessaging: Initializing TcpMessaging bridge
[2020.02.10-20.36.07:798][  0]LogUdpMessaging: Initializing bridge on interface 0.0.0.0:0 to multicast group 230.0.0.1:6666.
[2020.02.10-20.36.08:146][  0]SourceControl: Source control is disabled
[2020.02.10-20.36.08:146][  0]SourceControl: Source control is disabled
[2020.02.10-20.36.08:147][  0]SourceControl: Source control is disabled
[2020.02.10-20.36.08:148][  0]SourceControl: Source control is disabled
[2020.02.10-20.36.08:196][  0]LogAndroidPermission: UAndroidPermissionCallbackProxy::GetInstance
[2020.02.10-20.36.08:277][  0]LogOcInput: OculusInput pre-init called
[2020.02.10-20.36.08:808][  0]LogEngine: Initializing Engine...
[2020.02.10-20.36.08:808][  0]LogHMD: Failed to initialize OpenVR with code 110
[2020.02.10-20.36.08:809][  0]LogStats: UGameplayTagsManager::InitializeManager -  0.000 s
[2020.02.10-20.36.08:965][  0]LogInit: Initializing FReadOnlyCVARCache
[2020.02.10-20.36.08:972][  0]LogAIModule: Creating AISystem for world Untitled
[2020.02.10-20.36.09:036][  0]LogInit: XAudio2 using 'Headphones (Synaptics HD Audio)' : 2 channels at 48 kHz using 32 bits per sample (channel mask 0x3)
[2020.02.10-20.36.09:046][  0]LogInit: FAudioDevice initialized.
[2020.02.10-20.36.09:046][  0]LogNetVersion: Set ProjectVersion to 1.0.0.0. Version Checksum will be recalculated on next use.
[2020.02.10-20.36.09:248][  0]LogDerivedDataCache: Saved boot cache 0.20s 75MB D:/Users/guo.lu8015/AppData/Local/UnrealEngine/4.22/DerivedDataCache/Boot.ddc.
[2020.02.10-20.36.09:256][  0]LogInit: Texture streaming: Enabled
[2020.02.10-20.36.09:266][  0]LogEngineSessionManager: EngineSessionManager initialized
[2020.02.10-20.36.09:278][  0]LogInit: Transaction tracking system initialized
[2020.02.10-20.36.09:290][  0]BlueprintLog: New page: Editor Load
[2020.02.10-20.36.09:333][  0]LocalizationService: Localization service is disabled
[2020.02.10-20.36.09:535][  0]LogFileCache: Scanning file cache for directory 'D:/Users/guo.lu8015/Desktop/Proto1/Proto1/CombatArena/Content/' took 0.01s
[2020.02.10-20.36.09:535][  0]LogCook: Display: Max memory allowance for cook 16384mb min free memory 0mb
[2020.02.10-20.36.09:535][  0]LogCook: Display: Mobile HDR setting 1
[2020.02.10-20.36.09:642][  0]SourceControl: Source control is disabled
[2020.02.10-20.36.09:643][  0]Cmd: MAP LOAD FILE="../../../../../Users/guo.lu8015/Desktop/Proto1/Proto1/CombatArena/Content/ThirdPersonCPP/Maps/ThirdPersonExampleMap.umap" TEMPLATE=0 SHOWPROGRESS=1 FEATURELEVEL=3
[2020.02.10-20.36.09:646][  0]LightingResults: New page: Lighting Build
[2020.02.10-20.36.09:648][  0]MapCheck: New page: Map Check
[2020.02.10-20.36.09:648][  0]LightingResults: New page: Lighting Build
[2020.02.10-20.36.09:672][  0]LogUObjectHash: Compacting FUObjectHashTables data took   2.51ms
[2020.02.10-20.36.09:699][  0]LogLinker: Warning: Can't find file '/Game/ThirdPersonCPP/Maps/ThirdPersonExampleMap_BuiltData'
[2020.02.10-20.36.09:699][  0]LogLinker: Warning: Can't find file for asset '/Game/ThirdPersonCPP/Maps/ThirdPersonExampleMap_BuiltData' while loading NULL.
[2020.02.10-20.36.09:741][  0]LogLinker: Warning: Can't find file '/Game/ThirdPersonCPP/Maps/ThirdPersonExampleMap_BuiltData'
[2020.02.10-20.36.09:741][  0]LogLinker: Warning: Can't find file for asset '/Game/ThirdPersonCPP/Maps/ThirdPersonExampleMap_BuiltData' while loading NULL.
[2020.02.10-20.36.09:742][  0]LogLinker: Warning: Can't find file '/Game/ThirdPersonCPP/Maps/ThirdPersonExampleMap_BuiltData'
[2020.02.10-20.36.09:742][  0]LogLinker: Warning: Can't find file for asset '/Game/ThirdPersonCPP/Maps/ThirdPersonExampleMap_BuiltData' while loading NULL.
[2020.02.10-20.36.09:742][  0]LogLinker: Warning: Can't find file '/Game/ThirdPersonCPP/Maps/ThirdPersonExampleMap_BuiltData'
[2020.02.10-20.36.09:742][  0]LogLinker: Warning: Can't find file for asset '/Game/ThirdPersonCPP/Maps/ThirdPersonExampleMap_BuiltData' while loading NULL.
[2020.02.10-20.36.09:745][  0]LogLinker: Warning: Can't find file '/Game/ThirdPersonCPP/Maps/ThirdPersonExampleMap_BuiltData'
[2020.02.10-20.36.09:745][  0]LoadErrors: Failed to load /Game/ThirdPersonCPP/Maps/ThirdPersonExampleMap_BuiltData.ThirdPersonExampleMap_BuiltData Referenced by PersistentLevel
[2020.02.10-20.36.09:745][  0]LogLinker: Warning: Can't find file for asset '/Game/ThirdPersonCPP/Maps/ThirdPersonExampleMap_BuiltData' while loading NULL.
[2020.02.10-20.36.09:775][  0]LogAIModule: Creating AISystem for world ThirdPersonExampleMap
[2020.02.10-20.36.09:780][  0]LogEditorServer: Finished looking for orphan Actors (0.000 secs)
[2020.02.10-20.36.09:804][  0]LogUObjectHash: Compacting FUObjectHashTables data took   2.56ms
[2020.02.10-20.36.09:804][  0]Cmd: MAP CHECKDEP NOCLEARLOG
[2020.02.10-20.36.09:805][  0]MapCheck: Map check complete: 0 Error(s), 0 Warning(s), took 0.076ms to complete.
[2020.02.10-20.36.09:805][  0]LogFileHelpers: Loading map 'ThirdPersonExampleMap' took 0.161
[2020.02.10-20.36.09:891][  0]LogSlate: Updating window title bar state: overlay mode, drag disabled, window buttons hidden, title bar hidden
[2020.02.10-20.36.09:897][  0]LogSlate: Updating window title bar state: overlay mode, drag disabled, window buttons hidden, title bar hidden
[2020.02.10-20.36.09:903][  0]LogSlate: Updating window title bar state: overlay mode, drag disabled, window buttons hidden, title bar hidden
[2020.02.10-20.36.09:908][  0]LogSlate: Updating window title bar state: overlay mode, drag disabled, window buttons hidden, title bar hidden
[2020.02.10-20.36.09:915][  0]LogCollectionManager: Loaded 0 collections in 0.000650 seconds
[2020.02.10-20.36.09:940][  0]LogFileCache: Scanning file cache for directory 'D:/Users/guo.lu8015/Desktop/Proto1/Proto1/CombatArena/Saved/Collections/' took 0.01s
[2020.02.10-20.36.09:940][  0]LogFileCache: Scanning file cache for directory 'D:/Users/guo.lu8015/Desktop/Proto1/Proto1/CombatArena/Content/Developers/guolu8015/Collections/' took 0.00s
[2020.02.10-20.36.09:940][  0]LogFileCache: Scanning file cache for directory 'D:/Users/guo.lu8015/Desktop/Proto1/Proto1/CombatArena/Content/Collections/' took 0.01s
[2020.02.10-20.36.09:940][  0]LogCollectionManager: Rebuilt the GUID cache for 0 collections in 0.000000 seconds
[2020.02.10-20.36.09:947][  0]LogContentBrowser: Native class hierarchy populated in 0.0068 seconds. Added 2734 classes and 661 folders.
[2020.02.10-20.36.09:950][  0]LogContentBrowser: Native class hierarchy updated for 'WidgetCarousel' in 0.0002 seconds. Added 0 classes and 0 folders.
[2020.02.10-20.36.09:955][  0]LogPakFile: Registered encryption key '00000000000000000000000000000000': 0 pak files mounted, 0 remain pending
[2020.02.10-20.36.09:959][  0]LogPakFile: Registered encryption key '00000000000000000000000000000000': 0 pak files mounted, 0 remain pending
[2020.02.10-20.36.09:973][  0]LogPakFile: Registered encryption key '00000000000000000000000000000000': 0 pak files mounted, 0 remain pending
[2020.02.10-20.36.09:977][  0]LogPakFile: Registered encryption key '00000000000000000000000000000000': 0 pak files mounted, 0 remain pending
[2020.02.10-20.36.09:981][  0]LogPakFile: Registered encryption key '00000000000000000000000000000000': 0 pak files mounted, 0 remain pending
[2020.02.10-20.36.09:984][  0]LogPakFile: Registered encryption key '00000000000000000000000000000000': 0 pak files mounted, 0 remain pending
[2020.02.10-20.36.09:988][  0]LogPakFile: Registered encryption key '00000000000000000000000000000000': 0 pak files mounted, 0 remain pending
[2020.02.10-20.36.09:992][  0]LogPakFile: Registered encryption key '00000000000000000000000000000000': 0 pak files mounted, 0 remain pending
[2020.02.10-20.36.09:996][  0]LogPakFile: Registered encryption key '00000000000000000000000000000000': 0 pak files mounted, 0 remain pending
[2020.02.10-20.36.10:000][  0]LogPakFile: Registered encryption key '00000000000000000000000000000000': 0 pak files mounted, 0 remain pending
[2020.02.10-20.36.10:004][  0]LogPakFile: Registered encryption key '00000000000000000000000000000000': 0 pak files mounted, 0 remain pending
[2020.02.10-20.36.10:007][  0]LogPakFile: Registered encryption key '00000000000000000000000000000000': 0 pak files mounted, 0 remain pending
[2020.02.10-20.36.10:011][  0]LogPakFile: Registered encryption key '00000000000000000000000000000000': 0 pak files mounted, 0 remain pending
[2020.02.10-20.36.10:014][  0]LogPakFile: Registered encryption key '00000000000000000000000000000000': 0 pak files mounted, 0 remain pending
[2020.02.10-20.36.10:018][  0]LogPakFile: Registered encryption key '00000000000000000000000000000000': 0 pak files mounted, 0 remain pending
[2020.02.10-20.36.10:022][  0]LogPakFile: Registered encryption key '00000000000000000000000000000000': 0 pak files mounted, 0 remain pending
[2020.02.10-20.36.10:046][  0]LogPakFile: Registered encryption key '00000000000000000000000000000000': 0 pak files mounted, 0 remain pending
[2020.02.10-20.36.10:050][  0]LogPakFile: Registered encryption key '00000000000000000000000000000000': 0 pak files mounted, 0 remain pending
[2020.02.10-20.36.10:054][  0]LogPakFile: Registered encryption key '00000000000000000000000000000000': 0 pak files mounted, 0 remain pending
[2020.02.10-20.36.10:058][  0]LogPakFile: Registered encryption key '00000000000000000000000000000000': 0 pak files mounted, 0 remain pending
[2020.02.10-20.36.10:062][  0]LogPakFile: Registered encryption key '00000000000000000000000000000000': 0 pak files mounted, 0 remain pending
[2020.02.10-20.36.10:065][  0]LogPakFile: Registered encryption key '00000000000000000000000000000000': 0 pak files mounted, 0 remain pending
[2020.02.10-20.36.10:068][  0]LogPakFile: Registered encryption key '00000000000000000000000000000000': 0 pak files mounted, 0 remain pending
[2020.02.10-20.36.10:072][  0]LogPakFile: Registered encryption key '00000000000000000000000000000000': 0 pak files mounted, 0 remain pending
[2020.02.10-20.36.10:076][  0]LogPakFile: Registered encryption key '00000000000000000000000000000000': 0 pak files mounted, 0 remain pending
[2020.02.10-20.36.10:080][  0]LogPakFile: Registered encryption key '00000000000000000000000000000000': 0 pak files mounted, 0 remain pending
[2020.02.10-20.36.10:159][  0]LogContentBrowser: Native class hierarchy updated for 'AddContentDialog' in 0.0003 seconds. Added 0 classes and 0 folders.
[2020.02.10-20.36.10:188][  0]LogContentBrowser: Native class hierarchy updated for 'SceneOutliner' in 0.0003 seconds. Added 1 classes and 2 folders.
[2020.02.10-20.36.10:202][  0]LogSlate: Took 0.000091 seconds to synchronously load lazily loaded font '../../../Engine/Content/Slate/Fonts/Roboto-Regular.ttf' (155K)
[2020.02.10-20.36.10:203][  0]LogSlate: Took 0.000092 seconds to synchronously load lazily loaded font '../../../Engine/Content/Slate/Fonts/Roboto-Bold.ttf' (160K)
[2020.02.10-20.36.10:211][  0]LogSlate: Took 0.003914 seconds to synchronously load lazily loaded font '../../../Engine/Content/Editor/Slate/Fonts/FontAwesome.ttf' (139K)
[2020.02.10-20.36.10:351][  0]LogRenderer: Reallocating scene render targets to support 1208x580 Format 10 NumSamples 1 (Frame:1).
[2020.02.10-20.36.10:512][  0]LogContentBrowser: Native class hierarchy updated for 'HierarchicalLODOutliner' in 0.0002 seconds. Added 0 classes and 0 folders.
[2020.02.10-20.36.10:512][  0]LogLoad: (Engine Initialization) Total time: 7.03 seconds
[2020.02.10-20.36.10:512][  0]LogLoad: (Engine Initialization) Total Blueprint compile time: 0.00 seconds
[2020.02.10-20.36.10:542][  0]LogAssetRegistry: Asset discovery search completed in 4.0333 seconds
[2020.02.10-20.36.10:544][  0]LogCollectionManager: Rebuilt the object cache for 0 collections in 0.000000 seconds (found 0 objects)
[2020.02.10-20.36.10:544][  0]LogCollectionManager: Fixed up redirectors for 0 collections in 0.000030 seconds (updated 0 objects)
[2020.02.10-20.36.10:545][  0]LogContentStreaming: Texture pool size now 1000 MB
[2020.02.10-20.36.10:553][  0]LogSlate: FSceneViewport::OnFocusLost() reason 2
[2020.02.10-20.36.10:580][  0]LogSlate: Took 0.003650 seconds to synchronously load lazily loaded font '../../../Engine/Content/Slate/Fonts/Roboto-Light.ttf' (167K)
[2020.02.10-20.36.18:635][220]LogSlate: Window 'Message Log' being destroyed
[2020.02.10-20.36.18:639][220]LogSlate: Window 'Message Log' being destroyed
[2020.02.10-20.36.35:871][422]LogSlate: FSceneViewport::OnFocusLost() reason 0
[2020.02.10-20.37.13:476][905]LogSlate: FSceneViewport::OnFocusLost() reason 0
[2020.02.10-20.37.59:217][694]LogSlate: FSceneViewport::OnFocusLost() reason 0
[2020.02.10-20.38.32:544][686]LogSlate: FSceneViewport::OnFocusLost() reason 0
[2020.02.10-20.38.42:615][885]LogSlate: FSceneViewport::OnFocusLost() reason 0
[2020.02.10-20.39.10:210][157]LogSlate: FSceneViewport::OnFocusLost() reason 0
[2020.02.10-20.39.22:089][577]LogSlate: FSceneViewport::OnFocusLost() reason 0
[2020.02.10-20.39.46:986][305]LogEditorViewport: Clicking on Actor (LMB): StaticMeshActor (Floor)
[2020.02.10-20.41.12:735][650]LogSlate: FSceneViewport::OnFocusLost() reason 0
[2020.02.10-20.42.26:576][512]LogSlate: Took 0.000116 seconds to synchronously load lazily loaded font '../../../Engine/Content/Slate/Fonts/Roboto-Light.ttf' (167K)
[2020.02.10-20.42.28:066][512]LogSlate: Window 'Pick Parent Class' being destroyed
[2020.02.10-20.42.35:870][416]LogSavePackage: Moving '../../../../../Users/guo.lu8015/Desktop/Proto1/Proto1/CombatArena/Saved/BP_DrownedDCB678BE4E0A7A57A73EF1A1AA5F56A8.tmp' to '../../../../../Users/guo.lu8015/Desktop/Proto1/Proto1/CombatArena/Content/ThirdPersonCPP/Blueprints/BP_Drowned.uasset'
[2020.02.10-20.43.03:300][426]LogUObjectHash: Compacting FUObjectHashTables data took   1.94ms
[2020.02.10-20.43.03:331][426]LogUObjectHash: Compacting FUObjectHashTables data took   0.52ms
[2020.02.10-20.43.03:442][426]LogSavePackage: Moving '../../../../../Users/guo.lu8015/Desktop/Proto1/Proto1/CombatArena/Saved/ThirdPersonExampleMap8F50399D46EE2E1AAB809D9144555369.tmp' to '../../../../../Users/guo.lu8015/Desktop/Proto1/Proto1/CombatArena/Content/ThirdPersonCPP/Maps/ThirdPersonExampleMap.umap'
[2020.02.10-20.43.03:463][426]LogFileHelpers: Saving map 'ThirdPersonExampleMap' took 0.154
[2020.02.10-20.46.12:373][182]LogAssetEditorManager: Opening Asset editor for Blueprint /Game/ThirdPersonCPP/Blueprints/BP_Drowned.BP_Drowned
[2020.02.10-20.46.12:642][182]LogContentBrowser: Native class hierarchy updated for 'BlueprintGraph' in 0.0005 seconds. Added 121 classes and 0 folders.
[2020.02.10-20.46.15:448][357]LogRenderer: Reallocating scene render targets to support 1208x908 Format 10 NumSamples 1 (Frame:176).
[2020.02.10-20.48.18:412][989]LogSlate: FSceneViewport::OnFocusLost() reason 2
[2020.02.10-20.49.10:729][ 96]LogSlate: Took 0.004160 seconds to synchronously load lazily loaded font '../../../Engine/Content/Slate/Fonts/Roboto-Italic.ttf' (157K)
[2020.02.10-20.50.47:225][844]LogSlate: FSceneViewport::OnFocusLost() reason 0
[2020.02.10-20.50.57:389][  5]LogSlate: FSceneViewport::OnFocusLost() reason 2
[2020.02.10-20.51.04:292][535]LogSlate: FSceneViewport::OnFocusLost() reason 0
[2020.02.10-20.51.12:157][455]BlueprintLog: New page: Compile BP_Drowned
[2020.02.10-20.51.12:315][455]LogUObjectHash: Compacting FUObjectHashTables data took   4.38ms
[2020.02.10-20.51.30:379][608]LogSlate: FSceneViewport::OnFocusLost() reason 0
[2020.02.10-20.51.47:371][ 32]LogSlate: FSceneViewport::OnFocusLost() reason 0
[2020.02.10-20.52.00:996][648]LogSlate: FSceneViewport::OnFocusLost() reason 0
[2020.02.10-20.52.28:106][329]LogSlate: FSceneViewport::OnFocusLost() reason 0
[2020.02.10-20.52.35:906][ 11]LogSlate: Took 0.004267 seconds to synchronously load lazily loaded font '../../../Engine/Content/Slate/Fonts/Roboto-BoldCondensed.ttf' (158K)
[2020.02.10-20.54.14:263][306]BlueprintLog: New page: Compile BP_Drowned
[2020.02.10-20.54.14:417][306]LogUObjectHash: Compacting FUObjectHashTables data took   3.85ms
[2020.02.10-20.54.17:098][619]LogSavePackage: Moving '../../../../../Users/guo.lu8015/Desktop/Proto1/Proto1/CombatArena/Saved/BP_Drowned84F910E04209E90420CE249BF7613431.tmp' to '../../../../../Users/guo.lu8015/Desktop/Proto1/Proto1/CombatArena/Content/ThirdPersonCPP/Blueprints/BP_Drowned.uasset'
[2020.02.10-20.54.26:840][569]LogTemp: Repeating last play command: Selected Viewport
[2020.02.10-20.54.26:852][569]LogBlueprintUserMessages: Early PlayInEditor Detection: Level '/Game/ThirdPersonCPP/Maps/ThirdPersonExampleMap.ThirdPersonExampleMap:PersistentLevel' has LevelScriptBlueprint '/Game/ThirdPersonCPP/Maps/ThirdPersonExampleMap.ThirdPersonExampleMap:PersistentLevel.ThirdPersonExampleMap' with GeneratedClass '/Game/ThirdPersonCPP/Maps/ThirdPersonExampleMap.ThirdPersonExampleMap_C' with ClassGeneratedBy '/Game/ThirdPersonCPP/Maps/ThirdPersonExampleMap.ThirdPersonExampleMap:PersistentLevel.ThirdPersonExampleMap'
[2020.02.10-20.54.26:852][569]LogPlayLevel: PlayLevel: No blueprints needed recompiling
[2020.02.10-20.54.26:852][569]PIE: New page: PIE session: ThirdPersonExampleMap (11/02/2020 10:54:26 pm)
[2020.02.10-20.54.26:864][569]LogPlayLevel: Creating play world package: /Game/ThirdPersonCPP/Maps/UEDPIE_0_ThirdPersonExampleMap
[2020.02.10-20.54.26:873][569]LogPlayLevel: PIE: StaticDuplicateObject took: (0.008705s)
[2020.02.10-20.54.26:873][569]LogAIModule: Creating AISystem for world ThirdPersonExampleMap
[2020.02.10-20.54.26:873][569]LogPlayLevel: PIE: World Init took: (0.000609s)
[2020.02.10-20.54.26:873][569]LogPlayLevel: PIE: Created PIE world by copying editor world from /Game/ThirdPersonCPP/Maps/ThirdPersonExampleMap.ThirdPersonExampleMap to /Game/ThirdPersonCPP/Maps/UEDPIE_0_ThirdPersonExampleMap.ThirdPersonExampleMap (0.009548s)
[2020.02.10-20.54.26:899][569]LogUObjectHash: Compacting FUObjectHashTables data took   3.39ms
[2020.02.10-20.54.26:916][569]LogInit: XAudio2 using 'Headphones (Synaptics HD Audio)' : 2 channels at 48 kHz using 32 bits per sample (channel mask 0x3)
[2020.02.10-20.54.26:922][569]LogInit: FAudioDevice initialized.
[2020.02.10-20.54.26:960][569]LogLoad: Game class is 'CombatArenaGameMode'
[2020.02.10-20.54.26:962][569]LogWorld: Bringing World /Game/ThirdPersonCPP/Maps/UEDPIE_0_ThirdPersonExampleMap.ThirdPersonExampleMap up for play (max tick rate 0) at 2020.02.11-09.54.26
[2020.02.10-20.54.26:963][569]LogWorld: Bringing up level for play took: 0.001296
[2020.02.10-20.54.26:978][569]LogBlueprintActionDatabase: Requesting refresh due to module change: Voice (loaded)
[2020.02.10-20.54.26:980][569]LogBlueprintActionDatabase: Requesting refresh due to module change: MovieSceneCapture (loaded)
[2020.02.10-20.54.26:980][569]LogContentBrowser: Native class hierarchy updated for 'MovieSceneCapture' in 0.0003 seconds. Added 20 classes and 0 folders.
[2020.02.10-20.54.26:981][569]PIE: Play in editor start time for /Game/ThirdPersonCPP/Maps/UEDPIE_0_ThirdPersonExampleMap -0.673
[2020.02.10-20.54.26:981][569]LogBlueprintUserMessages: Late PlayInEditor Detection: Level '/Game/ThirdPersonCPP/Maps/ThirdPersonExampleMap.ThirdPersonExampleMap:PersistentLevel' has LevelScriptBlueprint '/Game/ThirdPersonCPP/Maps/ThirdPersonExampleMap.ThirdPersonExampleMap:PersistentLevel.ThirdPersonExampleMap' with GeneratedClass '/Game/ThirdPersonCPP/Maps/ThirdPersonExampleMap.ThirdPersonExampleMap_C' with ClassGeneratedBy '/Game/ThirdPersonCPP/Maps/ThirdPersonExampleMap.ThirdPersonExampleMap:PersistentLevel.ThirdPersonExampleMap'
[2020.02.10-20.54.30:070][901]LogBlueprintUserMessages: Early EndPlayMap Detection: Level '/Game/ThirdPersonCPP/Maps/ThirdPersonExampleMap.ThirdPersonExampleMap:PersistentLevel' has LevelScriptBlueprint '/Game/ThirdPersonCPP/Maps/ThirdPersonExampleMap.ThirdPersonExampleMap:PersistentLevel.ThirdPersonExampleMap' with GeneratedClass '/Game/ThirdPersonCPP/Maps/ThirdPersonExampleMap.ThirdPersonExampleMap_C' with ClassGeneratedBy '/Game/ThirdPersonCPP/Maps/ThirdPersonExampleMap.ThirdPersonExampleMap:PersistentLevel.ThirdPersonExampleMap'
[2020.02.10-20.54.30:070][901]LogSlate: Updating window title bar state: overlay mode, drag disabled, window buttons hidden, title bar hidden
[2020.02.10-20.54.30:097][901]LogPlayLevel: Display: Shutting down PIE online subsystems
[2020.02.10-20.54.30:097][901]LogBlueprintUserMessages: Late EndPlayMap Detection: Level '/Game/ThirdPersonCPP/Maps/ThirdPersonExampleMap.ThirdPersonExampleMap:PersistentLevel' has LevelScriptBlueprint '/Game/ThirdPersonCPP/Maps/ThirdPersonExampleMap.ThirdPersonExampleMap:PersistentLevel.ThirdPersonExampleMap' with GeneratedClass '/Game/ThirdPersonCPP/Maps/ThirdPersonExampleMap.ThirdPersonExampleMap_C' with ClassGeneratedBy '/Game/ThirdPersonCPP/Maps/ThirdPersonExampleMap.ThirdPersonExampleMap:PersistentLevel.ThirdPersonExampleMap'
[2020.02.10-20.54.30:135][901]LogSlate: Updating window title bar state: overlay mode, drag disabled, window buttons hidden, title bar hidden
[2020.02.10-20.54.30:152][901]LogUObjectHash: Compacting FUObjectHashTables data took   5.65ms
[2020.02.10-20.54.30:186][903]LogPlayLevel: Display: Destroying online subsystem :Context_6
[2020.02.10-20.54.33:111][249]LogSlate: FSceneViewport::OnFocusLost() reason 0
[2020.02.10-20.54.38:415][881]LogEditorViewport: Clicking on Actor (LMB): StaticMeshActor (Ramp_StaticMesh)
[2020.02.10-20.54.41:015][187]LogEditorViewport: Clicking on Actor (LMB): StaticMeshActor (Floor)
[2020.02.10-20.54.48:005][  8]LogSlate: FSceneViewport::OnFocusLost() reason 0
[2020.02.10-20.54.59:051][279]LogSlate: FSceneViewport::OnFocusLost() reason 0
[2020.02.10-20.54.59:117][287]LogTemp: Repeating last play command: Selected Viewport
[2020.02.10-20.54.59:128][287]LogBlueprintUserMessages: Early PlayInEditor Detection: Level '/Game/ThirdPersonCPP/Maps/ThirdPersonExampleMap.ThirdPersonExampleMap:PersistentLevel' has LevelScriptBlueprint '/Game/ThirdPersonCPP/Maps/ThirdPersonExampleMap.ThirdPersonExampleMap:PersistentLevel.ThirdPersonExampleMap' with GeneratedClass '/Game/ThirdPersonCPP/Maps/ThirdPersonExampleMap.ThirdPersonExampleMap_C' with ClassGeneratedBy '/Game/ThirdPersonCPP/Maps/ThirdPersonExampleMap.ThirdPersonExampleMap:PersistentLevel.ThirdPersonExampleMap'
[2020.02.10-20.54.59:128][287]LogPlayLevel: PlayLevel: No blueprints needed recompiling
[2020.02.10-20.54.59:129][287]PIE: New page: PIE session: ThirdPersonExampleMap (11/02/2020 10:54:59 pm)
[2020.02.10-20.54.59:129][287]LogPlayLevel: Creating play world package: /Game/ThirdPersonCPP/Maps/UEDPIE_0_ThirdPersonExampleMap
[2020.02.10-20.54.59:137][287]LogPlayLevel: PIE: StaticDuplicateObject took: (0.008475s)
[2020.02.10-20.54.59:138][287]LogAIModule: Creating AISystem for world ThirdPersonExampleMap
[2020.02.10-20.54.59:138][287]LogPlayLevel: PIE: World Init took: (0.000787s)
[2020.02.10-20.54.59:138][287]LogPlayLevel: PIE: Created PIE world by copying editor world from /Game/ThirdPersonCPP/Maps/ThirdPersonExampleMap.ThirdPersonExampleMap to /Game/ThirdPersonCPP/Maps/UEDPIE_0_ThirdPersonExampleMap.ThirdPersonExampleMap (0.009397s)
[2020.02.10-20.54.59:173][287]LogUObjectHash: Compacting FUObjectHashTables data took   4.07ms
[2020.02.10-20.54.59:189][287]LogInit: XAudio2 using 'Headphones (Synaptics HD Audio)' : 2 channels at 48 kHz using 32 bits per sample (channel mask 0x3)
[2020.02.10-20.54.59:195][287]LogInit: FAudioDevice initialized.
[2020.02.10-20.54.59:225][287]LogLoad: Game class is 'CombatArenaGameMode'
[2020.02.10-20.54.59:235][287]LogWorld: Bringing World /Game/ThirdPersonCPP/Maps/UEDPIE_0_ThirdPersonExampleMap.ThirdPersonExampleMap up for play (max tick rate 0) at 2020.02.11-09.54.59
[2020.02.10-20.54.59:267][287]LogWorld: Bringing up level for play took: 0.041554
[2020.02.10-20.54.59:280][287]PIE: Play in editor start time for /Game/ThirdPersonCPP/Maps/UEDPIE_0_ThirdPersonExampleMap -0.374
[2020.02.10-20.54.59:280][287]LogBlueprintUserMessages: Late PlayInEditor Detection: Level '/Game/ThirdPersonCPP/Maps/ThirdPersonExampleMap.ThirdPersonExampleMap:PersistentLevel' has LevelScriptBlueprint '/Game/ThirdPersonCPP/Maps/ThirdPersonExampleMap.ThirdPersonExampleMap:PersistentLevel.ThirdPersonExampleMap' with GeneratedClass '/Game/ThirdPersonCPP/Maps/ThirdPersonExampleMap.ThirdPersonExampleMap_C' with ClassGeneratedBy '/Game/ThirdPersonCPP/Maps/ThirdPersonExampleMap.ThirdPersonExampleMap:PersistentLevel.ThirdPersonExampleMap'
[2020.02.10-20.55.16:957][402]LogBlueprintUserMessages: Early EndPlayMap Detection: Level '/Game/ThirdPersonCPP/Maps/ThirdPersonExampleMap.ThirdPersonExampleMap:PersistentLevel' has LevelScriptBlueprint '/Game/ThirdPersonCPP/Maps/ThirdPersonExampleMap.ThirdPersonExampleMap:PersistentLevel.ThirdPersonExampleMap' with GeneratedClass '/Game/ThirdPersonCPP/Maps/ThirdPersonExampleMap.ThirdPersonExampleMap_C' with ClassGeneratedBy '/Game/ThirdPersonCPP/Maps/ThirdPersonExampleMap.ThirdPersonExampleMap:PersistentLevel.ThirdPersonExampleMap'
[2020.02.10-20.55.16:958][402]LogSlate: Updating window title bar state: overlay mode, drag disabled, window buttons hidden, title bar hidden
[2020.02.10-20.55.16:989][402]LogPlayLevel: Display: Shutting down PIE online subsystems
[2020.02.10-20.55.16:989][402]LogBlueprintUserMessages: Late EndPlayMap Detection: Level '/Game/ThirdPersonCPP/Maps/ThirdPersonExampleMap.ThirdPersonExampleMap:PersistentLevel' has LevelScriptBlueprint '/Game/ThirdPersonCPP/Maps/ThirdPersonExampleMap.ThirdPersonExampleMap:PersistentLevel.ThirdPersonExampleMap' with GeneratedClass '/Game/ThirdPersonCPP/Maps/ThirdPersonExampleMap.ThirdPersonExampleMap_C' with ClassGeneratedBy '/Game/ThirdPersonCPP/Maps/ThirdPersonExampleMap.ThirdPersonExampleMap:PersistentLevel.ThirdPersonExampleMap'
[2020.02.10-20.55.17:023][402]LogSlate: Updating window title bar state: overlay mode, drag disabled, window buttons hidden, title bar hidden
[2020.02.10-20.55.17:027][402]LogUObjectHash: Compacting FUObjectHashTables data took   3.26ms
[2020.02.10-20.55.17:070][404]LogPlayLevel: Display: Destroying online subsystem :Context_7
[2020.02.10-20.55.22:773][ 88]LogSlate: FSceneViewport::OnFocusLost() reason 0
[2020.02.10-20.55.22:864][ 99]LogSlate: Window 'BP_Drowned' being destroyed
[2020.02.10-20.55.22:868][ 99]LogSlate: Window 'BP_Drowned' being destroyed
[2020.02.10-20.55.38:542][518]LogAssetEditorManager: Opening Asset editor for Blueprint /Game/ThirdPersonCPP/Blueprints/BP_Drowned.BP_Drowned
[2020.02.10-20.56.21:647][179]BlueprintLog: New page: Compile BP_Drowned
[2020.02.10-20.56.21:838][179]LogUObjectHash: Compacting FUObjectHashTables data took   5.69ms
[2020.02.10-20.56.22:315][216]LogSavePackage: Moving '../../../../../Users/guo.lu8015/Desktop/Proto1/Proto1/CombatArena/Saved/BP_Drowned542788604FD272CE3316F49128A11B0A.tmp' to '../../../../../Users/guo.lu8015/Desktop/Proto1/Proto1/CombatArena/Content/ThirdPersonCPP/Blueprints/BP_Drowned.uasset'
[2020.02.10-20.56.25:591][441]LogUObjectHash: Compacting FUObjectHashTables data took   4.48ms
[2020.02.10-20.56.25:740][441]LogSavePackage: Moving '../../../../../Users/guo.lu8015/Desktop/Proto1/Proto1/CombatArena/Saved/ThirdPersonExampleMap_Auto1E6A38C4B481D73D633DD4DBD5CCF2244.tmp' to '../../../../../Users/guo.lu8015/Desktop/Proto1/Proto1/CombatArena/Saved/Autosaves/Game/ThirdPersonCPP/Maps/ThirdPersonExampleMap_Auto1.umap'
[2020.02.10-20.56.25:746][441]LogFileHelpers: Editor autosave (incl. sublevels) for '/Game/ThirdPersonCPP/Maps/ThirdPersonExampleMap' took 0.196
[2020.02.10-20.56.25:746][441]LogFileHelpers: Editor autosave (incl. sublevels) for all levels took 0.196
[2020.02.10-20.56.26:477][517]LogTemp: Repeating last play command: Selected Viewport
[2020.02.10-20.56.26:490][517]LogBlueprintUserMessages: Early PlayInEditor Detection: Level '/Game/ThirdPersonCPP/Maps/ThirdPersonExampleMap.ThirdPersonExampleMap:PersistentLevel' has LevelScriptBlueprint '/Game/ThirdPersonCPP/Maps/ThirdPersonExampleMap.ThirdPersonExampleMap:PersistentLevel.ThirdPersonExampleMap' with GeneratedClass '/Game/ThirdPersonCPP/Maps/ThirdPersonExampleMap.ThirdPersonExampleMap_C' with ClassGeneratedBy '/Game/ThirdPersonCPP/Maps/ThirdPersonExampleMap.ThirdPersonExampleMap:PersistentLevel.ThirdPersonExampleMap'
[2020.02.10-20.56.26:490][517]LogPlayLevel: PlayLevel: No blueprints needed recompiling
[2020.02.10-20.56.26:491][517]PIE: New page: PIE session: ThirdPersonExampleMap (11/02/2020 10:56:26 pm)
[2020.02.10-20.56.26:491][517]LogPlayLevel: Creating play world package: /Game/ThirdPersonCPP/Maps/UEDPIE_0_ThirdPersonExampleMap
[2020.02.10-20.56.26:502][517]LogPlayLevel: PIE: StaticDuplicateObject took: (0.011273s)
[2020.02.10-20.56.26:502][517]LogAIModule: Creating AISystem for world ThirdPersonExampleMap
[2020.02.10-20.56.26:503][517]LogPlayLevel: PIE: World Init took: (0.000642s)
[2020.02.10-20.56.26:503][517]LogPlayLevel: PIE: Created PIE world by copying editor world from /Game/ThirdPersonCPP/Maps/ThirdPersonExampleMap.ThirdPersonExampleMap to /Game/ThirdPersonCPP/Maps/UEDPIE_0_ThirdPersonExampleMap.ThirdPersonExampleMap (0.012030s)
[2020.02.10-20.56.26:533][517]LogUObjectHash: Compacting FUObjectHashTables data took   3.45ms
[2020.02.10-20.56.26:550][517]LogInit: XAudio2 using 'Headphones (Synaptics HD Audio)' : 2 channels at 48 kHz using 32 bits per sample (channel mask 0x3)
[2020.02.10-20.56.26:555][517]LogInit: FAudioDevice initialized.
[2020.02.10-20.56.26:581][517]LogLoad: Game class is 'CombatArenaGameMode'
[2020.02.10-20.56.26:582][517]LogWorld: Bringing World /Game/ThirdPersonCPP/Maps/UEDPIE_0_ThirdPersonExampleMap.ThirdPersonExampleMap up for play (max tick rate 0) at 2020.02.11-09.56.26
[2020.02.10-20.56.26:583][517]LogWorld: Bringing up level for play took: 0.001334
[2020.02.10-20.56.26:594][517]PIE: Play in editor start time for /Game/ThirdPersonCPP/Maps/UEDPIE_0_ThirdPersonExampleMap 0.94
[2020.02.10-20.56.26:595][517]LogBlueprintUserMessages: Late PlayInEditor Detection: Level '/Game/ThirdPersonCPP/Maps/ThirdPersonExampleMap.ThirdPersonExampleMap:PersistentLevel' has LevelScriptBlueprint '/Game/ThirdPersonCPP/Maps/ThirdPersonExampleMap.ThirdPersonExampleMap:PersistentLevel.ThirdPersonExampleMap' with GeneratedClass '/Game/ThirdPersonCPP/Maps/ThirdPersonExampleMap.ThirdPersonExampleMap_C' with ClassGeneratedBy '/Game/ThirdPersonCPP/Maps/ThirdPersonExampleMap.ThirdPersonExampleMap:PersistentLevel.ThirdPersonExampleMap'
[2020.02.10-20.56.36:171][663]LogBlueprintUserMessages: Early EndPlayMap Detection: Level '/Game/ThirdPersonCPP/Maps/ThirdPersonExampleMap.ThirdPersonExampleMap:PersistentLevel' has LevelScriptBlueprint '/Game/ThirdPersonCPP/Maps/ThirdPersonExampleMap.ThirdPersonExampleMap:PersistentLevel.ThirdPersonExampleMap' with GeneratedClass '/Game/ThirdPersonCPP/Maps/ThirdPersonExampleMap.ThirdPersonExampleMap_C' with ClassGeneratedBy '/Game/ThirdPersonCPP/Maps/ThirdPersonExampleMap.ThirdPersonExampleMap:PersistentLevel.ThirdPersonExampleMap'
[2020.02.10-20.56.36:171][663]LogSlate: Updating window title bar state: overlay mode, drag disabled, window buttons hidden, title bar hidden
[2020.02.10-20.56.36:205][663]LogPlayLevel: Display: Shutting down PIE online subsystems
[2020.02.10-20.56.36:205][663]LogBlueprintUserMessages: Late EndPlayMap Detection: Level '/Game/ThirdPersonCPP/Maps/ThirdPersonExampleMap.ThirdPersonExampleMap:PersistentLevel' has LevelScriptBlueprint '/Game/ThirdPersonCPP/Maps/ThirdPersonExampleMap.ThirdPersonExampleMap:PersistentLevel.ThirdPersonExampleMap' with GeneratedClass '/Game/ThirdPersonCPP/Maps/ThirdPersonExampleMap.ThirdPersonExampleMap_C' with ClassGeneratedBy '/Game/ThirdPersonCPP/Maps/ThirdPersonExampleMap.ThirdPersonExampleMap:PersistentLevel.ThirdPersonExampleMap'
[2020.02.10-20.56.36:235][663]LogSlate: Updating window title bar state: overlay mode, drag disabled, window buttons hidden, title bar hidden
[2020.02.10-20.56.36:239][663]LogUObjectHash: Compacting FUObjectHashTables data took   2.82ms
[2020.02.10-20.56.36:274][666]LogPlayLevel: Display: Destroying online subsystem :Context_9
[2020.02.10-20.56.37:359][796]LogSlate: FSceneViewport::OnFocusLost() reason 0
[2020.02.10-20.56.37:416][803]LogSlate: Window 'BP_Drowned' being destroyed
[2020.02.10-20.56.37:420][803]LogSlate: Window 'BP_Drowned' being destroyed
[2020.02.10-20.58.06:412][693]LogSlate: Window 'Add C++ Class' being destroyed
[2020.02.10-20.58.35:470][690]LogTemp: Repeating last play command: Selected Viewport
[2020.02.10-20.58.35:484][690]LogBlueprintUserMessages: Early PlayInEditor Detection: Level '/Game/ThirdPersonCPP/Maps/ThirdPersonExampleMap.ThirdPersonExampleMap:PersistentLevel' has LevelScriptBlueprint '/Game/ThirdPersonCPP/Maps/ThirdPersonExampleMap.ThirdPersonExampleMap:PersistentLevel.ThirdPersonExampleMap' with GeneratedClass '/Game/ThirdPersonCPP/Maps/ThirdPersonExampleMap.ThirdPersonExampleMap_C' with ClassGeneratedBy '/Game/ThirdPersonCPP/Maps/ThirdPersonExampleMap.ThirdPersonExampleMap:PersistentLevel.ThirdPersonExampleMap'
[2020.02.10-20.58.35:484][690]LogPlayLevel: PlayLevel: No blueprints needed recompiling
[2020.02.10-20.58.35:484][690]PIE: New page: PIE session: ThirdPersonExampleMap (11/02/2020 10:58:35 pm)
[2020.02.10-20.58.35:484][690]LogPlayLevel: Creating play world package: /Game/ThirdPersonCPP/Maps/UEDPIE_0_ThirdPersonExampleMap
[2020.02.10-20.58.35:493][690]LogPlayLevel: PIE: StaticDuplicateObject took: (0.008159s)
[2020.02.10-20.58.35:493][690]LogAIModule: Creating AISystem for world ThirdPersonExampleMap
[2020.02.10-20.58.35:494][690]LogPlayLevel: PIE: World Init took: (0.000566s)
[2020.02.10-20.58.35:494][690]LogPlayLevel: PIE: Created PIE world by copying editor world from /Game/ThirdPersonCPP/Maps/ThirdPersonExampleMap.ThirdPersonExampleMap to /Game/ThirdPersonCPP/Maps/UEDPIE_0_ThirdPersonExampleMap.ThirdPersonExampleMap (0.008846s)
[2020.02.10-20.58.35:557][690]LogUObjectHash: Compacting FUObjectHashTables data took   2.80ms
[2020.02.10-20.58.35:576][690]LogInit: XAudio2 using 'Headphones (Synaptics HD Audio)' : 2 channels at 48 kHz using 32 bits per sample (channel mask 0x3)
[2020.02.10-20.58.35:581][690]LogInit: FAudioDevice initialized.
[2020.02.10-20.58.35:606][690]LogLoad: Game class is 'CombatArenaGameMode'
[2020.02.10-20.58.35:608][690]LogWorld: Bringing World /Game/ThirdPersonCPP/Maps/UEDPIE_0_ThirdPersonExampleMap.ThirdPersonExampleMap up for play (max tick rate 0) at 2020.02.11-09.58.35
[2020.02.10-20.58.35:608][690]LogWorld: Bringing up level for play took: 0.001510
[2020.02.10-20.58.35:621][690]PIE: Play in editor start time for /Game/ThirdPersonCPP/Maps/UEDPIE_0_ThirdPersonExampleMap -0.035
[2020.02.10-20.58.35:622][690]LogBlueprintUserMessages: Late PlayInEditor Detection: Level '/Game/ThirdPersonCPP/Maps/ThirdPersonExampleMap.ThirdPersonExampleMap:PersistentLevel' has LevelScriptBlueprint '/Game/ThirdPersonCPP/Maps/ThirdPersonExampleMap.ThirdPersonExampleMap:PersistentLevel.ThirdPersonExampleMap' with GeneratedClass '/Game/ThirdPersonCPP/Maps/ThirdPersonExampleMap.ThirdPersonExampleMap_C' with ClassGeneratedBy '/Game/ThirdPersonCPP/Maps/ThirdPersonExampleMap.ThirdPersonExampleMap:PersistentLevel.ThirdPersonExampleMap'
[2020.02.10-20.59.36:464][962]LogBlueprintUserMessages: Early EndPlayMap Detection: Level '/Game/ThirdPersonCPP/Maps/ThirdPersonExampleMap.ThirdPersonExampleMap:PersistentLevel' has LevelScriptBlueprint '/Game/ThirdPersonCPP/Maps/ThirdPersonExampleMap.ThirdPersonExampleMap:PersistentLevel.ThirdPersonExampleMap' with GeneratedClass '/Game/ThirdPersonCPP/Maps/ThirdPersonExampleMap.ThirdPersonExampleMap_C' with ClassGeneratedBy '/Game/ThirdPersonCPP/Maps/ThirdPersonExampleMap.ThirdPersonExampleMap:PersistentLevel.ThirdPersonExampleMap'
[2020.02.10-20.59.36:464][962]LogSlate: Updating window title bar state: overlay mode, drag disabled, window buttons hidden, title bar hidden
[2020.02.10-20.59.36:494][962]LogPlayLevel: Display: Shutting down PIE online subsystems
[2020.02.10-20.59.36:494][962]LogBlueprintUserMessages: Late EndPlayMap Detection: Level '/Game/ThirdPersonCPP/Maps/ThirdPersonExampleMap.ThirdPersonExampleMap:PersistentLevel' has LevelScriptBlueprint '/Game/ThirdPersonCPP/Maps/ThirdPersonExampleMap.ThirdPersonExampleMap:PersistentLevel.ThirdPersonExampleMap' with GeneratedClass '/Game/ThirdPersonCPP/Maps/ThirdPersonExampleMap.ThirdPersonExampleMap_C' with ClassGeneratedBy '/Game/ThirdPersonCPP/Maps/ThirdPersonExampleMap.ThirdPersonExampleMap:PersistentLevel.ThirdPersonExampleMap'
[2020.02.10-20.59.36:524][962]LogSlate: Updating window title bar state: overlay mode, drag disabled, window buttons hidden, title bar hidden
[2020.02.10-20.59.36:529][962]LogUObjectHash: Compacting FUObjectHashTables data took   2.63ms
[2020.02.10-20.59.36:566][965]LogPlayLevel: Display: Destroying online subsystem :Context_10
[2020.02.10-21.03.04:027][877]LogSlate: FSceneViewport::OnFocusLost() reason 0
[2020.02.10-21.03.08:368][269]LogAssetEditorManager: Opening Asset editor for Blueprint /Game/ThirdPersonCPP/Blueprints/BP_Drowned.BP_Drowned
[2020.02.10-21.03.29:545][717]LogSlate: Took 0.011995 seconds to synchronously load lazily loaded font '../../../Engine/Content/Slate/Fonts/Roboto-BoldCondensedItalic.ttf' (160K)
[2020.02.10-21.04.03:067][733]BlueprintLog: New page: Compile BP_Drowned
[2020.02.10-21.04.03:194][733]LogUObjectHash: Compacting FUObjectHashTables data took   4.17ms
[2020.02.10-21.07.02:925][162]BlueprintLog: New page: Compile BP_Drowned
[2020.02.10-21.07.03:058][162]LogUObjectHash: Compacting FUObjectHashTables data took   4.25ms
[2020.02.10-21.09.28:325][486]LogUObjectHash: Compacting FUObjectHashTables data took   4.12ms
[2020.02.10-21.09.28:477][486]LogSavePackage: Moving '../../../../../Users/guo.lu8015/Desktop/Proto1/Proto1/CombatArena/Saved/ThirdPersonExampleMap_Auto21782B334459A927A591A1B907141832F.tmp' to '../../../../../Users/guo.lu8015/Desktop/Proto1/Proto1/CombatArena/Saved/Autosaves/Game/ThirdPersonCPP/Maps/ThirdPersonExampleMap_Auto2.umap'
[2020.02.10-21.09.28:479][486]LogFileHelpers: Editor autosave (incl. sublevels) for '/Game/ThirdPersonCPP/Maps/ThirdPersonExampleMap' took 0.181
[2020.02.10-21.09.28:479][486]LogFileHelpers: Editor autosave (incl. sublevels) for all levels took 0.181
[2020.02.10-21.09.28:480][486]OBJ SavePackage: Generating thumbnails for [1] asset(s) in package [/Game/ThirdPersonCPP/Blueprints/BP_Drowned] ([1] browsable assets)...
[2020.02.10-21.09.28:490][486]OBJ SavePackage:     Rendered thumbnail for [Blueprint /Game/ThirdPersonCPP/Blueprints/BP_Drowned.BP_Drowned]
[2020.02.10-21.09.28:490][486]OBJ SavePackage: Finished generating thumbnails for package [/Game/ThirdPersonCPP/Blueprints/BP_Drowned]
[2020.02.10-21.09.28:547][486]LogSavePackage: Moving '../../../../../Users/guo.lu8015/Desktop/Proto1/Proto1/CombatArena/Saved/BP_Drowned_Auto218E186F44A7FA4F169FE48B3F163BDB6.tmp' to '../../../../../Users/guo.lu8015/Desktop/Proto1/Proto1/CombatArena/Saved/Autosaves/Game/ThirdPersonCPP/Blueprints/BP_Drowned_Auto2.uasset'
[2020.02.10-21.09.28:547][486]LogFileHelpers: Auto-saving content packages took 0.067
[2020.02.10-21.11.18:376][661]BlueprintLog: New page: Compile BP_Drowned
[2020.02.10-21.11.18:512][661]LogUObjectHash: Compacting FUObjectHashTables data took   3.67ms
[2020.02.10-21.17.33:888][891]BlueprintLog: New page: Compile BP_Drowned
[2020.02.10-21.17.34:028][891]LogUObjectHash: Compacting FUObjectHashTables data took   4.30ms
[2020.02.10-21.19.28:676][919]LogUObjectHash: Compacting FUObjectHashTables data took   3.78ms
[2020.02.10-21.19.28:822][919]LogSavePackage: Moving '../../../../../Users/guo.lu8015/Desktop/Proto1/Proto1/CombatArena/Saved/ThirdPersonExampleMap_Auto33FB23C4247EC72E4E12EB89BCCD0501B.tmp' to '../../../../../Users/guo.lu8015/Desktop/Proto1/Proto1/CombatArena/Saved/Autosaves/Game/ThirdPersonCPP/Maps/ThirdPersonExampleMap_Auto3.umap'
[2020.02.10-21.19.28:824][919]LogFileHelpers: Editor autosave (incl. sublevels) for '/Game/ThirdPersonCPP/Maps/ThirdPersonExampleMap' took 0.177
[2020.02.10-21.19.28:824][919]LogFileHelpers: Editor autosave (incl. sublevels) for all levels took 0.177
[2020.02.10-21.19.28:825][919]OBJ SavePackage: Generating thumbnails for [1] asset(s) in package [/Game/ThirdPersonCPP/Blueprints/BP_Drowned] ([1] browsable assets)...
[2020.02.10-21.19.28:841][919]OBJ SavePackage:     Rendered thumbnail for [Blueprint /Game/ThirdPersonCPP/Blueprints/BP_Drowned.BP_Drowned]
[2020.02.10-21.19.28:841][919]OBJ SavePackage: Finished generating thumbnails for package [/Game/ThirdPersonCPP/Blueprints/BP_Drowned]
[2020.02.10-21.19.28:870][919]LogSavePackage: Moving '../../../../../Users/guo.lu8015/Desktop/Proto1/Proto1/CombatArena/Saved/BP_Drowned_Auto37AF91088461D3B2427160F9BB9857FF6.tmp' to '../../../../../Users/guo.lu8015/Desktop/Proto1/Proto1/CombatArena/Saved/Autosaves/Game/ThirdPersonCPP/Blueprints/BP_Drowned_Auto3.uasset'
[2020.02.10-21.19.28:870][919]LogFileHelpers: Auto-saving content packages took 0.045
[2020.02.10-21.31.07:464][438]LogUObjectHash: Compacting FUObjectHashTables data took   2.58ms
[2020.02.10-21.31.07:464][438]LogFileHelpers: Editor autosave (incl. sublevels) for '/Game/ThirdPersonCPP/Maps/ThirdPersonExampleMap' took 0.026
[2020.02.10-21.31.07:465][438]OBJ SavePackage: Generating thumbnails for [0] asset(s) in package [/Game/ThirdPersonCPP/Blueprints/BP_Drowned] ([1] browsable assets)...
[2020.02.10-21.31.07:465][438]OBJ SavePackage: Finished generating thumbnails for package [/Game/ThirdPersonCPP/Blueprints/BP_Drowned]
[2020.02.10-21.31.07:488][438]LogSavePackage: Moving '../../../../../Users/guo.lu8015/Desktop/Proto1/Proto1/CombatArena/Saved/BP_Drowned_Auto49BBAC91A4B2F3B12AFAD4F90D1E100B8.tmp' to '../../../../../Users/guo.lu8015/Desktop/Proto1/Proto1/CombatArena/Saved/Autosaves/Game/ThirdPersonCPP/Blueprints/BP_Drowned_Auto4.uasset'
[2020.02.10-21.31.07:488][438]LogFileHelpers: Auto-saving content packages took 0.023
[2020.02.10-21.33.53:479][818]BlueprintLog: New page: Compile BP_Drowned
[2020.02.10-21.33.53:615][818]LogUObjectHash: Compacting FUObjectHashTables data took   4.31ms
[2020.02.10-21.36.43:355][539]LogAssetEditorManager: Opening Asset editor for Blueprint /Game/ThirdPersonCPP/Blueprints/ThirdPersonCharacter.ThirdPersonCharacter
[2020.02.10-21.36.45:757][785]LogAssetEditorManager: Opening Asset editor for Blueprint /Game/ThirdPersonCPP/Blueprints/ThirdPersonCharacter.ThirdPersonCharacter
[2020.02.10-21.36.59:403][315]BlueprintLog: New page: Compile ThirdPersonCharacter
[2020.02.10-21.36.59:542][315]LogUObjectHash: Compacting FUObjectHashTables data took   4.18ms
[2020.02.10-21.37.05:532][ 26]LogSavePackage: Moving '../../../../../Users/guo.lu8015/Desktop/Proto1/Proto1/CombatArena/Saved/ThirdPersonCharacter49607D2B4ACA3FC602851F99150ED155.tmp' to '../../../../../Users/guo.lu8015/Desktop/Proto1/Proto1/CombatArena/Content/ThirdPersonCPP/Blueprints/ThirdPersonCharacter.uasset'
[2020.02.10-21.37.06:487][135]LogSavePackage: Moving '../../../../../Users/guo.lu8015/Desktop/Proto1/Proto1/CombatArena/Saved/BP_Drowned9F6CDC8B4D9798A2C72F7CAA08893E99.tmp' to '../../../../../Users/guo.lu8015/Desktop/Proto1/Proto1/CombatArena/Content/ThirdPersonCPP/Blueprints/BP_Drowned.uasset'
[2020.02.10-21.40.55:113][935]BlueprintLog: New page: Compile BP_Drowned
[2020.02.10-21.40.55:253][935]LogUObjectHash: Compacting FUObjectHashTables data took   4.29ms
[2020.02.10-21.42.17:685][664]LogUObjectHash: Compacting FUObjectHashTables data took   3.94ms
[2020.02.10-21.42.17:833][664]LogSavePackage: Moving '../../../../../Users/guo.lu8015/Desktop/Proto1/Proto1/CombatArena/Saved/ThirdPersonExampleMap_Auto5E140F6144D2ED1DC4954F0AE51968C89.tmp' to '../../../../../Users/guo.lu8015/Desktop/Proto1/Proto1/CombatArena/Saved/Autosaves/Game/ThirdPersonCPP/Maps/ThirdPersonExampleMap_Auto5.umap'
[2020.02.10-21.42.17:835][664]LogFileHelpers: Editor autosave (incl. sublevels) for '/Game/ThirdPersonCPP/Maps/ThirdPersonExampleMap' took 0.179
[2020.02.10-21.42.17:835][664]LogFileHelpers: Editor autosave (incl. sublevels) for all levels took 0.179
[2020.02.10-21.42.17:836][664]OBJ SavePackage: Generating thumbnails for [1] asset(s) in package [/Game/ThirdPersonCPP/Blueprints/BP_Drowned] ([1] browsable assets)...
[2020.02.10-21.42.17:844][664]OBJ SavePackage:     Rendered thumbnail for [Blueprint /Game/ThirdPersonCPP/Blueprints/BP_Drowned.BP_Drowned]
[2020.02.10-21.42.17:844][664]OBJ SavePackage: Finished generating thumbnails for package [/Game/ThirdPersonCPP/Blueprints/BP_Drowned]
[2020.02.10-21.42.17:875][664]LogSavePackage: Moving '../../../../../Users/guo.lu8015/Desktop/Proto1/Proto1/CombatArena/Saved/BP_Drowned_Auto5B6D4CE2D4B8A18FCD25775ABC58E678E.tmp' to '../../../../../Users/guo.lu8015/Desktop/Proto1/Proto1/CombatArena/Saved/Autosaves/Game/ThirdPersonCPP/Blueprints/BP_Drowned_Auto5.uasset'
[2020.02.10-21.42.17:875][664]LogFileHelpers: Auto-saving content packages took 0.040
[2020.02.10-21.44.47:215][505]LogSavePackage: Moving '../../../../../Users/guo.lu8015/Desktop/Proto1/Proto1/CombatArena/Saved/BP_DrownedD1C708EF41E4F308E71D4AAD30E4D85B.tmp' to '../../../../../Users/guo.lu8015/Desktop/Proto1/Proto1/CombatArena/Content/ThirdPersonCPP/Blueprints/BP_Drowned.uasset'
[2020.02.10-21.46.20:790][346]LogSavePackage: Moving '../../../../../Users/guo.lu8015/Desktop/Proto1/Proto1/CombatArena/Saved/ThirdPersonCharacterFBC9087C496CD842A48413AF4EB24458.tmp' to '../../../../../Users/guo.lu8015/Desktop/Proto1/Proto1/CombatArena/Content/ThirdPersonCPP/Blueprints/ThirdPersonCharacter.uasset'
